Log file open, 10/03/25 20:12:16
LogWindows: Failed to load 'aqProf.dll' (GetLastError=126)
LogWindows: File 'aqProf.dll' does not exist
LogWindows: Failed to load 'VtuneApi.dll' (GetLastError=126)
LogWindows: File 'VtuneApi.dll' does not exist
LogWindows: Failed to load 'VtuneApi32e.dll' (GetLastError=126)
LogWindows: File 'VtuneApi32e.dll' does not exist
LogConsoleResponse: Display: Failed to find resolution value strings in scalability ini. Falling back to default.
LogConsoleResponse: Display: Failed to find resolution value strings in scalability ini. Falling back to default.
LogInit: Display: Running engine for game: evilsidescrooler
LogPlatformFile: Not using cached read wrapper
LogTaskGraph: Started task graph with 5 named threads and 47 total threads with 3 sets of task threads.
LogStats: Stats thread started at 0.158673
LogICUInternationalization: ICU TimeZone Detection - Raw Offset: -5:00, Platform Override: ''
LogInit: Display: Loading text-based GConfig....
LogPluginManager: Mounting plugin MeshPainting
LogPluginManager: Mounting plugin XGEController
LogPluginManager: Mounting plugin Paper2D
LogPluginManager: Mounting plugin LiveLink
LogPluginManager: Mounting plugin EnvironmentQueryEditor
LogPluginManager: Mounting plugin AISupport
LogPluginManager: Mounting plugin LightPropagationVolume
LogPluginManager: Mounting plugin CameraShakePreviewer
LogPluginManager: Mounting plugin CodeLiteSourceCodeAccess
LogPluginManager: Mounting plugin NullSourceCodeAccess
LogPluginManager: Mounting plugin AnimationSharing
LogPluginManager: Mounting plugin PixWinPlugin
LogPluginManager: Mounting plugin PluginUtils
LogPluginManager: Mounting plugin PerforceSourceControl
LogPluginManager: Mounting plugin PropertyAccessNode
LogPluginManager: Mounting plugin RiderSourceCodeAccess
LogPluginManager: Mounting plugin KDevelopSourceCodeAccess
LogPluginManager: Mounting plugin SubversionSourceControl
LogPluginManager: Mounting plugin GitSourceControl
LogPluginManager: Mounting plugin CLionSourceCodeAccess
LogPluginManager: Mounting plugin VisualStudioSourceCodeAccess
LogPluginManager: Mounting plugin PlasticSourceControl
LogPluginManager: Mounting plugin UObjectPlugin
LogPluginManager: Mounting plugin VisualStudioCodeSourceCodeAccess
LogPluginManager: Mounting plugin GameplayCameras
LogPluginManager: Mounting plugin XCodeSourceCodeAccess
LogPluginManager: Mounting plugin AssetManagerEditor
LogPluginManager: Mounting plugin TextureFormatOodle
LogPluginManager: Mounting plugin CryptoKeys
LogPluginManager: Mounting plugin CurveEditorTools
LogPluginManager: Mounting plugin DataValidation
LogPluginManager: Mounting plugin FacialAnimation
LogPluginManager: Mounting plugin GameplayTagsEditor
LogPluginManager: Mounting plugin GeometryMode
LogPluginManager: Mounting plugin MacGraphicsSwitching
LogPluginManager: Mounting plugin MobileLauncherProfileWizard
LogPluginManager: Mounting plugin PluginBrowser
LogPluginManager: Mounting plugin SpeedTreeImporter
LogPluginManager: Mounting plugin MaterialAnalyzer
LogPluginManager: Mounting plugin AlembicImporter
LogPluginManager: Mounting plugin AutomationUtils
LogPluginManager: Mounting plugin BackChannel
LogPluginManager: Mounting plugin ChaosCloth
LogPluginManager: Mounting plugin ChaosEditor
LogPluginManager: Mounting plugin ChaosClothEditor
LogPluginManager: Mounting plugin CharacterAI
LogPluginManager: Mounting plugin ChaosSolverPlugin
LogPluginManager: Mounting plugin ChaosNiagara
LogPluginManager: Mounting plugin GeometryCache
LogPluginManager: Mounting plugin GeometryCollectionPlugin
LogPluginManager: Mounting plugin Niagara
LogPluginManager: Mounting plugin GeometryProcessing
LogPluginManager: Mounting plugin MotoSynth
LogPluginManager: Mounting plugin PythonScriptPlugin
LogPluginManager: Mounting plugin OpenImageDenoise
LogPluginManager: Mounting plugin ProxyLODPlugin
LogPluginManager: Mounting plugin PlatformCrypto
LogPluginManager: Mounting plugin PlanarCut
LogPluginManager: Mounting plugin SkeletalReduction
LogPluginManager: Mounting plugin LuminPlatformFeatures
LogPluginManager: Mounting plugin MagicLeap
LogPluginManager: Mounting plugin MagicLeapLightEstimation
LogPluginManager: Mounting plugin MagicLeapMedia
LogPluginManager: Mounting plugin MagicLeapPassableWorld
LogPluginManager: Mounting plugin MLSDK
LogPluginManager: Mounting plugin PaperZD
LogPluginManager: Mounting plugin ActorSequence
LogPluginManager: Mounting plugin UdpMessaging
LogPluginManager: Mounting plugin TcpMessaging
LogPluginManager: Mounting plugin MatineeToLevelSequence
LogPluginManager: Mounting plugin LevelSequenceEditor
LogPluginManager: Mounting plugin TemplateSequence
LogPluginManager: Mounting plugin AndroidMedia
LogPluginManager: Mounting plugin AvfMedia
LogPluginManager: Mounting plugin ImgMedia
LogPluginManager: Mounting plugin MediaCompositing
LogPluginManager: Mounting plugin MediaPlayerEditor
LogPluginManager: Mounting plugin WmfMedia
LogPluginManager: Mounting plugin WebMMedia
LogPluginManager: Mounting plugin OnlineSubsystem
LogPluginManager: Mounting plugin OnlineSubsystemNull
LogPluginManager: Mounting plugin OnlineSubsystemUtils
LogPluginManager: Mounting plugin LauncherChunkInstaller
LogPluginManager: Mounting plugin ActorLayerUtilities
LogPluginManager: Mounting plugin AndroidDeviceProfileSelector
LogPluginManager: Mounting plugin AndroidPermission
LogPluginManager: Mounting plugin AndroidMoviePlayer
LogPluginManager: Mounting plugin AppleImageUtils
LogPluginManager: Mounting plugin AppleMoviePlayer
LogPluginManager: Mounting plugin ArchVisCharacter
LogPluginManager: Mounting plugin AudioCapture
LogPluginManager: Mounting plugin AssetTags
LogPluginManager: Mounting plugin AudioSynesthesia
LogPluginManager: Mounting plugin CableComponent
LogPluginManager: Mounting plugin ChunkDownloader
LogPluginManager: Mounting plugin CustomMeshComponent
LogPluginManager: Mounting plugin EditableMesh
LogPluginManager: Mounting plugin ExampleDeviceProfileSelector
LogPluginManager: Mounting plugin GoogleCloudMessaging
LogPluginManager: Mounting plugin GooglePAD
LogPluginManager: Mounting plugin ScreenshotTools
LogPluginManager: Mounting plugin IOSDeviceProfileSelector
LogPluginManager: Mounting plugin LocationServicesBPLibrary
LogPluginManager: Mounting plugin LinuxDeviceProfileSelector
LogPluginManager: Mounting plugin MobilePatchingUtils
LogPluginManager: Mounting plugin OpenXR
LogPluginManager: Mounting plugin OpenXREyeTracker
LogPluginManager: Mounting plugin OpenXRHandTracking
LogPluginManager: Mounting plugin PhysXVehicles
LogPluginManager: Mounting plugin PostSplashScreen
LogPluginManager: Mounting plugin ProceduralMeshComponent
LogPluginManager: Mounting plugin PropertyAccessEditor
LogPluginManager: Mounting plugin RuntimePhysXCooking
LogPluginManager: Mounting plugin SignificanceManager
LogPluginManager: Mounting plugin SoundFields
LogPluginManager: Mounting plugin Synthesis
LogPluginManager: Mounting plugin WindowsMoviePlayer
LogPluginManager: Mounting plugin Takes
LogPluginManager: Mounting plugin DatasmithContent
LogPluginManager: Mounting plugin WebMMoviePlayer
LogPluginManager: Mounting plugin OodleData
LogPluginManager: Mounting plugin VariantManagerContent
LogPluginManager: Mounting plugin OodleNetwork
LogPluginManager: Mounting plugin ContentBrowserAssetDataSource
LogPluginManager: Mounting plugin ContentBrowserClassDataSource
LogPluginManager: Mounting plugin ContentBrowserFileDataSource
LogPluginManager: Mounting plugin OnlineSubsystemGooglePlay
LogPluginManager: Mounting plugin OnlineSubsystemIOS
LogPluginManager: Mounting plugin OculusVR
LogPluginManager: Mounting plugin SteamVR
PixWinPlugin: PIX capture plugin failed to initialize! Check that the process is launched from PIX.
LogInit: Using libcurl 7.55.1-DEV
LogInit:  - built for x86_64-pc-win32
LogInit:  - supports SSL with OpenSSL/1.1.1
LogInit:  - supports HTTP deflate (compression) using libz 1.2.8
LogInit:  - other features:
LogInit:      CURL_VERSION_SSL
LogInit:      CURL_VERSION_LIBZ
LogInit:      CURL_VERSION_IPV6
LogInit:      CURL_VERSION_ASYNCHDNS
LogInit:      CURL_VERSION_LARGEFILE
LogInit:      CURL_VERSION_IDN
LogInit:  CurlRequestOptions (configurable via config and command line):
LogInit:  - bVerifyPeer = true  - Libcurl will verify peer certificate
LogInit:  - bUseHttpProxy = false  - Libcurl will NOT use HTTP proxy
LogInit:  - bDontReuseConnections = false  - Libcurl will reuse connections
LogInit:  - MaxHostConnections = 16  - Libcurl will limit the number of connections to a host
LogInit:  - LocalHostAddr = Default
LogInit:  - BufferSize = 65536
LogOnline: OSS: Creating online subsystem instance for: NULL
LogInit: WinSock: version 1.1 (2.2), MaxSocks=32767, MaxUdp=65467
LogOnline: OSS: TryLoadSubsystemAndSetDefault: Loaded subsystem for module [NULL]
LogOculusPluginWrapper: OculusPlugin initialized successfully
LogHMD: Failed initializing OVRPlugin 1.59.0
LogInit: Build: ++UE4+Release-4.27-CL-18319896
LogInit: Engine Version: 4.27.2-18319896+++UE4+Release-4.27
LogInit: Compatible Engine Version: 4.27.0-17155196+++UE4+Release-4.27
LogInit: Net CL: 17155196
LogInit: OS: Windows 10 (Release 2009) (), CPU: AMD Ryzen 7 7800X3D 8-Core Processor           , GPU: NVIDIA GeForce RTX 4080
LogInit: Compiled (64-bit): Nov 30 2021 07:12:08
LogInit: Compiled with Visual C++: 19.24.28315.00
LogInit: Build Configuration: Development
LogInit: Branch Name: ++UE4+Release-4.27
LogInit: Command Line:  /Game/2DSideScrollerBP/Maps/world1 -game -PIEVIACONSOLE -Multiprocess "GameUserSettingsINI=C:/Users/Trent/Documents/Unreal Projects/evilsidescrooler/Saved/Config/Windows/PIEGameUserSettings0.ini" -MultiprocessSaveConfig -forcepassthrough -messaging -SessionName="Play in Standalone Game" -windowed -ResX=1280 -ResY=720
LogInit: Base Directory: C:/Program Files/Epic Games/UE_4.27/Engine/Binaries/Win64/
LogInit: Allocator: TBB
LogInit: Installed Engine Build: 1
LogDevObjectVersion: Number of dev versions registered: 29
LogDevObjectVersion:   Dev-Blueprints (B0D832E4-1F89-4F0D-ACCF-7EB736FD4AA2): 10
LogDevObjectVersion:   Dev-Build (E1C64328-A22C-4D53-A36C-8E866417BD8C): 0
LogDevObjectVersion:   Dev-Core (375EC13C-06E4-48FB-B500-84F0262A717E): 4
LogDevObjectVersion:   Dev-Editor (E4B068ED-F494-42E9-A231-DA0B2E46BB41): 40
LogDevObjectVersion:   Dev-Framework (CFFC743F-43B0-4480-9391-14DF171D2073): 37
LogDevObjectVersion:   Dev-Mobile (B02B49B5-BB20-44E9-A304-32B752E40360): 3
LogDevObjectVersion:   Dev-Networking (A4E4105C-59A1-49B5-A7C5-40C4547EDFEE): 0
LogDevObjectVersion:   Dev-Online (39C831C9-5AE6-47DC-9A44-9C173E1C8E7C): 0
LogDevObjectVersion:   Dev-Physics (78F01B33-EBEA-4F98-B9B4-84EACCB95AA2): 14
LogDevObjectVersion:   Dev-Platform (6631380F-2D4D-43E0-8009-CF276956A95A): 0
LogDevObjectVersion:   Dev-Rendering (12F88B9F-8875-4AFC-A67C-D90C383ABD29): 45
LogDevObjectVersion:   Dev-Sequencer (7B5AE74C-D270-4C10-A958-57980B212A5A): 13
LogDevObjectVersion:   Dev-VR (D7296918-1DD6-4BDD-9DE2-64A83CC13884): 3
LogDevObjectVersion:   Dev-LoadTimes (C2A15278-BFE7-4AFE-6C17-90FF531DF755): 1
LogDevObjectVersion:   Private-Geometry (6EACA3D4-40EC-4CC1-B786-8BED09428FC5): 3
LogDevObjectVersion:   Dev-AnimPhys (29E575DD-E0A3-4627-9D10-D276232CDCEA): 17
LogDevObjectVersion:   Dev-Anim (AF43A65D-7FD3-4947-9873-3E8ED9C1BB05): 15
LogDevObjectVersion:   Dev-ReflectionCapture (6B266CEC-1EC7-4B8F-A30B-E4D90942FC07): 1
LogDevObjectVersion:   Dev-Automation (0DF73D61-A23F-47EA-B727-89E90C41499A): 1
LogDevObjectVersion:   FortniteMain (601D1886-AC64-4F84-AA16-D3DE0DEAC7D6): 47
LogDevObjectVersion:   FortniteRelease (E7086368-6B23-4C58-8439-1B7016265E91): 1
LogDevObjectVersion:   Dev-Enterprise (9DFFBCD6-494F-0158-E221-12823C92A888): 10
LogDevObjectVersion:   Dev-Niagara (F2AED0AC-9AFE-416F-8664-AA7FFA26D6FC): 1
LogDevObjectVersion:   Dev-Destruction (174F1F0B-B4C6-45A5-B13F-2EE8D0FB917D): 10
LogDevObjectVersion:   Dev-Physics-Ext (35F94A83-E258-406C-A318-09F59610247C): 41
LogDevObjectVersion:   Dev-PhysicsMaterial-Chaos (B68FC16E-8B1B-42E2-B453-215C058844FE): 1
LogDevObjectVersion:   Dev-CineCamera (B2E18506-4273-CFC2-A54E-F4BB758BBA07): 1
LogDevObjectVersion:   Dev-VirtualProduction (64F58936-FD1B-42BA-BA96-7289D5D0FA4E): 1
LogDevObjectVersion:   Dev-MediaFramework (6F0ED827-A609-4895-9C91-998D90180EA4): 2
LogInit: Presizing for max 25165824 objects, including 0 objects not considered by GC, pre-allocating 0 bytes for permanent pool.
LogConfig: Applying CVar settings from Section [/Script/Engine.StreamingSettings] File [C:/Users/Trent/Documents/Unreal Projects/evilsidescrooler/Saved/Config/Windows/Engine.ini]
LogConfig: Setting CVar [[s.MinBulkDataSizeForAsyncLoading:131072]]
LogConfig: Setting CVar [[s.AsyncLoadingThreadEnabled:0]]
LogConfig: Setting CVar [[s.EventDrivenLoaderEnabled:1]]
LogConfig: Setting CVar [[s.WarnIfTimeLimitExceeded:0]]
LogConfig: Setting CVar [[s.TimeLimitExceededMultiplier:1.5]]
LogConfig: Setting CVar [[s.TimeLimitExceededMinTime:0.005]]
LogConfig: Setting CVar [[s.UseBackgroundLevelStreaming:1]]
LogConfig: Setting CVar [[s.PriorityAsyncLoadingExtraTime:15.0]]
LogConfig: Setting CVar [[s.LevelStreamingActorsUpdateTimeLimit:5.0]]
LogConfig: Setting CVar [[s.PriorityLevelStreamingActorsUpdateExtraTime:5.0]]
LogConfig: Setting CVar [[s.LevelStreamingComponentsRegistrationGranularity:10]]
LogConfig: Setting CVar [[s.UnregisterComponentsTimeLimit:1.0]]
LogConfig: Setting CVar [[s.LevelStreamingComponentsUnregistrationGranularity:5]]
LogConfig: Setting CVar [[s.FlushStreamingOnExit:1]]
LogInit: Object subsystem initialized
LogConfig: Setting CVar [[con.DebugEarlyDefault:1]]
LogConfig: Setting CVar [[r.setres:1280x720]]
[2025.10.04-00.12.17:083][  0]LogConfig: Setting CVar [[con.DebugEarlyDefault:1]]
[2025.10.04-00.12.17:083][  0]LogConfig: Setting CVar [[r.setres:1280x720]]
[2025.10.04-00.12.17:083][  0]LogConfig: Applying CVar settings from Section [/Script/Engine.RendererSettings] File [C:/Users/Trent/Documents/Unreal Projects/evilsidescrooler/Saved/Config/Windows/Engine.ini]
[2025.10.04-00.12.17:083][  0]LogConfig: Setting CVar [[r.GPUCrashDebugging:0]]
[2025.10.04-00.12.17:083][  0]LogConfig: Setting CVar [[r.Mobile.DisableVertexFog:1]]
[2025.10.04-00.12.17:083][  0]LogConfig: Setting CVar [[r.Shadow.CSM.MaxMobileCascades:2]]
[2025.10.04-00.12.17:083][  0]LogConfig: Setting CVar [[r.MobileMSAA:1]]
[2025.10.04-00.12.17:083][  0]LogConfig: Setting CVar [[r.Mobile.AllowDitheredLODTransition:0]]
[2025.10.04-00.12.17:083][  0]LogConfig: Setting CVar [[r.Mobile.AllowSoftwareOcclusion:0]]
[2025.10.04-00.12.17:083][  0]LogConfig: Setting CVar [[r.Mobile.VirtualTextures:0]]
[2025.10.04-00.12.17:083][  0]LogConfig: Setting CVar [[r.DiscardUnusedQuality:0]]
[2025.10.04-00.12.17:083][  0]LogConfig: Setting CVar [[r.AllowOcclusionQueries:1]]
[2025.10.04-00.12.17:083][  0]LogConfig: Setting CVar [[r.MinScreenRadiusForLights:0.030000]]
[2025.10.04-00.12.17:083][  0]LogConfig: Setting CVar [[r.MinScreenRadiusForDepthPrepass:0.030000]]
[2025.10.04-00.12.17:083][  0]LogConfig: Setting CVar [[r.MinScreenRadiusForCSMDepth:0.010000]]
[2025.10.04-00.12.17:083][  0]LogConfig: Setting CVar [[r.PrecomputedVisibilityWarning:0]]
[2025.10.04-00.12.17:083][  0]LogConfig: Setting CVar [[r.TextureStreaming:1]]
[2025.10.04-00.12.17:083][  0]LogConfig: Setting CVar [[Compat.UseDXT5NormalMaps:0]]
[2025.10.04-00.12.17:083][  0]LogConfig: Setting CVar [[r.VirtualTextures:0]]
[2025.10.04-00.12.17:083][  0]LogConfig: Setting CVar [[r.VT.EnableAutoImport:1]]
[2025.10.04-00.12.17:083][  0]LogConfig: Setting CVar [[r.VirtualTexturedLightmaps:0]]
[2025.10.04-00.12.17:083][  0]LogConfig: Setting CVar [[r.VT.TileSize:128]]
[2025.10.04-00.12.17:083][  0]LogConfig: Setting CVar [[r.VT.TileBorderSize:4]]
[2025.10.04-00.12.17:083][  0]LogConfig: Setting CVar [[r.vt.FeedbackFactor:16]]
[2025.10.04-00.12.17:083][  0]LogConfig: Setting CVar [[r.VT.EnableCompressZlib:1]]
[2025.10.04-00.12.17:083][  0]LogConfig: Setting CVar [[r.VT.EnableCompressCrunch:0]]
[2025.10.04-00.12.17:083][  0]LogConfig: Setting CVar [[r.ClearCoatNormal:0]]
[2025.10.04-00.12.17:083][  0]LogConfig: Setting CVar [[r.ReflectionCaptureResolution:128]]
[2025.10.04-00.12.17:083][  0]LogConfig: Setting CVar [[r.Mobile.ReflectionCaptureCompression:0]]
[2025.10.04-00.12.17:083][  0]LogConfig: Setting CVar [[r.ReflectionEnvironmentLightmapMixBasedOnRoughness:1]]
[2025.10.04-00.12.17:083][  0]LogConfig: Setting CVar [[r.ForwardShading:0]]
[2025.10.04-00.12.17:083][  0]LogConfig: Setting CVar [[r.VertexFoggingForOpaque:1]]
[2025.10.04-00.12.17:083][  0]LogConfig: Setting CVar [[r.AllowStaticLighting:1]]
[2025.10.04-00.12.17:083][  0]LogConfig: Setting CVar [[r.NormalMapsForStaticLighting:0]]
[2025.10.04-00.12.17:083][  0]LogConfig: Setting CVar [[r.GenerateMeshDistanceFields:0]]
[2025.10.04-00.12.17:083][  0]LogConfig: Setting CVar [[r.DistanceFieldBuild.EightBit:0]]
[2025.10.04-00.12.17:083][  0]LogConfig: Setting CVar [[r.GenerateLandscapeGIData:0]]
[2025.10.04-00.12.17:083][  0]LogConfig: Setting CVar [[r.DistanceFieldBuild.Compress:0]]
[2025.10.04-00.12.17:083][  0]LogConfig: Setting CVar [[r.TessellationAdaptivePixelsPerTriangle:48.000000]]
[2025.10.04-00.12.17:083][  0]LogConfig: Setting CVar [[r.SeparateTranslucency:1]]
[2025.10.04-00.12.17:083][  0]LogConfig: Setting CVar [[r.TranslucentSortPolicy:0]]
[2025.10.04-00.12.17:083][  0]LogConfig: Setting CVar [[vr.VRS.HMDFixedFoveationLevel:0]]
[2025.10.04-00.12.17:083][  0]LogConfig: Setting CVar [[r.CustomDepth:1]]
[2025.10.04-00.12.17:083][  0]LogConfig: Setting CVar [[r.CustomDepthTemporalAAJitter:1]]
[2025.10.04-00.12.17:083][  0]LogConfig: Setting CVar [[r.PostProcessing.PropagateAlpha:0]]
[2025.10.04-00.12.17:083][  0]LogConfig: Setting CVar [[r.DefaultFeature.Bloom:1]]
[2025.10.04-00.12.17:083][  0]LogConfig: Setting CVar [[r.DefaultFeature.AmbientOcclusion:1]]
[2025.10.04-00.12.17:083][  0]LogConfig: Setting CVar [[r.DefaultFeature.AmbientOcclusionStaticFraction:1]]
[2025.10.04-00.12.17:083][  0]LogConfig: Setting CVar [[r.DefaultFeature.AutoExposure:0]]
[2025.10.04-00.12.17:083][  0]LogConfig: Setting CVar [[r.DefaultFeature.AutoExposure.Method:0]]
[2025.10.04-00.12.17:083][  0]LogConfig: Setting CVar [[r.DefaultFeature.AutoExposure.Bias:1.000000]]
[2025.10.04-00.12.17:083][  0]LogConfig: Setting CVar [[r.DefaultFeature.AutoExposure.ExtendDefaultLuminanceRange:0]]
[2025.10.04-00.12.17:083][  0]LogConfig: Setting CVar [[r.UsePreExposure:1]]
[2025.10.04-00.12.17:083][  0]LogConfig: Setting CVar [[r.EyeAdaptation.EditorOnly:0]]
[2025.10.04-00.12.17:083][  0]LogConfig: Setting CVar [[r.DefaultFeature.MotionBlur:0]]
[2025.10.04-00.12.17:083][  0]LogConfig: Setting CVar [[r.DefaultFeature.LensFlare:0]]
[2025.10.04-00.12.17:083][  0]LogConfig: Setting CVar [[r.TemporalAA.Upsampling:0]]
[2025.10.04-00.12.17:083][  0]LogConfig: Setting CVar [[r.SSGI.Enable:0]]
[2025.10.04-00.12.17:083][  0]LogConfig: Setting CVar [[r.DefaultFeature.AntiAliasing:1]]
[2025.10.04-00.12.17:083][  0]LogConfig: Setting CVar [[r.DefaultFeature.LightUnits:1]]
[2025.10.04-00.12.17:083][  0]LogConfig: Setting CVar [[r.DefaultBackBufferPixelFormat:4]]
[2025.10.04-00.12.17:083][  0]LogConfig: Setting CVar [[r.Shadow.UnbuiltPreviewInGame:1]]
[2025.10.04-00.12.17:083][  0]LogConfig: Setting CVar [[r.StencilForLODDither:0]]
[2025.10.04-00.12.17:083][  0]LogConfig: Setting CVar [[r.EarlyZPass:3]]
[2025.10.04-00.12.17:083][  0]LogConfig: Setting CVar [[r.EarlyZPassOnlyMaterialMasking:0]]
[2025.10.04-00.12.17:083][  0]LogConfig: Setting CVar [[r.DBuffer:1]]
[2025.10.04-00.12.17:083][  0]LogConfig: Setting CVar [[r.ClearSceneMethod:1]]
[2025.10.04-00.12.17:083][  0]LogConfig: Setting CVar [[r.BasePassOutputsVelocity:0]]
[2025.10.04-00.12.17:083][  0]LogConfig: Setting CVar [[r.VertexDeformationOutputsVelocity:0]]
[2025.10.04-00.12.17:083][  0]LogConfig: Setting CVar [[r.SelectiveBasePassOutputs:0]]
[2025.10.04-00.12.17:083][  0]LogConfig: Setting CVar [[fx.GPUSimulationTextureSizeX:1024]]
[2025.10.04-00.12.17:083][  0]LogConfig: Setting CVar [[fx.GPUSimulationTextureSizeY:1024]]
[2025.10.04-00.12.17:083][  0]LogConfig: Setting CVar [[r.AllowGlobalClipPlane:0]]
[2025.10.04-00.12.17:083][  0]LogConfig: Setting CVar [[r.GBufferFormat:1]]
[2025.10.04-00.12.17:083][  0]LogConfig: Setting CVar [[r.MorphTarget.Mode:1]]
[2025.10.04-00.12.17:083][  0]LogConfig: Setting CVar [[vr.InstancedStereo:0]]
[2025.10.04-00.12.17:083][  0]LogConfig: Setting CVar [[r.MobileHDR:0]]
[2025.10.04-00.12.17:083][  0]LogConfig: Setting CVar [[vr.MobileMultiView:0]]
[2025.10.04-00.12.17:083][  0]LogConfig: Setting CVar [[r.Mobile.UseHWsRGBEncoding:0]]
[2025.10.04-00.12.17:083][  0]LogConfig: Setting CVar [[vr.RoundRobinOcclusion:0]]
[2025.10.04-00.12.17:083][  0]LogConfig: Setting CVar [[vr.ODSCapture:0]]
[2025.10.04-00.12.17:083][  0]LogConfig: Setting CVar [[r.MeshStreaming:0]]
[2025.10.04-00.12.17:083][  0]LogConfig: Setting CVar [[r.WireframeCullThreshold:5.000000]]
[2025.10.04-00.12.17:083][  0]LogConfig: Setting CVar [[r.RayTracing:0]]
[2025.10.04-00.12.17:083][  0]LogConfig: Setting CVar [[r.RayTracing.UseTextureLod:0]]
[2025.10.04-00.12.17:083][  0]LogConfig: Setting CVar [[r.SupportStationarySkylight:1]]
[2025.10.04-00.12.17:083][  0]LogConfig: Setting CVar [[r.SupportLowQualityLightmaps:1]]
[2025.10.04-00.12.17:083][  0]LogConfig: Setting CVar [[r.SupportPointLightWholeSceneShadows:1]]
[2025.10.04-00.12.17:083][  0]LogConfig: Setting CVar [[r.SupportAtmosphericFog:1]]
[2025.10.04-00.12.17:083][  0]LogConfig: Setting CVar [[r.SupportSkyAtmosphere:1]]
[2025.10.04-00.12.17:083][  0]LogConfig: Setting CVar [[r.SupportSkyAtmosphereAffectsHeightFog:0]]
[2025.10.04-00.12.17:083][  0]LogConfig: Setting CVar [[r.SkinCache.CompileShaders:0]]
[2025.10.04-00.12.17:083][  0]LogConfig: Setting CVar [[r.SkinCache.DefaultBehavior:1]]
[2025.10.04-00.12.17:083][  0]LogConfig: Setting CVar [[r.SkinCache.SceneMemoryLimitInMB:128.000000]]
[2025.10.04-00.12.17:083][  0]LogConfig: Setting CVar [[r.Mobile.EnableStaticAndCSMShadowReceivers:1]]
[2025.10.04-00.12.17:083][  0]LogConfig: Setting CVar [[r.Mobile.EnableMovableLightCSMShaderCulling:1]]
[2025.10.04-00.12.17:083][  0]LogConfig: Setting CVar [[r.Mobile.AllowDistanceFieldShadows:1]]
[2025.10.04-00.12.17:083][  0]LogConfig: Setting CVar [[r.Mobile.AllowMovableDirectionalLights:1]]
[2025.10.04-00.12.17:083][  0]LogConfig: Setting CVar [[r.MobileNumDynamicPointLights:4]]
[2025.10.04-00.12.17:083][  0]LogConfig: Setting CVar [[r.MobileDynamicPointLightsUseStaticBranch:1]]
[2025.10.04-00.12.17:083][  0]LogConfig: Setting CVar [[r.Mobile.EnableMovableSpotlights:0]]
[2025.10.04-00.12.17:083][  0]LogConfig: Setting CVar [[r.Mobile.EnableMovableSpotlightsShadow:0]]
[2025.10.04-00.12.17:083][  0]LogConfig: Setting CVar [[r.GPUSkin.Support16BitBoneIndex:0]]
[2025.10.04-00.12.17:083][  0]LogConfig: Setting CVar [[r.GPUSkin.Limit2BoneInfluences:0]]
[2025.10.04-00.12.17:083][  0]LogConfig: Setting CVar [[r.SupportDepthOnlyIndexBuffers:1]]
[2025.10.04-00.12.17:083][  0]LogConfig: Setting CVar [[r.SupportReversedIndexBuffers:1]]
[2025.10.04-00.12.17:083][  0]LogConfig: Setting CVar [[r.LightPropagationVolume:0]]
[2025.10.04-00.12.17:083][  0]LogConfig: Setting CVar [[r.Mobile.AmbientOcclusion:0]]
[2025.10.04-00.12.17:083][  0]LogConfig: Setting CVar [[r.GPUSkin.UnlimitedBoneInfluences:0]]
[2025.10.04-00.12.17:083][  0]LogConfig: Setting CVar [[r.GPUSkin.UnlimitedBoneInfluencesThreshold:8]]
[2025.10.04-00.12.17:083][  0]LogConfig: Setting CVar [[r.Mobile.PlanarReflectionMode:0]]
[2025.10.04-00.12.17:083][  0]LogConfig: Setting CVar [[r.Mobile.SupportsGen4TAA:0]]
[2025.10.04-00.12.17:083][  0]LogConfig: Applying CVar settings from Section [/Script/Engine.RendererOverrideSettings] File [C:/Users/Trent/Documents/Unreal Projects/evilsidescrooler/Saved/Config/Windows/Engine.ini]
[2025.10.04-00.12.17:083][  0]LogConfig: Applying CVar settings from Section [/Script/Engine.StreamingSettings] File [C:/Users/Trent/Documents/Unreal Projects/evilsidescrooler/Saved/Config/Windows/Engine.ini]
[2025.10.04-00.12.17:083][  0]LogConfig: Setting CVar [[s.MinBulkDataSizeForAsyncLoading:131072]]
[2025.10.04-00.12.17:083][  0]LogConfig: Setting CVar [[s.AsyncLoadingThreadEnabled:0]]
[2025.10.04-00.12.17:083][  0]LogConfig: Setting CVar [[s.EventDrivenLoaderEnabled:1]]
[2025.10.04-00.12.17:083][  0]LogConfig: Setting CVar [[s.WarnIfTimeLimitExceeded:0]]
[2025.10.04-00.12.17:083][  0]LogConfig: Setting CVar [[s.TimeLimitExceededMultiplier:1.5]]
[2025.10.04-00.12.17:083][  0]LogConfig: Setting CVar [[s.TimeLimitExceededMinTime:0.005]]
[2025.10.04-00.12.17:083][  0]LogConfig: Setting CVar [[s.UseBackgroundLevelStreaming:1]]
[2025.10.04-00.12.17:083][  0]LogConfig: Setting CVar [[s.PriorityAsyncLoadingExtraTime:15.0]]
[2025.10.04-00.12.17:083][  0]LogConfig: Setting CVar [[s.LevelStreamingActorsUpdateTimeLimit:5.0]]
[2025.10.04-00.12.17:083][  0]LogConfig: Setting CVar [[s.PriorityLevelStreamingActorsUpdateExtraTime:5.0]]
[2025.10.04-00.12.17:083][  0]LogConfig: Setting CVar [[s.LevelStreamingComponentsRegistrationGranularity:10]]
[2025.10.04-00.12.17:083][  0]LogConfig: Setting CVar [[s.UnregisterComponentsTimeLimit:1.0]]
[2025.10.04-00.12.17:083][  0]LogConfig: Setting CVar [[s.LevelStreamingComponentsUnregistrationGranularity:5]]
[2025.10.04-00.12.17:084][  0]LogConfig: Setting CVar [[s.FlushStreamingOnExit:1]]
[2025.10.04-00.12.17:084][  0]LogConfig: Applying CVar settings from Section [/Script/Engine.GarbageCollectionSettings] File [C:/Users/Trent/Documents/Unreal Projects/evilsidescrooler/Saved/Config/Windows/Engine.ini]
[2025.10.04-00.12.17:084][  0]LogConfig: Setting CVar [[gc.MaxObjectsNotConsideredByGC:1]]
[2025.10.04-00.12.17:084][  0]LogConfig: Setting CVar [[gc.SizeOfPermanentObjectPool:0]]
[2025.10.04-00.12.17:084][  0]LogConfig: Setting CVar [[gc.FlushStreamingOnGC:0]]
[2025.10.04-00.12.17:084][  0]LogConfig: Setting CVar [[gc.NumRetriesBeforeForcingGC:10]]
[2025.10.04-00.12.17:084][  0]LogConfig: Setting CVar [[gc.AllowParallelGC:1]]
[2025.10.04-00.12.17:084][  0]LogConfig: Setting CVar [[gc.TimeBetweenPurgingPendingKillObjects:61.1]]
[2025.10.04-00.12.17:084][  0]LogConfig: Setting CVar [[gc.MaxObjectsInEditor:25165824]]
[2025.10.04-00.12.17:084][  0]LogConfig: Setting CVar [[gc.IncrementalBeginDestroyEnabled:1]]
[2025.10.04-00.12.17:084][  0]LogConfig: Setting CVar [[gc.CreateGCClusters:1]]
[2025.10.04-00.12.17:084][  0]LogConfig: Setting CVar [[gc.MinGCClusterSize:5]]
[2025.10.04-00.12.17:084][  0]LogConfig: Setting CVar [[gc.ActorClusteringEnabled:0]]
[2025.10.04-00.12.17:084][  0]LogConfig: Setting CVar [[gc.BlueprintClusteringEnabled:0]]
[2025.10.04-00.12.17:084][  0]LogConfig: Setting CVar [[gc.UseDisregardForGCOnDedicatedServers:0]]
[2025.10.04-00.12.17:084][  0]LogConfig: Setting CVar [[gc.MultithreadedDestructionEnabled:1]]
[2025.10.04-00.12.17:084][  0]LogConfig: Applying CVar settings from Section [/Script/Engine.NetworkSettings] File [C:/Users/Trent/Documents/Unreal Projects/evilsidescrooler/Saved/Config/Windows/Engine.ini]
[2025.10.04-00.12.17:084][  0]LogConfig: Applying CVar settings from Section [/Script/UnrealEd.CookerSettings] File [C:/Users/Trent/Documents/Unreal Projects/evilsidescrooler/Saved/Config/Windows/Engine.ini]
[2025.10.04-00.12.17:100][  0]LogConfig: Applying CVar settings from Section [ViewDistanceQuality@3] File [C:/Users/Trent/Documents/Unreal Projects/evilsidescrooler/Saved/Config/Windows/Scalability.ini]
[2025.10.04-00.12.17:100][  0]LogConfig: Setting CVar [[r.SkeletalMeshLODBias:0]]
[2025.10.04-00.12.17:100][  0]LogConfig: Setting CVar [[r.ViewDistanceScale:1.0]]
[2025.10.04-00.12.17:100][  0]LogConfig: Applying CVar settings from Section [AntiAliasingQuality@3] File [C:/Users/Trent/Documents/Unreal Projects/evilsidescrooler/Saved/Config/Windows/Scalability.ini]
[2025.10.04-00.12.17:100][  0]LogConfig: Setting CVar [[r.PostProcessAAQuality:4]]
[2025.10.04-00.12.17:100][  0]LogConfig: Applying CVar settings from Section [ShadowQuality@3] File [C:/Users/Trent/Documents/Unreal Projects/evilsidescrooler/Saved/Config/Windows/Scalability.ini]
[2025.10.04-00.12.17:100][  0]LogConfig: Setting CVar [[r.LightFunctionQuality:1]]
[2025.10.04-00.12.17:100][  0]LogConfig: Setting CVar [[r.ShadowQuality:5]]
[2025.10.04-00.12.17:100][  0]LogConfig: Setting CVar [[r.Shadow.CSM.MaxCascades:10]]
[2025.10.04-00.12.17:100][  0]LogConfig: Setting CVar [[r.Shadow.MaxResolution:2048]]
[2025.10.04-00.12.17:100][  0]LogConfig: Setting CVar [[r.Shadow.MaxCSMResolution:2048]]
[2025.10.04-00.12.17:100][  0]LogConfig: Setting CVar [[r.Shadow.RadiusThreshold:0.01]]
[2025.10.04-00.12.17:100][  0]LogConfig: Setting CVar [[r.Shadow.DistanceScale:1.0]]
[2025.10.04-00.12.17:100][  0]LogConfig: Setting CVar [[r.Shadow.CSM.TransitionScale:1.0]]
[2025.10.04-00.12.17:100][  0]LogConfig: Setting CVar [[r.Shadow.PreShadowResolutionFactor:1.0]]
[2025.10.04-00.12.17:100][  0]LogConfig: Setting CVar [[r.DistanceFieldShadowing:1]]
[2025.10.04-00.12.17:100][  0]LogConfig: Setting CVar [[r.DistanceFieldAO:1]]
[2025.10.04-00.12.17:100][  0]LogConfig: Setting CVar [[r.AOQuality:2]]
[2025.10.04-00.12.17:100][  0]LogConfig: Setting CVar [[r.VolumetricFog:1]]
[2025.10.04-00.12.17:100][  0]LogConfig: Setting CVar [[r.VolumetricFog.GridPixelSize:8]]
[2025.10.04-00.12.17:100][  0]LogConfig: Setting CVar [[r.VolumetricFog.GridSizeZ:128]]
[2025.10.04-00.12.17:100][  0]LogConfig: Setting CVar [[r.VolumetricFog.HistoryMissSupersampleCount:4]]
[2025.10.04-00.12.17:100][  0]LogConfig: Setting CVar [[r.LightMaxDrawDistanceScale:1]]
[2025.10.04-00.12.17:100][  0]LogConfig: Setting CVar [[r.CapsuleShadows:1]]
[2025.10.04-00.12.17:100][  0]LogConfig: Applying CVar settings from Section [PostProcessQuality@3] File [C:/Users/Trent/Documents/Unreal Projects/evilsidescrooler/Saved/Config/Windows/Scalability.ini]
[2025.10.04-00.12.17:100][  0]LogConfig: Setting CVar [[r.MotionBlurQuality:4]]
[2025.10.04-00.12.17:100][  0]LogConfig: Setting CVar [[r.AmbientOcclusionMipLevelFactor:0.4]]
[2025.10.04-00.12.17:100][  0]LogConfig: Setting CVar [[r.AmbientOcclusionMaxQuality:100]]
[2025.10.04-00.12.17:100][  0]LogConfig: Setting CVar [[r.AmbientOcclusionLevels:-1]]
[2025.10.04-00.12.17:100][  0]LogConfig: Setting CVar [[r.AmbientOcclusionRadiusScale:1.0]]
[2025.10.04-00.12.17:100][  0]LogConfig: Setting CVar [[r.DepthOfFieldQuality:2]]
[2025.10.04-00.12.17:100][  0]LogConfig: Setting CVar [[r.RenderTargetPoolMin:400]]
[2025.10.04-00.12.17:100][  0]LogConfig: Setting CVar [[r.LensFlareQuality:2]]
[2025.10.04-00.12.17:100][  0]LogConfig: Setting CVar [[r.SceneColorFringeQuality:1]]
[2025.10.04-00.12.17:100][  0]LogConfig: Setting CVar [[r.EyeAdaptationQuality:2]]
[2025.10.04-00.12.17:100][  0]LogConfig: Setting CVar [[r.BloomQuality:5]]
[2025.10.04-00.12.17:100][  0]LogConfig: Setting CVar [[r.FastBlurThreshold:100]]
[2025.10.04-00.12.17:100][  0]LogConfig: Setting CVar [[r.Upscale.Quality:3]]
[2025.10.04-00.12.17:100][  0]LogConfig: Setting CVar [[r.Tonemapper.GrainQuantization:1]]
[2025.10.04-00.12.17:100][  0]LogConfig: Setting CVar [[r.LightShaftQuality:1]]
[2025.10.04-00.12.17:100][  0]LogConfig: Setting CVar [[r.Filter.SizeScale:1]]
[2025.10.04-00.12.17:100][  0]LogConfig: Setting CVar [[r.Tonemapper.Quality:5]]
[2025.10.04-00.12.17:100][  0]LogConfig: Setting CVar [[r.DOF.Gather.AccumulatorQuality:1        ; higher gathering accumulator quality]]
[2025.10.04-00.12.17:100][  0]LogConfig: Setting CVar [[r.DOF.Gather.PostfilterMethod:1          ; Median3x3 postfilering method]]
[2025.10.04-00.12.17:100][  0]LogConfig: Setting CVar [[r.DOF.Gather.EnableBokehSettings:0       ; no bokeh simulation when gathering]]
[2025.10.04-00.12.17:100][  0]LogConfig: Setting CVar [[r.DOF.Gather.RingCount:4                 ; medium number of samples when gathering]]
[2025.10.04-00.12.17:100][  0]LogConfig: Setting CVar [[r.DOF.Scatter.ForegroundCompositing:1    ; additive foreground scattering]]
[2025.10.04-00.12.17:100][  0]LogConfig: Setting CVar [[r.DOF.Scatter.BackgroundCompositing:2    ; additive background scattering]]
[2025.10.04-00.12.17:100][  0]LogConfig: Setting CVar [[r.DOF.Scatter.EnableBokehSettings:1      ; bokeh simulation when scattering]]
[2025.10.04-00.12.17:100][  0]LogConfig: Setting CVar [[r.DOF.Scatter.MaxSpriteRatio:0.1         ; only a maximum of 10% of scattered bokeh]]
[2025.10.04-00.12.17:101][  0]LogConfig: Setting CVar [[r.DOF.Recombine.Quality:1                ; cheap slight out of focus]]
[2025.10.04-00.12.17:101][  0]LogConfig: Setting CVar [[r.DOF.Recombine.EnableBokehSettings:0    ; no bokeh simulation on slight out of focus]]
[2025.10.04-00.12.17:101][  0]LogConfig: Setting CVar [[r.DOF.TemporalAAQuality:1                ; more stable temporal accumulation]]
[2025.10.04-00.12.17:101][  0]LogConfig: Setting CVar [[r.DOF.Kernel.MaxForegroundRadius:0.025]]
[2025.10.04-00.12.17:101][  0]LogConfig: Setting CVar [[r.DOF.Kernel.MaxBackgroundRadius:0.025]]
[2025.10.04-00.12.17:101][  0]LogConfig: Applying CVar settings from Section [TextureQuality@3] File [C:/Users/Trent/Documents/Unreal Projects/evilsidescrooler/Saved/Config/Windows/Scalability.ini]
[2025.10.04-00.12.17:101][  0]LogConfig: Setting CVar [[r.Streaming.MipBias:0]]
[2025.10.04-00.12.17:101][  0]LogConfig: Setting CVar [[r.Streaming.AmortizeCPUToGPUCopy:0]]
[2025.10.04-00.12.17:101][  0]LogConfig: Setting CVar [[r.Streaming.MaxNumTexturesToStreamPerFrame:0]]
[2025.10.04-00.12.17:101][  0]LogConfig: Setting CVar [[r.Streaming.Boost:1]]
[2025.10.04-00.12.17:101][  0]LogConfig: Setting CVar [[r.MaxAnisotropy:8]]
[2025.10.04-00.12.17:101][  0]LogConfig: Setting CVar [[r.VT.MaxAnisotropy:8]]
[2025.10.04-00.12.17:101][  0]LogConfig: Setting CVar [[r.Streaming.LimitPoolSizeToVRAM:0]]
[2025.10.04-00.12.17:101][  0]LogConfig: Setting CVar [[r.Streaming.PoolSize:1000]]
[2025.10.04-00.12.17:101][  0]LogConfig: Setting CVar [[r.Streaming.MaxEffectiveScreenSize:0]]
[2025.10.04-00.12.17:101][  0]LogConfig: Applying CVar settings from Section [EffectsQuality@3] File [C:/Users/Trent/Documents/Unreal Projects/evilsidescrooler/Saved/Config/Windows/Scalability.ini]
[2025.10.04-00.12.17:101][  0]LogConfig: Setting CVar [[r.TranslucencyLightingVolumeDim:64]]
[2025.10.04-00.12.17:101][  0]LogConfig: Setting CVar [[r.RefractionQuality:2]]
[2025.10.04-00.12.17:101][  0]LogConfig: Setting CVar [[r.SSR.Quality:3]]
[2025.10.04-00.12.17:101][  0]LogConfig: Setting CVar [[r.SSR.HalfResSceneColor:0]]
[2025.10.04-00.12.17:101][  0]LogConfig: Setting CVar [[r.SceneColorFormat:4]]
[2025.10.04-00.12.17:101][  0]LogConfig: Setting CVar [[r.DetailMode:2]]
[2025.10.04-00.12.17:101][  0]LogConfig: Setting CVar [[r.TranslucencyVolumeBlur:1]]
[2025.10.04-00.12.17:101][  0]LogConfig: Setting CVar [[r.MaterialQualityLevel:1 ; High quality]]
[2025.10.04-00.12.17:101][  0]LogConfig: Setting CVar [[r.AnisotropicMaterials:1]]
[2025.10.04-00.12.17:101][  0]LogConfig: Setting CVar [[r.SSS.Scale:1]]
[2025.10.04-00.12.17:101][  0]LogConfig: Setting CVar [[r.SSS.SampleSet:2]]
[2025.10.04-00.12.17:101][  0]LogConfig: Setting CVar [[r.SSS.Quality:1]]
[2025.10.04-00.12.17:101][  0]LogConfig: Setting CVar [[r.SSS.HalfRes:0]]
[2025.10.04-00.12.17:101][  0]LogConfig: Setting CVar [[r.SSGI.Quality:3]]
[2025.10.04-00.12.17:101][  0]LogConfig: Setting CVar [[r.EmitterSpawnRateScale:1.0]]
[2025.10.04-00.12.17:101][  0]LogConfig: Setting CVar [[r.ParticleLightQuality:2]]
[2025.10.04-00.12.17:101][  0]LogConfig: Setting CVar [[r.SkyAtmosphere.AerialPerspectiveLUT.FastApplyOnOpaque:1 ; Always have FastSkyLUT 1 in this case to avoid wrong sky]]
[2025.10.04-00.12.17:101][  0]LogConfig: Setting CVar [[r.SkyAtmosphere.AerialPerspectiveLUT.SampleCountMaxPerSlice:4]]
[2025.10.04-00.12.17:101][  0]LogConfig: Setting CVar [[r.SkyAtmosphere.AerialPerspectiveLUT.DepthResolution:16.0]]
[2025.10.04-00.12.17:101][  0]LogConfig: Setting CVar [[r.SkyAtmosphere.FastSkyLUT:1]]
[2025.10.04-00.12.17:101][  0]LogConfig: Setting CVar [[r.SkyAtmosphere.FastSkyLUT.SampleCountMin:4.0]]
[2025.10.04-00.12.17:101][  0]LogConfig: Setting CVar [[r.SkyAtmosphere.FastSkyLUT.SampleCountMax:128.0]]
[2025.10.04-00.12.17:101][  0]LogConfig: Setting CVar [[r.SkyAtmosphere.SampleCountMin:4.0]]
[2025.10.04-00.12.17:101][  0]LogConfig: Setting CVar [[r.SkyAtmosphere.SampleCountMax:128.0]]
[2025.10.04-00.12.17:101][  0]LogConfig: Setting CVar [[r.SkyAtmosphere.TransmittanceLUT.UseSmallFormat:0]]
[2025.10.04-00.12.17:101][  0]LogConfig: Setting CVar [[r.SkyAtmosphere.TransmittanceLUT.SampleCount:10.0]]
[2025.10.04-00.12.17:101][  0]LogConfig: Setting CVar [[r.SkyAtmosphere.MultiScatteringLUT.SampleCount:15.0]]
[2025.10.04-00.12.17:101][  0]LogConfig: Setting CVar [[r.SkyLight.RealTimeReflectionCapture:1]]
[2025.10.04-00.12.17:101][  0]LogConfig: Applying CVar settings from Section [FoliageQuality@3] File [C:/Users/Trent/Documents/Unreal Projects/evilsidescrooler/Saved/Config/Windows/Scalability.ini]
[2025.10.04-00.12.17:101][  0]LogConfig: Setting CVar [[foliage.DensityScale:1.0]]
[2025.10.04-00.12.17:101][  0]LogConfig: Setting CVar [[grass.DensityScale:1.0]]
[2025.10.04-00.12.17:101][  0]LogConfig: Applying CVar settings from Section [ShadingQuality@3] File [C:/Users/Trent/Documents/Unreal Projects/evilsidescrooler/Saved/Config/Windows/Scalability.ini]
[2025.10.04-00.12.17:101][  0]LogConfig: Setting CVar [[r.HairStrands.SkyLighting.IntegrationType:2]]
[2025.10.04-00.12.17:101][  0]LogConfig: Setting CVar [[r.HairStrands.SkyAO.SampleCount:4]]
[2025.10.04-00.12.17:101][  0]LogConfig: Setting CVar [[r.HairStrands.Visibility.MSAA.SamplePerPixel:4]]
[2025.10.04-00.12.17:101][  0]LogInit: Selected Device Profile: [Windows]
[2025.10.04-00.12.17:101][  0]LogInit: Applying CVar settings loaded from the selected device profile: [Windows]
[2025.10.04-00.12.17:101][  0]LogHAL: Display: Platform has ~ 32 GB [33458302976 / 34359738368 / 32], which maps to Largest [LargestMinGB=32, LargerMinGB=12, DefaultMinGB=8, SmallerMinGB=6, SmallestMinGB=0)
[2025.10.04-00.12.17:101][  0]LogInit: Going up to parent DeviceProfile []
[2025.10.04-00.12.17:101][  0]LogConfig: Applying CVar settings from Section [ViewDistanceQuality@3] File [C:/Users/Trent/Documents/Unreal Projects/evilsidescrooler/Saved/Config/Windows/Scalability.ini]
[2025.10.04-00.12.17:101][  0]LogConfig: Setting CVar [[r.SkeletalMeshLODBias:0]]
[2025.10.04-00.12.17:101][  0]LogConfig: Setting CVar [[r.ViewDistanceScale:1.0]]
[2025.10.04-00.12.17:101][  0]LogConfig: Applying CVar settings from Section [AntiAliasingQuality@3] File [C:/Users/Trent/Documents/Unreal Projects/evilsidescrooler/Saved/Config/Windows/Scalability.ini]
[2025.10.04-00.12.17:101][  0]LogConfig: Setting CVar [[r.PostProcessAAQuality:4]]
[2025.10.04-00.12.17:101][  0]LogConfig: Applying CVar settings from Section [ShadowQuality@3] File [C:/Users/Trent/Documents/Unreal Projects/evilsidescrooler/Saved/Config/Windows/Scalability.ini]
[2025.10.04-00.12.17:101][  0]LogConfig: Setting CVar [[r.LightFunctionQuality:1]]
[2025.10.04-00.12.17:101][  0]LogConfig: Setting CVar [[r.ShadowQuality:5]]
[2025.10.04-00.12.17:101][  0]LogConfig: Setting CVar [[r.Shadow.CSM.MaxCascades:10]]
[2025.10.04-00.12.17:101][  0]LogConfig: Setting CVar [[r.Shadow.MaxResolution:2048]]
[2025.10.04-00.12.17:101][  0]LogConfig: Setting CVar [[r.Shadow.MaxCSMResolution:2048]]
[2025.10.04-00.12.17:101][  0]LogConfig: Setting CVar [[r.Shadow.RadiusThreshold:0.01]]
[2025.10.04-00.12.17:101][  0]LogConfig: Setting CVar [[r.Shadow.DistanceScale:1.0]]
[2025.10.04-00.12.17:101][  0]LogConfig: Setting CVar [[r.Shadow.CSM.TransitionScale:1.0]]
[2025.10.04-00.12.17:101][  0]LogConfig: Setting CVar [[r.Shadow.PreShadowResolutionFactor:1.0]]
[2025.10.04-00.12.17:101][  0]LogConfig: Setting CVar [[r.DistanceFieldShadowing:1]]
[2025.10.04-00.12.17:101][  0]LogConfig: Setting CVar [[r.DistanceFieldAO:1]]
[2025.10.04-00.12.17:101][  0]LogConfig: Setting CVar [[r.AOQuality:2]]
[2025.10.04-00.12.17:101][  0]LogConfig: Setting CVar [[r.VolumetricFog:1]]
[2025.10.04-00.12.17:101][  0]LogConfig: Setting CVar [[r.VolumetricFog.GridPixelSize:8]]
[2025.10.04-00.12.17:101][  0]LogConfig: Setting CVar [[r.VolumetricFog.GridSizeZ:128]]
[2025.10.04-00.12.17:101][  0]LogConfig: Setting CVar [[r.VolumetricFog.HistoryMissSupersampleCount:4]]
[2025.10.04-00.12.17:101][  0]LogConfig: Setting CVar [[r.LightMaxDrawDistanceScale:1]]
[2025.10.04-00.12.17:101][  0]LogConfig: Setting CVar [[r.CapsuleShadows:1]]
[2025.10.04-00.12.17:101][  0]LogConfig: Applying CVar settings from Section [PostProcessQuality@3] File [C:/Users/Trent/Documents/Unreal Projects/evilsidescrooler/Saved/Config/Windows/Scalability.ini]
[2025.10.04-00.12.17:101][  0]LogConfig: Setting CVar [[r.MotionBlurQuality:4]]
[2025.10.04-00.12.17:101][  0]LogConfig: Setting CVar [[r.AmbientOcclusionMipLevelFactor:0.4]]
[2025.10.04-00.12.17:101][  0]LogConfig: Setting CVar [[r.AmbientOcclusionMaxQuality:100]]
[2025.10.04-00.12.17:101][  0]LogConfig: Setting CVar [[r.AmbientOcclusionLevels:-1]]
[2025.10.04-00.12.17:101][  0]LogConfig: Setting CVar [[r.AmbientOcclusionRadiusScale:1.0]]
[2025.10.04-00.12.17:101][  0]LogConfig: Setting CVar [[r.DepthOfFieldQuality:2]]
[2025.10.04-00.12.17:101][  0]LogConfig: Setting CVar [[r.RenderTargetPoolMin:400]]
[2025.10.04-00.12.17:101][  0]LogConfig: Setting CVar [[r.LensFlareQuality:2]]
[2025.10.04-00.12.17:101][  0]LogConfig: Setting CVar [[r.SceneColorFringeQuality:1]]
[2025.10.04-00.12.17:101][  0]LogConfig: Setting CVar [[r.EyeAdaptationQuality:2]]
[2025.10.04-00.12.17:101][  0]LogConfig: Setting CVar [[r.BloomQuality:5]]
[2025.10.04-00.12.17:101][  0]LogConfig: Setting CVar [[r.FastBlurThreshold:100]]
[2025.10.04-00.12.17:101][  0]LogConfig: Setting CVar [[r.Upscale.Quality:3]]
[2025.10.04-00.12.17:101][  0]LogConfig: Setting CVar [[r.Tonemapper.GrainQuantization:1]]
[2025.10.04-00.12.17:101][  0]LogConfig: Setting CVar [[r.LightShaftQuality:1]]
[2025.10.04-00.12.17:101][  0]LogConfig: Setting CVar [[r.Filter.SizeScale:1]]
[2025.10.04-00.12.17:101][  0]LogConfig: Setting CVar [[r.Tonemapper.Quality:5]]
[2025.10.04-00.12.17:101][  0]LogConfig: Setting CVar [[r.DOF.Gather.AccumulatorQuality:1        ; higher gathering accumulator quality]]
[2025.10.04-00.12.17:101][  0]LogConfig: Setting CVar [[r.DOF.Gather.PostfilterMethod:1          ; Median3x3 postfilering method]]
[2025.10.04-00.12.17:101][  0]LogConfig: Setting CVar [[r.DOF.Gather.EnableBokehSettings:0       ; no bokeh simulation when gathering]]
[2025.10.04-00.12.17:101][  0]LogConfig: Setting CVar [[r.DOF.Gather.RingCount:4                 ; medium number of samples when gathering]]
[2025.10.04-00.12.17:101][  0]LogConfig: Setting CVar [[r.DOF.Scatter.ForegroundCompositing:1    ; additive foreground scattering]]
[2025.10.04-00.12.17:101][  0]LogConfig: Setting CVar [[r.DOF.Scatter.BackgroundCompositing:2    ; additive background scattering]]
[2025.10.04-00.12.17:101][  0]LogConfig: Setting CVar [[r.DOF.Scatter.EnableBokehSettings:1      ; bokeh simulation when scattering]]
[2025.10.04-00.12.17:101][  0]LogConfig: Setting CVar [[r.DOF.Scatter.MaxSpriteRatio:0.1         ; only a maximum of 10% of scattered bokeh]]
[2025.10.04-00.12.17:101][  0]LogConfig: Setting CVar [[r.DOF.Recombine.Quality:1                ; cheap slight out of focus]]
[2025.10.04-00.12.17:101][  0]LogConfig: Setting CVar [[r.DOF.Recombine.EnableBokehSettings:0    ; no bokeh simulation on slight out of focus]]
[2025.10.04-00.12.17:101][  0]LogConfig: Setting CVar [[r.DOF.TemporalAAQuality:1                ; more stable temporal accumulation]]
[2025.10.04-00.12.17:101][  0]LogConfig: Setting CVar [[r.DOF.Kernel.MaxForegroundRadius:0.025]]
[2025.10.04-00.12.17:101][  0]LogConfig: Setting CVar [[r.DOF.Kernel.MaxBackgroundRadius:0.025]]
[2025.10.04-00.12.17:101][  0]LogConfig: Applying CVar settings from Section [TextureQuality@3] File [C:/Users/Trent/Documents/Unreal Projects/evilsidescrooler/Saved/Config/Windows/Scalability.ini]
[2025.10.04-00.12.17:101][  0]LogConfig: Setting CVar [[r.Streaming.MipBias:0]]
[2025.10.04-00.12.17:101][  0]LogConfig: Setting CVar [[r.Streaming.AmortizeCPUToGPUCopy:0]]
[2025.10.04-00.12.17:101][  0]LogConfig: Setting CVar [[r.Streaming.MaxNumTexturesToStreamPerFrame:0]]
[2025.10.04-00.12.17:101][  0]LogConfig: Setting CVar [[r.Streaming.Boost:1]]
[2025.10.04-00.12.17:101][  0]LogConfig: Setting CVar [[r.MaxAnisotropy:8]]
[2025.10.04-00.12.17:101][  0]LogConfig: Setting CVar [[r.VT.MaxAnisotropy:8]]
[2025.10.04-00.12.17:101][  0]LogConfig: Setting CVar [[r.Streaming.LimitPoolSizeToVRAM:0]]
[2025.10.04-00.12.17:101][  0]LogConfig: Setting CVar [[r.Streaming.PoolSize:1000]]
[2025.10.04-00.12.17:101][  0]LogConfig: Setting CVar [[r.Streaming.MaxEffectiveScreenSize:0]]
[2025.10.04-00.12.17:101][  0]LogConfig: Applying CVar settings from Section [EffectsQuality@3] File [C:/Users/Trent/Documents/Unreal Projects/evilsidescrooler/Saved/Config/Windows/Scalability.ini]
[2025.10.04-00.12.17:101][  0]LogConfig: Setting CVar [[r.TranslucencyLightingVolumeDim:64]]
[2025.10.04-00.12.17:101][  0]LogConfig: Setting CVar [[r.RefractionQuality:2]]
[2025.10.04-00.12.17:101][  0]LogConfig: Setting CVar [[r.SSR.Quality:3]]
[2025.10.04-00.12.17:101][  0]LogConfig: Setting CVar [[r.SSR.HalfResSceneColor:0]]
[2025.10.04-00.12.17:101][  0]LogConfig: Setting CVar [[r.SceneColorFormat:4]]
[2025.10.04-00.12.17:101][  0]LogConfig: Setting CVar [[r.DetailMode:2]]
[2025.10.04-00.12.17:101][  0]LogConfig: Setting CVar [[r.TranslucencyVolumeBlur:1]]
[2025.10.04-00.12.17:101][  0]LogConfig: Setting CVar [[r.MaterialQualityLevel:1 ; High quality]]
[2025.10.04-00.12.17:101][  0]LogConfig: Setting CVar [[r.AnisotropicMaterials:1]]
[2025.10.04-00.12.17:101][  0]LogConfig: Setting CVar [[r.SSS.Scale:1]]
[2025.10.04-00.12.17:101][  0]LogConfig: Setting CVar [[r.SSS.SampleSet:2]]
[2025.10.04-00.12.17:101][  0]LogConfig: Setting CVar [[r.SSS.Quality:1]]
[2025.10.04-00.12.17:101][  0]LogConfig: Setting CVar [[r.SSS.HalfRes:0]]
[2025.10.04-00.12.17:101][  0]LogConfig: Setting CVar [[r.SSGI.Quality:3]]
[2025.10.04-00.12.17:101][  0]LogConfig: Setting CVar [[r.EmitterSpawnRateScale:1.0]]
[2025.10.04-00.12.17:101][  0]LogConfig: Setting CVar [[r.ParticleLightQuality:2]]
[2025.10.04-00.12.17:101][  0]LogConfig: Setting CVar [[r.SkyAtmosphere.AerialPerspectiveLUT.FastApplyOnOpaque:1 ; Always have FastSkyLUT 1 in this case to avoid wrong sky]]
[2025.10.04-00.12.17:101][  0]LogConfig: Setting CVar [[r.SkyAtmosphere.AerialPerspectiveLUT.SampleCountMaxPerSlice:4]]
[2025.10.04-00.12.17:101][  0]LogConfig: Setting CVar [[r.SkyAtmosphere.AerialPerspectiveLUT.DepthResolution:16.0]]
[2025.10.04-00.12.17:101][  0]LogConfig: Setting CVar [[r.SkyAtmosphere.FastSkyLUT:1]]
[2025.10.04-00.12.17:101][  0]LogConfig: Setting CVar [[r.SkyAtmosphere.FastSkyLUT.SampleCountMin:4.0]]
[2025.10.04-00.12.17:101][  0]LogConfig: Setting CVar [[r.SkyAtmosphere.FastSkyLUT.SampleCountMax:128.0]]
[2025.10.04-00.12.17:101][  0]LogConfig: Setting CVar [[r.SkyAtmosphere.SampleCountMin:4.0]]
[2025.10.04-00.12.17:101][  0]LogConfig: Setting CVar [[r.SkyAtmosphere.SampleCountMax:128.0]]
[2025.10.04-00.12.17:101][  0]LogConfig: Setting CVar [[r.SkyAtmosphere.TransmittanceLUT.UseSmallFormat:0]]
[2025.10.04-00.12.17:101][  0]LogConfig: Setting CVar [[r.SkyAtmosphere.TransmittanceLUT.SampleCount:10.0]]
[2025.10.04-00.12.17:101][  0]LogConfig: Setting CVar [[r.SkyAtmosphere.MultiScatteringLUT.SampleCount:15.0]]
[2025.10.04-00.12.17:101][  0]LogConfig: Setting CVar [[r.SkyLight.RealTimeReflectionCapture:1]]
[2025.10.04-00.12.17:101][  0]LogConfig: Applying CVar settings from Section [FoliageQuality@3] File [C:/Users/Trent/Documents/Unreal Projects/evilsidescrooler/Saved/Config/Windows/Scalability.ini]
[2025.10.04-00.12.17:102][  0]LogConfig: Setting CVar [[foliage.DensityScale:1.0]]
[2025.10.04-00.12.17:102][  0]LogConfig: Setting CVar [[grass.DensityScale:1.0]]
[2025.10.04-00.12.17:102][  0]LogConfig: Applying CVar settings from Section [ShadingQuality@3] File [C:/Users/Trent/Documents/Unreal Projects/evilsidescrooler/Saved/Config/Windows/Scalability.ini]
[2025.10.04-00.12.17:102][  0]LogConfig: Setting CVar [[r.HairStrands.SkyLighting.IntegrationType:2]]
[2025.10.04-00.12.17:102][  0]LogConfig: Setting CVar [[r.HairStrands.SkyAO.SampleCount:4]]
[2025.10.04-00.12.17:102][  0]LogConfig: Setting CVar [[r.HairStrands.Visibility.MSAA.SamplePerPixel:4]]
[2025.10.04-00.12.17:102][  0]LogConfig: Applying CVar settings from Section [Startup] File [../../../Engine/Config/ConsoleVariables.ini]
[2025.10.04-00.12.17:102][  0]LogConfig: Setting CVar [[net.UseAdaptiveNetUpdateFrequency:0]]
[2025.10.04-00.12.17:102][  0]LogConfig: Setting CVar [[p.chaos.AllowCreatePhysxBodies:1]]
[2025.10.04-00.12.17:102][  0]LogConfig: Setting CVar [[fx.SkipVectorVMBackendOptimizations:1]]
[2025.10.04-00.12.17:102][  0]LogConfig: Applying CVar settings from Section [ConsoleVariables] File [C:/Users/Trent/Documents/Unreal Projects/evilsidescrooler/Saved/Config/Windows/Engine.ini]
[2025.10.04-00.12.17:102][  0]LogConfig: Applying CVar settings from Section [ConsoleVariables] File [C:/Users/Trent/Documents/Unreal Projects/evilsidescrooler/Saved/Config/Windows/Editor.ini]
[2025.10.04-00.12.17:102][  0]LogInit: Computer: DESKTOP-D3JG689
[2025.10.04-00.12.17:102][  0]LogInit: User: Trent
[2025.10.04-00.12.17:102][  0]LogInit: CPU Page size=4096, Cores=8
[2025.10.04-00.12.17:102][  0]LogInit: High frequency timer resolution =10.000000 MHz
[2025.10.04-00.12.17:102][  0]LogMemory: Memory total: Physical=31.2GB (32GB approx)
[2025.10.04-00.12.17:102][  0]LogMemory: Platform Memory Stats for Windows
[2025.10.04-00.12.17:102][  0]LogMemory: Process Physical Memory: 146.40 MB used, 146.40 MB peak
[2025.10.04-00.12.17:102][  0]LogMemory: Process Virtual Memory: 131.18 MB used, 131.18 MB peak
[2025.10.04-00.12.17:102][  0]LogMemory: Physical Memory: 14393.27 MB used,  17515.06 MB free, 31908.32 MB total
[2025.10.04-00.12.17:102][  0]LogMemory: Virtual Memory: 134200568.00 MB used,  17161.45 MB free, 134217728.00 MB total
[2025.10.04-00.12.17:105][  0]LogWindows: WindowsPlatformFeatures enabled
[2025.10.04-00.12.17:129][  0]LogInit: Physics initialised using underlying interface: PhysX
[2025.10.04-00.12.17:129][  0]LogInit: Using OS detected language (en-US).
[2025.10.04-00.12.17:129][  0]LogInit: Using OS detected locale (en-US).
[2025.10.04-00.12.17:131][  0]LogTextLocalizationManager: No specific localization for 'en-US' exists, so the 'en' localization will be used.
[2025.10.04-00.12.17:235][  0]LogWindowsTextInputMethodSystem: Display: IME system deactivated.
[2025.10.04-00.12.17:273][  0]LogSlate: New Slate User Created.  User Index 0, Is Virtual User: 0
[2025.10.04-00.12.17:273][  0]LogSlate: Slate User Registered.  User Index 0, Is Virtual User: 0
[2025.10.04-00.12.17:291][  0]LogD3D11RHI: Loaded GFSDK_Aftermath_Lib.x64.dll
[2025.10.04-00.12.17:293][  0]LogHMD: Failed to initialize OpenVR with code 110
[2025.10.04-00.12.17:293][  0]LogD3D11RHI: D3D11 min allowed feature level: 11_0
[2025.10.04-00.12.17:293][  0]LogD3D11RHI: D3D11 max allowed feature level: 11_0
[2025.10.04-00.12.17:293][  0]LogD3D11RHI: D3D11 adapters:
[2025.10.04-00.12.17:417][  0]LogD3D11RHI:    0. 'NVIDIA GeForce RTX 4080' (Feature Level 11_0)
[2025.10.04-00.12.17:417][  0]LogD3D11RHI:       16050/0/15954 MB DedicatedVideo/DedicatedSystem/SharedSystem, Outputs:2, VendorId:0x10de
[2025.10.04-00.12.17:456][  0]LogD3D11RHI:    1. 'AMD Radeon(TM) Graphics' (Feature Level 11_0)
[2025.10.04-00.12.17:456][  0]LogD3D11RHI:       485/0/15954 MB DedicatedVideo/DedicatedSystem/SharedSystem, Outputs:0, VendorId:0x1002
[2025.10.04-00.12.17:457][  0]LogD3D11RHI:    2. 'Microsoft Basic Render Driver' (Feature Level 11_0)
[2025.10.04-00.12.17:457][  0]LogD3D11RHI:       0/0/15954 MB DedicatedVideo/DedicatedSystem/SharedSystem, Outputs:0, VendorId:0x1414
[2025.10.04-00.12.17:457][  0]LogD3D11RHI: Chosen D3D11 Adapter:
[2025.10.04-00.12.17:457][  0]LogD3D11RHI:     Description : NVIDIA GeForce RTX 4080
[2025.10.04-00.12.17:457][  0]LogD3D11RHI:     VendorId    : 10de
[2025.10.04-00.12.17:457][  0]LogD3D11RHI:     DeviceId    : 2704
[2025.10.04-00.12.17:457][  0]LogD3D11RHI:     SubSysId    : 51111462
[2025.10.04-00.12.17:457][  0]LogD3D11RHI:     Revision    : 00a1
[2025.10.04-00.12.17:457][  0]LogD3D11RHI:     DedicatedVideoMemory : 16829644800 bytes
[2025.10.04-00.12.17:458][  0]LogD3D11RHI:     DedicatedSystemMemory : 0 bytes
[2025.10.04-00.12.17:458][  0]LogD3D11RHI:     SharedSystemMemory : 16729151488 bytes
[2025.10.04-00.12.17:458][  0]LogD3D11RHI:     AdapterLuid : 0 53277
[2025.10.04-00.12.17:463][  0]LogD3D11RHI: Creating new Direct3DDevice
[2025.10.04-00.12.17:463][  0]LogD3D11RHI:     GPU DeviceId: 0x2704 (for the marketing name, search the web for "GPU Device Id")
[2025.10.04-00.12.17:463][  0]LogWindows: EnumDisplayDevices:
[2025.10.04-00.12.17:463][  0]LogWindows:    0. 'NVIDIA GeForce RTX 4080' (P:0 D:1)
[2025.10.04-00.12.17:463][  0]LogWindows:    1. 'NVIDIA GeForce RTX 4080' (P:1 D:1)
[2025.10.04-00.12.17:463][  0]LogWindows:    2. 'NVIDIA GeForce RTX 4080' (P:0 D:0)
[2025.10.04-00.12.17:463][  0]LogWindows:    3. 'NVIDIA GeForce RTX 4080' (P:0 D:0)
[2025.10.04-00.12.17:463][  0]LogWindows:    4. 'AMD Radeon(TM) Graphics' (P:0 D:0)
[2025.10.04-00.12.17:463][  0]LogWindows:    5. 'AMD Radeon(TM) Graphics' (P:0 D:0)
[2025.10.04-00.12.17:464][  0]LogWindows:    6. 'AMD Radeon(TM) Graphics' (P:0 D:0)
[2025.10.04-00.12.17:464][  0]LogWindows:    7. 'AMD Radeon(TM) Graphics' (P:0 D:0)
[2025.10.04-00.12.17:464][  0]LogWindows:    8. 'AMD Radeon(TM) Graphics' (P:0 D:0)
[2025.10.04-00.12.17:464][  0]LogWindows: DebugString: PrimaryIsNotTheChoosenAdapter PrimaryIsNotTheChoosenAdapter PrimaryIsNotTheChoosenAdapter PrimaryIsNotTheChoosenAdapter PrimaryIsNotTheChoosenAdapter FoundDriverCount:4 
[2025.10.04-00.12.17:464][  0]LogD3D11RHI:     Adapter Name: NVIDIA GeForce RTX 4080
[2025.10.04-00.12.17:464][  0]LogD3D11RHI:   Driver Version: 581.29 (internal:32.0.15.8129, unified:581.29)
[2025.10.04-00.12.17:464][  0]LogD3D11RHI:      Driver Date: 9-5-2025
[2025.10.04-00.12.17:464][  0]LogRHI: Texture pool is 11235 MB (70% of 16050 MB)
[2025.10.04-00.12.17:464][  0]LogD3D11RHI: Creating D3DDevice using adapter:
[2025.10.04-00.12.17:464][  0]LogD3D11RHI:     Description : NVIDIA GeForce RTX 4080
[2025.10.04-00.12.17:464][  0]LogD3D11RHI:     VendorId    : 10de
[2025.10.04-00.12.17:464][  0]LogD3D11RHI:     DeviceId    : 2704
[2025.10.04-00.12.17:464][  0]LogD3D11RHI:     SubSysId    : 51111462
[2025.10.04-00.12.17:464][  0]LogD3D11RHI:     Revision    : 00a1
[2025.10.04-00.12.17:464][  0]LogD3D11RHI:     DedicatedVideoMemory : 16829644800 bytes
[2025.10.04-00.12.17:464][  0]LogD3D11RHI:     DedicatedSystemMemory : 0 bytes
[2025.10.04-00.12.17:464][  0]LogD3D11RHI:     SharedSystemMemory : 16729151488 bytes
[2025.10.04-00.12.17:464][  0]LogD3D11RHI:     AdapterLuid : 0 53277
[2025.10.04-00.12.17:553][  0]LogD3D11RHI: RHI has support for 64 bit atomics
[2025.10.04-00.12.17:553][  0]LogD3D11RHI: Async texture creation enabled
[2025.10.04-00.12.17:553][  0]LogD3D11RHI: Array index from any shader is supported
[2025.10.04-00.12.17:554][  0]LogD3D11RHI: HDR output is supported on display 0 (NvId: 0x80061080).
[2025.10.04-00.12.17:566][  0]LogD3D11RHI: GPU Timing Frequency: 1000.000000 (Debug: 2 1)
[2025.10.04-00.12.17:581][  0]LogRHI: GeForceNow SDK initialized: 1
[2025.10.04-00.12.17:740][  0]LogTargetPlatformManager: Display: Loaded TargetPlatform 'WindowsNoEditor'
[2025.10.04-00.12.17:743][  0]LogTargetPlatformManager: Display: Loaded TargetPlatform 'Windows'
[2025.10.04-00.12.17:745][  0]LogTargetPlatformManager: Display: Loaded TargetPlatform 'WindowsClient'
[2025.10.04-00.12.17:747][  0]LogTargetPlatformManager: Display: Loaded TargetPlatform 'WindowsServer'
[2025.10.04-00.12.17:747][  0]LogTargetPlatformManager: Display: Building Assets For Windows
[2025.10.04-00.12.17:751][  0]LogAudioDebug: Display: Lib vorbis DLL was dynamically loaded.
[2025.10.04-00.12.17:767][  0]LogTextureFormatOodle: Display: Oodle Texture 2.9.0 init RDO Off
[2025.10.04-00.12.17:783][  0]LogRendererCore: Ray tracing is disabled. Reason: r.RayTracing=0.
[2025.10.04-00.12.17:783][  0]LogShaderCompilers: Guid format shader working directory is -26 characters bigger than the processId version (../../../../../../Users/Trent/Documents/Unreal Projects/evilsidescrooler/Intermediate/Shaders/WorkingDirectory/9896/).
[2025.10.04-00.12.17:783][  0]LogShaderCompilers: Cleaned the shader compiler working directory 'C:/Users/Trent/AppData/Local/Temp/UnrealShaderWorkingDir/05995F9749402EA68C36E6A551E42B15/'.
[2025.10.04-00.12.17:783][  0]LogXGEController: Cannot use XGE Controller as Incredibuild is not installed on this machine.
[2025.10.04-00.12.17:783][  0]LogShaderCompilers: Cannot use XGE Shader Compiler as Incredibuild is not installed on this machine.
[2025.10.04-00.12.17:783][  0]LogShaderCompilers: Display: Using Local Shader Compiler.
[2025.10.04-00.12.18:240][  0]LogDerivedDataCache: Display: Max Cache Size: 512 MB
[2025.10.04-00.12.18:269][  0]LogDerivedDataCache: Loaded boot cache 0.03s 94MB C:/Users/Trent/AppData/Local/UnrealEngine/4.27/DerivedDataCache/Boot.ddc.
[2025.10.04-00.12.18:269][  0]LogDerivedDataCache: Display: Loaded Boot cache: C:/Users/Trent/AppData/Local/UnrealEngine/4.27/DerivedDataCache/Boot.ddc
[2025.10.04-00.12.18:269][  0]LogDerivedDataCache: FDerivedDataBackendGraph:  Pak pak cache file ../../../../../../Users/Trent/Documents/Unreal Projects/evilsidescrooler/DerivedDataCache/DDC.ddp not found, will not use a pak cache.
[2025.10.04-00.12.18:269][  0]LogDerivedDataCache: Unable to find inner node Pak for hierarchical cache Hierarchy.
[2025.10.04-00.12.18:269][  0]LogDerivedDataCache: FDerivedDataBackendGraph:  CompressedPak pak cache file ../../../../../../Users/Trent/Documents/Unreal Projects/evilsidescrooler/DerivedDataCache/Compressed.ddp not found, will not use a pak cache.
[2025.10.04-00.12.18:269][  0]LogDerivedDataCache: Unable to find inner node CompressedPak for hierarchical cache Hierarchy.
[2025.10.04-00.12.18:281][  0]LogDerivedDataCache: Display: Pak cache opened for reading ../../../Engine/DerivedDataCache/Compressed.ddp.
[2025.10.04-00.12.18:281][  0]LogDerivedDataCache: FDerivedDataBackendGraph:  EnterprisePak pak cache file ../../../Enterprise/DerivedDataCache/Compressed.ddp not found, will not use a pak cache.
[2025.10.04-00.12.18:281][  0]LogDerivedDataCache: Unable to find inner node EnterprisePak for hierarchical cache Hierarchy.
[2025.10.04-00.12.18:285][  0]LogDerivedDataCache: Speed tests for C:/Users/Trent/AppData/Local/UnrealEngine/Common/DerivedDataCache took 0.00 seconds
[2025.10.04-00.12.18:285][  0]LogDerivedDataCache: Display: Performance to C:/Users/Trent/AppData/Local/UnrealEngine/Common/DerivedDataCache: Latency=0.02ms. RandomReadSpeed=2497.15MBs, RandomWriteSpeed=300.91MBs. Assigned SpeedClass 'Local'
[2025.10.04-00.12.18:286][  0]LogDerivedDataCache: Using Local data cache path C:/Users/Trent/AppData/Local/UnrealEngine/Common/DerivedDataCache: Writable
[2025.10.04-00.12.18:286][  0]LogDerivedDataCache: Shared data cache path not found in *engine.ini, will not use an Shared cache.
[2025.10.04-00.12.18:286][  0]LogDerivedDataCache: Unable to find inner node Shared for hierarchical cache Hierarchy.
[2025.10.04-00.12.18:307][  0]LogSlate: Using FreeType 2.10.0
[2025.10.04-00.12.18:307][  0]LogSlate: SlateFontServices - WITH_FREETYPE: 1, WITH_HARFBUZZ: 1
[2025.10.04-00.12.18:349][  0]LogInit: Using OS detected language (en-US).
[2025.10.04-00.12.18:349][  0]LogInit: Using OS detected locale (en-US).
[2025.10.04-00.12.18:349][  0]LogTextLocalizationManager: No localization for 'en-US' exists, so 'en' will be used for the language.
[2025.10.04-00.12.18:349][  0]LogTextLocalizationManager: No localization for 'en-US' exists, so 'en' will be used for the locale.
[2025.10.04-00.12.18:349][  0]LogSlate: FontCache flush requested. Reason: Culture for localization was changed
[2025.10.04-00.12.18:349][  0]LogSlate: FontCache flush requested. Reason: Culture for localization was changed
[2025.10.04-00.12.18:351][  0]LogTextLocalizationManager: Compacting localization data took   0.00ms
[2025.10.04-00.12.18:351][  0]LogAssetRegistry: FAssetRegistry took 0.0013 seconds to start up
[2025.10.04-00.12.18:441][  0]LogPackageLocalizationCache: Processed 28 localized package path(s) for 1 prioritized culture(s) in 0.000615 seconds
[2025.10.04-00.12.18:478][  0]LogInit: Selected Device Profile: [Windows]
[2025.10.04-00.12.18:478][  0]LogInit: Active device profile: [00000209161C7500][000002090DDED880 49] Windows
[2025.10.04-00.12.18:478][  0]LogInit: Profiles: [00000209161C7500][000002090DDED880 49] Windows, [00000209161D0D00][0000020913AED9C0 49] WindowsNoEditor, [00000209161C4D00][0000020913AF1B00 49] WindowsServer, [00000209161D2C00][0000020913AF8100 49] WindowsClient, [00000209161C6B00][0000020913AFC280 49] IOS, [00000209161D1700][0000020913B00400 49] iPadAir, [00000209161C5600][0000020913B04580 49] iPadAir2, [000002091617BA00][0000020913B0C840 49] IPadPro, [000002091617BB00][0000020913B08880 49] iPadAir3, [00000209161C6400][0000020913B10A00 49] iPadAir4, [0000020916179200][0000020913B14B80 49] iPadMini2, [00000209161C7C00][0000020913B18D00 49] iPadMini3, [000002091617A600][0000020918A12E80 49] iPadMini4, [00000209161C4200][0000020918A17000 49] iPadMini5, [00000209161C3300][0000020918A1F2C0 49] iPhone6, [00000209161C3400][0000020918A1B300 49] iPodTouch6, [0000020916178300][0000020918A275C0 49] iPhone7, [0000020916178200][0000020918A23600 49] iPodTouch7, [00000209161C1100][0000020918A2B780 49] iPhone5S, [0000020916179B00][0000020913AF58C0 49] iPhone6Plus, [00000209161C2700][0000020918A2FA00 49] iPhone6S, [000002091617BF00][0000020918A33B40 49] iPhone6SPlus, [00000209161C3A00][0000020918A36100 49] iPhone7Plus, [0000020916179700][0000020918A3E280 49] iPhoneSE, [00000209161C0900][0000020918A42400 49] iPhone8, [000002091617AA00][0000020918A46580 49] iPhone8Plus, [00000209161C3100][0000020918A4A700 49] iPhoneX, [000002091617A300][0000020918A4E880 49] iPhoneXS, [00000209161C3D00][0000020918A52A00 49] iPhoneXSMax, [0000020916179800][0000020918A56B80 49] iPhoneXR, [00000209161C0F00][0000020918A5AD00 49] iPhone11, [0000020916179400][0000020918A5EE80 49] iPhone11Pro, [00000209161C0C00][0000020918A63000 49] iPhone11ProMax, [0000020916179D00][0000020918A67180 49] iPhoneSE2, [00000209161C2500][0000020918A6B300 49] iPhone12Mini, [0000020916178E00][0000020918A6F480 49] iPhone12, [00000209161C2B00][0000020918A73600 49] iPhone12Pro, [0000020916178500][0000020918A77780 49] iPhone12ProMax, [00000209161C0D00][0000020918A7B900 49] iPadPro105, [0000020916179900][0000020918A7FA80 49] iPadPro129, [00000209161C3000][0000020918A3BBC0 49] iPadPro97, [000002091617A200][0000020918A82180 49] iPadPro2_129, [00000209161C1900][0000020918A862C0 49] iPad5, [0000020916178100][0000020918A8E440 49] iPad6, [00000209161C1300][0000020918A925C0 49] iPad7, [0000020916179A00][0000020918A96740 49] iPad8, [00000209161C2100][0000020918A9A8C0 49] iPadPro11, [000002091617BC00][0000020918A9EA40 49] iPadPro2_11, [00000209161C1F00][0000020918AA2BC0 49] iPadPro3_129, [000002091617B800][0000020918AA6D40 49] iPadPro4_129, [00000209161C0100][0000020918AAAEC0 49] AppleTV, [000002091617B000][0000020918AAF040 49] AppleTV4K, [00000209161C1600][0000020918AB31C0 49] TVOS, [000002091617A900][0000020918AB7340 49] Mac, [00000209161C3700][0000020918ABB4C0 49] MacClient, [0000020916179E00][0000020918ABF640 49] MacNoEditor, [00000209161C3B00][0000020918AC37C0 49] MacServer, [000002091617B200][0000020918AC7940 49] Linux, [00000209161C0A00][0000020918ACBAC0 49] LinuxAArch64, [000002091617B100][0000020918ACE0C0 49] LinuxNoEditor, [0000020916261700][0000020918A8A200 49] LinuxAArch64NoEditor, [00000209161D1100][0000020918AD2340 49] LinuxClient, [0000020916261F00][0000020918AD6480 49] LinuxAArch64Client, [00000209161D1C00][0000020918ADA5C0 49] LinuxServer, [0000020916260E00][0000020918AE2740 49] LinuxAArch64Server, [00000209161D2400][0000020918AE68C0 49] Android, [0000020916260300][0000020918AEAA40 49] Android_Low, [00000209161D1600][0000020918AEEBC0 49] Android_Mid, [0000020916260700][0000020918AF2D40 49] Android_High, [00000209161D3400][0000020918AF6EC0 49] Android_Default, [0000020916262100][0000020918AFB040 49] Android_Adreno4xx, [00000209161D0300][0000020918AFF1C0 49] Android_Adreno5xx_Low, [0000020916260100][0000020918B03340 49] Android_Adreno5xx, [00000209161D2800][0000020918B074C0 49] Android_Adreno6xx, [0000020916262200][0000020918B0B640 49] Android_Adreno6xx_Vulkan, [00000209161D1D00][0000020918B0F7C0 49] Android_Mali_T6xx, [000002091617A400][0000020918B13940 49] Android_Mali_T7xx, [00000209161C3200][0000020918B17AC0 49] Android_Mali_T8xx, [0000020916179100][0000020918B1A0C0 49] Android_Mali_G71, [00000209161C0B00][0000020918B1E240 49] Android_Mali_G72, [0000020916178400][0000020918ADE380 49] Android_Mali_G72_Vulkan, [00000209161C2600][0000020918B224C0 49] Android_Mali_G76, [00000209161D3100][0000020918B26600 49] Android_Mali_G76_Vulkan, [00000209161C1E00][0000020918B2A740 49] Android_Mali_G77, [000002091617B500][0000020918B328C0 49] Android_Mali_G77_Vulkan, [0000020916262000][0000020918B36A40 49] Android_Mali_G78, [000002091617B400][0000020918B3ABC0 49] Android_Mali_G78_Vulkan, [0000020916260400][0000020918B3ED40 49] Android_Mali_G710, [000002091617B600][0000020918B42EC0 49] Android_Mali_G710_Vulkan, [0000020916261C00][0000020918B47040 49] Android_Vulkan_SM5, [0000020916178600][0000020918B4B1C0 49] Android_PowerVR_G6xxx, [0000020916260D00][0000020918B4F340 49] Android_PowerVR_GT7xxx, [000002091617AD00][0000020918B534C0 49] Android_PowerVR_GE8xxx, [0000020916261300][0000020918B57640 49] Android_PowerVR_GM9xxx, [000002091617B900][0000020918B5B7C0 49] Android_PowerVR_GM9xxx_Vulkan, [0000020916260C00][0000020918B5F940 49] Android_TegraK1, [0000020916179C00][0000020918B63AC0 49] Android_Unknown_Vulkan, [0000020916260600][000002090DBC40C0 49] Lumin, [000002091617AF00][000002090DBC8240 49] Lumin_Desktop, [0000020916260B00][000002090DBCC3C0 49] HoloLens, 
[2025.10.04-00.12.18:499][  0]LogMeshReduction: Using QuadricMeshReduction for automatic static mesh reduction
[2025.10.04-00.12.18:499][  0]LogMeshReduction: Using SimplygonMeshReduction for automatic skeletal mesh reduction
[2025.10.04-00.12.18:499][  0]LogMeshReduction: Using ProxyLODMeshReduction for automatic mesh merging
[2025.10.04-00.12.18:499][  0]LogMeshReduction: No distributed automatic mesh merging module available
[2025.10.04-00.12.18:499][  0]LogMeshMerging: No distributed automatic mesh merging module available
[2025.10.04-00.12.18:570][  0]LogNetVersion: evilsidescrooler 1.0.0, NetCL: 17155196, EngineNetVer: 17, GameNetVer: 0 (Checksum: 1004178458)
[2025.10.04-00.12.18:701][  0]LogTexture: Default maximum texture size for cubemaps generated from long-lat sources has been changed from 512 to unlimited. In order to preserve old behaiour for '/Engine/MapTemplates/Sky/DaylightAmbientCubemap.DaylightAmbientCubemap', its maximum texture size has been explicitly set to 512.
[2025.10.04-00.12.18:730][  0]LogHMD: PokeAHoleMaterial loaded successfully
[2025.10.04-00.12.18:784][  0]LogMoviePlayer: Initializing movie player
[2025.10.04-00.12.18:870][  0]LogNiagaraDebuggerClient: Niagara Debugger Client Initialized | Session: 598608D249C4346BEBD18F92890B0BAC | Instance: B6BFA72A4B59BC561CC99E9576FAC28D (DESKTOP-D3JG689-9896).
[2025.10.04-00.12.18:883][  0]LogCollectionManager: Loaded 0 collections in 0.001273 seconds
[2025.10.04-00.12.18:884][  0]LogFileCache: Scanning file cache for directory 'C:/Users/Trent/Documents/Unreal Projects/evilsidescrooler/Saved/Collections/' took 0.00s
[2025.10.04-00.12.18:884][  0]LogFileCache: Scanning file cache for directory 'C:/Users/Trent/Documents/Unreal Projects/evilsidescrooler/Content/Developers/Trent/Collections/' took 0.00s
[2025.10.04-00.12.18:884][  0]LogFileCache: Scanning file cache for directory 'C:/Users/Trent/Documents/Unreal Projects/evilsidescrooler/Content/Collections/' took 0.00s
[2025.10.04-00.12.18:884][  0]LogCollectionManager: Fixed up redirectors for 0 collections in 0.000001 seconds (updated 0 objects)
[2025.10.04-00.12.18:894][  0]LogPython: Using Python 3.7.7
[2025.10.04-00.12.19:184][  0]LogUdpMessaging: Initializing bridge on interface 0.0.0.0:0 to multicast group 230.0.0.1:6666.
[2025.10.04-00.12.19:187][  0]LogTcpMessaging: Initializing TcpMessaging bridge
[2025.10.04-00.12.19:229][  0]SourceControl: Source control is disabled
[2025.10.04-00.12.19:229][  0]SourceControl: Source control is disabled
[2025.10.04-00.12.19:230][  0]SourceControl: Source control is disabled
[2025.10.04-00.12.19:235][  0]LogUProjectInfo: Found projects:
[2025.10.04-00.12.19:236][  0]LogVSAccessor: Display: Unable to create Visual Studio setup instance: 80040154
[2025.10.04-00.12.19:236][  0]LogVSAccessor: Display: Unable to create Visual Studio setup instance: 80040154
[2025.10.04-00.12.19:237][  0]LogVSAccessor: Display: Unable to create Visual Studio setup instance: 80040154
[2025.10.04-00.12.19:275][  0]LogOpenImageDenoise: OIDN starting up
[2025.10.04-00.12.19:293][  0]LogAndroidPermission: UAndroidPermissionCallbackProxy::GetInstance
[2025.10.04-00.12.19:301][  0]LogAudioCaptureCore: Display: No Audio Capture implementations found. Audio input will be silent.
[2025.10.04-00.12.19:301][  0]LogAudioCaptureCore: Display: No Audio Capture implementations found. Audio input will be silent.
[2025.10.04-00.12.19:340][  0]LogOcInput: OculusInput pre-init called
[2025.10.04-00.12.19:345][  0]LogUObjectArray: 22325 objects as part of root set at end of initial load.
[2025.10.04-00.12.19:345][  0]LogUObjectAllocator: 6053024 out of 0 bytes used by permanent object pool.
[2025.10.04-00.12.19:345][  0]LogUObjectArray: CloseDisregardForGC: 0/0 objects in disregard for GC pool
[2025.10.04-00.12.19:373][  0]LogEngine: Initializing Engine...
[2025.10.04-00.12.19:374][  0]LogHMD: Failed to enumerate extensions. Please check that you have a valid OpenXR runtime installed.
[2025.10.04-00.12.19:375][  0]LogHMD: Failed to initialize OpenVR with code 110
[2025.10.04-00.12.19:375][  0]LogMagicLeap: Warning: VR disabled because ZI is not enabled.  To enable, in the editor, Edit -> Project Settings -> Plugins -> Magic Leap Plugin -> Enable Zero Iteration
[2025.10.04-00.12.19:375][  0]LogStats: UGameplayTagsManager::InitializeManager -  0.000 s
[2025.10.04-00.12.19:421][  0]LogInit: Initializing FReadOnlyCVARCache
[2025.10.04-00.12.19:421][  0]LogAudio: Display: Initializing Audio Device Manager...
[2025.10.04-00.12.19:423][  0]LogAudio: Display: Loading Default Audio Settings Objects...
[2025.10.04-00.12.19:424][  0]LogAudio: Display: No default SoundConcurrencyObject specified (or failed to load).
[2025.10.04-00.12.19:424][  0]LogAudio: Display: Audio Device Manager Initialized
[2025.10.04-00.12.19:424][  0]LogAudio: Display: Creating Audio Device:                 Id: 1, Scope: Shared, Realtime: True
[2025.10.04-00.12.19:424][  0]LogAudioMixer: Display: Audio Mixer Platform Settings:
[2025.10.04-00.12.19:424][  0]LogAudioMixer: Display: 	Sample Rate:						  48000
[2025.10.04-00.12.19:424][  0]LogAudioMixer: Display: 	Callback Buffer Frame Size Requested: 1024
[2025.10.04-00.12.19:424][  0]LogAudioMixer: Display: 	Callback Buffer Frame Size To Use:	  1024
[2025.10.04-00.12.19:424][  0]LogAudioMixer: Display: 	Number of buffers to queue:			  2
[2025.10.04-00.12.19:424][  0]LogAudioMixer: Display: 	Max Channels (voices):				  32
[2025.10.04-00.12.19:424][  0]LogAudioMixer: Display: 	Number of Async Source Workers:		  0
[2025.10.04-00.12.19:424][  0]LogAudio: Display: AudioDevice MaxSources: 32
[2025.10.04-00.12.19:424][  0]LogAudio: Display: Audio Spatialization Plugin: None (built-in).
[2025.10.04-00.12.19:424][  0]LogAudio: Display: Audio Reverb Plugin: None (built-in).
[2025.10.04-00.12.19:424][  0]LogAudio: Display: Audio Occlusion Plugin: None (built-in).
[2025.10.04-00.12.19:424][  0]LogAudioMixer: Display: Initializing audio mixer.
[2025.10.04-00.12.19:433][  0]LogAudioMixer: Display: 0: FrontLeft
[2025.10.04-00.12.19:433][  0]LogAudioMixer: Display: 1: FrontRight
[2025.10.04-00.12.19:441][  0]LogAudioMixer: Display: Using Audio Device Headphones (ROG CETRA TRUE WIRELESS SPEEDNOVA)
[2025.10.04-00.12.19:443][  0]LogAudioMixer: Display: Initializing Sound Submixes...
[2025.10.04-00.12.19:443][  0]LogAudioMixer: Display: Creating Master Submix 'MasterSubmixDefault'
[2025.10.04-00.12.19:443][  0]LogAudioMixer: Display: Creating Master Submix 'MasterReverbSubmixDefault'
[2025.10.04-00.12.19:444][  0]LogAudioMixer: Display: Creating Master Submix 'MasterEQSubmixDefault'
[2025.10.04-00.12.19:444][  0]LogAudioMixer: FMixerPlatformXAudio2::StartAudioStream() called
[2025.10.04-00.12.19:444][  0]LogAudioMixer: Display: Output buffers initialized: Frames=1024, Channels=2, Samples=2048
[2025.10.04-00.12.19:445][  0]LogAudioMixer: Display: Starting AudioMixerPlatformInterface::RunInternal()
[2025.10.04-00.12.19:445][  0]LogAudioMixer: Display: FMixerPlatformXAudio2::SubmitBuffer() called for the first time
[2025.10.04-00.12.19:445][  0]LogInit: FAudioDevice initialized.
[2025.10.04-00.12.19:445][  0]LogNetVersion: Set ProjectVersion to 1.0.0.0. Version Checksum will be recalculated on next use.
[2025.10.04-00.12.19:446][  0]LogInit: Texture streaming: Enabled
[2025.10.04-00.12.19:480][  0]LogAudio: Display: Audio Device (ID: 1) registered with world 'Untitled'.
[2025.10.04-00.12.19:480][  0]LogSlate: Updating window title bar state: overlay mode, drag disabled, window buttons hidden, title bar hidden
[2025.10.04-00.12.19:480][  0]LogInit: Display: Game Engine Initialized.
[2025.10.04-00.12.19:481][  0]LogNiagaraEditor: GEditor isn't valid! Particle reset commands will not work for Niagara components!
[2025.10.04-00.12.19:543][  0]LogInit: Display: Starting Game.
[2025.10.04-00.12.19:543][  0]LogNet: Browse: /Game/2DSideScrollerBP/Maps/world1?Name=Player
[2025.10.04-00.12.19:543][  0]LogLoad: LoadMap: /Game/2DSideScrollerBP/Maps/world1?Name=Player
[2025.10.04-00.12.19:543][  0]LogWorld: BeginTearingDown for /Temp/Untitled_0
[2025.10.04-00.12.19:544][  0]LogWorld: UWorld::CleanupWorld for Untitled, bSessionEnded=true, bCleanupResources=true
[2025.10.04-00.12.19:544][  0]LogSlate: InvalidateAllWidgets triggered.  All widgets were invalidated
[2025.10.04-00.12.19:556][  0]LogAudio: Display: Audio Device unregistered from world 'None'.
[2025.10.04-00.12.19:557][  0]LogUObjectHash: Compacting FUObjectHashTables data took   0.49ms
[2025.10.04-00.12.19:610][  0]LogAudio: Display: Audio Device (ID: 1) registered with world 'world1'.
[2025.10.04-00.12.19:615][  0]LogAIModule: Creating AISystem for world world1
[2025.10.04-00.12.19:615][  0]LogLoad: Game class is '2DSideScrollerGameMode_C'
[2025.10.04-00.12.19:617][  0]LogWorld: Bringing World /Game/2DSideScrollerBP/Maps/world1.world1 up for play (max tick rate 0) at 2025.10.03-20.12.19
[2025.10.04-00.12.19:617][  0]LogWorld: Bringing up level for play took: 0.001745
[2025.10.04-00.12.19:618][  0]LogTemp: Warning: No animation class defined on 'PaperZDAnimation', cannot create instance.
[2025.10.04-00.12.19:618][  0]LogLoad: Took 0.074469 seconds to LoadMap(/Game/2DSideScrollerBP/Maps/world1)
[2025.10.04-00.12.19:684][  0]LogSlate: Took 0.000068 seconds to synchronously load lazily loaded font '../../../Engine/Content/Slate/Fonts/Roboto-Regular.ttf' (155K)
[2025.10.04-00.12.19:717][  0]LogRenderer: Reallocating scene render targets to support 1280x720 Format 10 NumSamples 1 (Frame:1).
[2025.10.04-00.12.19:717][  0]LogInit: Display: Engine is initialized. Leaving FEngineLoop::Init()
[2025.10.04-00.12.19:717][  0]LogLoad: (Engine Initialization) Total time: 3.21 seconds
[2025.10.04-00.12.19:717][  0]LogLoad: (Engine Initialization) Total Blueprint compile time: 0.00 seconds
[2025.10.04-00.12.19:719][  0]LogContentStreaming: Texture pool size now 1000 MB
[2025.10.04-00.12.19:720][  0]LogSlate: InvalidateAllWidgets triggered.  All widgets were invalidated
[2025.10.04-00.12.19:725][  1]LogSlate: Took 0.000058 seconds to synchronously load lazily loaded font '../../../Engine/Content/Slate/Fonts/Roboto-Regular.ttf' (155K)
[2025.10.04-00.12.23:731][725]LogWindowsDesktop: Alt-F4 pressed!
[2025.10.04-00.12.23:739][725]LogSlate: Window 'evilsidescrooler (64-bit Development PCD3D_SM5) ' being destroyed
[2025.10.04-00.12.23:740][725]LogWindowsTextInputMethodSystem: Display: IME system deactivated.
[2025.10.04-00.12.23:743][725]LogWindowsTextInputMethodSystem: Display: IME system deactivated.
[2025.10.04-00.12.23:744][725]LogSlate: Updating window title bar state: overlay mode, drag disabled, window buttons hidden, title bar hidden
[2025.10.04-00.12.23:744][725]LogEngine: All Windows Closed
[2025.10.04-00.12.23:744][725]LogWindows: FPlatformMisc::RequestExit(0)
[2025.10.04-00.12.23:744][725]LogWindows: FPlatformMisc::RequestExitWithStatus(0, 0)
[2025.10.04-00.12.23:744][725]LogCore: Engine exit requested (reason: Win RequestExit)
[2025.10.04-00.12.23:744][726]LogCore: Engine exit requested (reason: EngineExit() was called; note: exit was already requested)
[2025.10.04-00.12.23:744][726]LogInit: Display: PreExit Game.
[2025.10.04-00.12.23:751][726]LogWorld: BeginTearingDown for /Game/2DSideScrollerBP/Maps/world1
[2025.10.04-00.12.23:751][726]LogWorld: UWorld::CleanupWorld for world1, bSessionEnded=true, bCleanupResources=true
[2025.10.04-00.12.23:751][726]LogSlate: InvalidateAllWidgets triggered.  All widgets were invalidated
[2025.10.04-00.12.24:378][726]LogAudio: Display: Beginning Audio Device Manager Shutdown (Module: AudioMixerXAudio2)...
[2025.10.04-00.12.24:378][726]LogAudio: Display: Destroying 1 Remaining Audio Device(s)...
[2025.10.04-00.12.24:378][726]LogAudio: Display: Audio Device unregistered from world 'world1'.
[2025.10.04-00.12.24:424][726]LogAudioMixer: FMixerPlatformXAudio2::StopAudioStream() called
[2025.10.04-00.12.24:424][726]LogAudioMixer: FMixerPlatformXAudio2::StopAudioStream() called
[2025.10.04-00.12.24:426][726]LogAudio: Display: Audio Device Manager Shutdown
[2025.10.04-00.12.24:428][726]LogExit: Preparing to exit.
