Log file open, 10/03/25 20:11:17
LogWindows: Failed to load 'aqProf.dll' (GetLastError=126)
LogWindows: File 'aqProf.dll' does not exist
LogWindows: Failed to load 'VtuneApi.dll' (GetLastError=126)
LogWindows: File 'VtuneApi.dll' does not exist
LogWindows: Failed to load 'VtuneApi32e.dll' (GetLastError=126)
LogWindows: File 'VtuneApi32e.dll' does not exist
LogConsoleResponse: Display: Failed to find resolution value strings in scalability ini. Falling back to default.
LogConsoleResponse: Display: Failed to find resolution value strings in scalability ini. Falling back to default.
LogInit: Display: Running engine for game: evilsidescrooler
LogPlatformFile: Not using cached read wrapper
LogTaskGraph: Started task graph with 5 named threads and 47 total threads with 3 sets of task threads.
LogStats: Stats thread started at 0.154422
LogICUInternationalization: ICU TimeZone Detection - Raw Offset: -5:00, Platform Override: ''
LogInit: Display: Loading text-based GConfig....
LogPluginManager: Mounting plugin MeshPainting
LogPluginManager: Mounting plugin XGEController
LogPluginManager: Mounting plugin Paper2D
LogPluginManager: Mounting plugin AISupport
LogPluginManager: Mounting plugin LiveLink
LogPluginManager: Mounting plugin EnvironmentQueryEditor
LogPluginManager: Mounting plugin OodleData
LogPluginManager: Mounting plugin OodleNetwork
LogPluginManager: Mounting plugin AssetManagerEditor
LogPluginManager: Mounting plugin LightPropagationVolume
LogPluginManager: Mounting plugin CryptoKeys
LogPluginManager: Mounting plugin CurveEditorTools
LogPluginManager: Mounting plugin DataValidation
LogPluginManager: Mounting plugin GameplayTagsEditor
LogPluginManager: Mounting plugin FacialAnimation
LogPluginManager: Mounting plugin MacGraphicsSwitching
LogPluginManager: Mounting plugin MaterialAnalyzer
LogPluginManager: Mounting plugin GeometryMode
LogPluginManager: Mounting plugin PluginBrowser
LogPluginManager: Mounting plugin MobileLauncherProfileWizard
LogPluginManager: Mounting plugin SpeedTreeImporter
LogPluginManager: Mounting plugin DatasmithContent
LogPluginManager: Mounting plugin VariantManagerContent
LogPluginManager: Mounting plugin AnimationSharing
LogPluginManager: Mounting plugin CodeLiteSourceCodeAccess
LogPluginManager: Mounting plugin GitSourceControl
LogPluginManager: Mounting plugin KDevelopSourceCodeAccess
LogPluginManager: Mounting plugin CLionSourceCodeAccess
LogPluginManager: Mounting plugin PixWinPlugin
LogPluginManager: Mounting plugin NullSourceCodeAccess
LogPluginManager: Mounting plugin PaperZD
LogPluginManager: Mounting plugin PerforceSourceControl
LogPluginManager: Mounting plugin PlasticSourceControl
LogPluginManager: Mounting plugin PluginUtils
LogPluginManager: Mounting plugin RiderSourceCodeAccess
LogPluginManager: Mounting plugin PropertyAccessNode
LogPluginManager: Mounting plugin SubversionSourceControl
LogPluginManager: Mounting plugin UObjectPlugin
LogPluginManager: Mounting plugin VisualStudioCodeSourceCodeAccess
LogPluginManager: Mounting plugin VisualStudioSourceCodeAccess
LogPluginManager: Mounting plugin TextureFormatOodle
LogPluginManager: Mounting plugin AlembicImporter
LogPluginManager: Mounting plugin XCodeSourceCodeAccess
LogPluginManager: Mounting plugin AutomationUtils
LogPluginManager: Mounting plugin BackChannel
LogPluginManager: Mounting plugin Niagara
LogPluginManager: Mounting plugin ChaosCloth
LogPluginManager: Mounting plugin ChaosEditor
LogPluginManager: Mounting plugin ChaosNiagara
LogPluginManager: Mounting plugin ChaosClothEditor
LogPluginManager: Mounting plugin ChaosSolverPlugin
LogPluginManager: Mounting plugin CharacterAI
LogPluginManager: Mounting plugin LuminPlatformFeatures
LogPluginManager: Mounting plugin GeometryCache
LogPluginManager: Mounting plugin GeometryCollectionPlugin
LogPluginManager: Mounting plugin MagicLeap
LogPluginManager: Mounting plugin MagicLeapLightEstimation
LogPluginManager: Mounting plugin MagicLeapMedia
LogPluginManager: Mounting plugin MagicLeapPassableWorld
LogPluginManager: Mounting plugin MLSDK
LogPluginManager: Mounting plugin AndroidMedia
LogPluginManager: Mounting plugin AvfMedia
LogPluginManager: Mounting plugin ImgMedia
LogPluginManager: Mounting plugin GeometryProcessing
LogPluginManager: Mounting plugin MediaCompositing
LogPluginManager: Mounting plugin MediaPlayerEditor
LogPluginManager: Mounting plugin WebMMedia
LogPluginManager: Mounting plugin WmfMedia
LogPluginManager: Mounting plugin OpenImageDenoise
LogPluginManager: Mounting plugin PlanarCut
LogPluginManager: Mounting plugin PlatformCrypto
LogPluginManager: Mounting plugin PythonScriptPlugin
LogPluginManager: Mounting plugin ProxyLODPlugin
LogPluginManager: Mounting plugin MotoSynth
LogPluginManager: Mounting plugin SkeletalReduction
LogPluginManager: Mounting plugin ActorSequence
LogPluginManager: Mounting plugin MatineeToLevelSequence
LogPluginManager: Mounting plugin LevelSequenceEditor
LogPluginManager: Mounting plugin TemplateSequence
LogPluginManager: Mounting plugin LauncherChunkInstaller
LogPluginManager: Mounting plugin TcpMessaging
LogPluginManager: Mounting plugin UdpMessaging
LogPluginManager: Mounting plugin ActorLayerUtilities
LogPluginManager: Mounting plugin AndroidDeviceProfileSelector
LogPluginManager: Mounting plugin AndroidMoviePlayer
LogPluginManager: Mounting plugin AndroidPermission
LogPluginManager: Mounting plugin OnlineSubsystem
LogPluginManager: Mounting plugin AppleImageUtils
LogPluginManager: Mounting plugin AppleMoviePlayer
LogPluginManager: Mounting plugin AssetTags
LogPluginManager: Mounting plugin ArchVisCharacter
LogPluginManager: Mounting plugin CableComponent
LogPluginManager: Mounting plugin AudioCapture
LogPluginManager: Mounting plugin AudioSynesthesia
LogPluginManager: Mounting plugin ChunkDownloader
LogPluginManager: Mounting plugin CustomMeshComponent
LogPluginManager: Mounting plugin OnlineSubsystemNull
LogPluginManager: Mounting plugin ExampleDeviceProfileSelector
LogPluginManager: Mounting plugin EditableMesh
LogPluginManager: Mounting plugin GoogleCloudMessaging
LogPluginManager: Mounting plugin GooglePAD
LogPluginManager: Mounting plugin OnlineSubsystemUtils
LogPluginManager: Mounting plugin LinuxDeviceProfileSelector
LogPluginManager: Mounting plugin IOSDeviceProfileSelector
LogPluginManager: Mounting plugin LocationServicesBPLibrary
LogPluginManager: Mounting plugin MobilePatchingUtils
LogPluginManager: Mounting plugin OpenXREyeTracker
LogPluginManager: Mounting plugin OpenXR
LogPluginManager: Mounting plugin OpenXRHandTracking
LogPluginManager: Mounting plugin PhysXVehicles
LogPluginManager: Mounting plugin ScreenshotTools
LogPluginManager: Mounting plugin PostSplashScreen
LogPluginManager: Mounting plugin ProceduralMeshComponent
LogPluginManager: Mounting plugin PropertyAccessEditor
LogPluginManager: Mounting plugin RuntimePhysXCooking
LogPluginManager: Mounting plugin SoundFields
LogPluginManager: Mounting plugin SignificanceManager
LogPluginManager: Mounting plugin Synthesis
LogPluginManager: Mounting plugin WebMMoviePlayer
LogPluginManager: Mounting plugin WindowsMoviePlayer
LogPluginManager: Mounting plugin Takes
LogPluginManager: Mounting plugin CameraShakePreviewer
LogPluginManager: Mounting plugin GameplayCameras
LogPluginManager: Mounting plugin ContentBrowserAssetDataSource
LogPluginManager: Mounting plugin ContentBrowserFileDataSource
LogPluginManager: Mounting plugin ContentBrowserClassDataSource
LogPluginManager: Mounting plugin OnlineSubsystemGooglePlay
LogPluginManager: Mounting plugin OnlineSubsystemIOS
LogPluginManager: Mounting plugin OculusVR
LogPluginManager: Mounting plugin SteamVR
PixWinPlugin: PIX capture plugin failed to initialize! Check that the process is launched from PIX.
LogInit: Using libcurl 7.55.1-DEV
LogInit:  - built for x86_64-pc-win32
LogInit:  - supports SSL with OpenSSL/1.1.1
LogInit:  - supports HTTP deflate (compression) using libz 1.2.8
LogInit:  - other features:
LogInit:      CURL_VERSION_SSL
LogInit:      CURL_VERSION_LIBZ
LogInit:      CURL_VERSION_IPV6
LogInit:      CURL_VERSION_ASYNCHDNS
LogInit:      CURL_VERSION_LARGEFILE
LogInit:      CURL_VERSION_IDN
LogInit:  CurlRequestOptions (configurable via config and command line):
LogInit:  - bVerifyPeer = true  - Libcurl will verify peer certificate
LogInit:  - bUseHttpProxy = false  - Libcurl will NOT use HTTP proxy
LogInit:  - bDontReuseConnections = false  - Libcurl will reuse connections
LogInit:  - MaxHostConnections = 16  - Libcurl will limit the number of connections to a host
LogInit:  - LocalHostAddr = Default
LogInit:  - BufferSize = 65536
LogOnline: OSS: Creating online subsystem instance for: NULL
LogInit: WinSock: version 1.1 (2.2), MaxSocks=32767, MaxUdp=65467
LogOnline: OSS: TryLoadSubsystemAndSetDefault: Loaded subsystem for module [NULL]
LogOculusPluginWrapper: OculusPlugin initialized successfully
LogHMD: Failed initializing OVRPlugin 1.59.0
LogInit: Build: ++UE4+Release-4.27-CL-18319896
LogInit: Engine Version: 4.27.2-18319896+++UE4+Release-4.27
LogInit: Compatible Engine Version: 4.27.0-17155196+++UE4+Release-4.27
LogInit: Net CL: 17155196
LogInit: OS: Windows 10 (Release 2009) (), CPU: AMD Ryzen 7 7800X3D 8-Core Processor           , GPU: NVIDIA GeForce RTX 4080
LogInit: Compiled (64-bit): Nov 30 2021 07:12:08
LogInit: Compiled with Visual C++: 19.24.28315.00
LogInit: Build Configuration: Development
LogInit: Branch Name: ++UE4+Release-4.27
LogInit: Command Line:  /Game/2DSideScrollerBP/Maps/world1 -game -PIEVIACONSOLE -Multiprocess "GameUserSettingsINI=C:/Users/Trent/Documents/Unreal Projects/evilsidescrooler/Saved/Config/Windows/PIEGameUserSettings0.ini" -MultiprocessSaveConfig -forcepassthrough -messaging -SessionName="Play in Standalone Game" -windowed -ResX=1280 -ResY=720
LogInit: Base Directory: C:/Program Files/Epic Games/UE_4.27/Engine/Binaries/Win64/
LogInit: Allocator: TBB
LogInit: Installed Engine Build: 1
LogDevObjectVersion: Number of dev versions registered: 29
LogDevObjectVersion:   Dev-Blueprints (B0D832E4-1F89-4F0D-ACCF-7EB736FD4AA2): 10
LogDevObjectVersion:   Dev-Build (E1C64328-A22C-4D53-A36C-8E866417BD8C): 0
LogDevObjectVersion:   Dev-Core (375EC13C-06E4-48FB-B500-84F0262A717E): 4
LogDevObjectVersion:   Dev-Editor (E4B068ED-F494-42E9-A231-DA0B2E46BB41): 40
LogDevObjectVersion:   Dev-Framework (CFFC743F-43B0-4480-9391-14DF171D2073): 37
LogDevObjectVersion:   Dev-Mobile (B02B49B5-BB20-44E9-A304-32B752E40360): 3
LogDevObjectVersion:   Dev-Networking (A4E4105C-59A1-49B5-A7C5-40C4547EDFEE): 0
LogDevObjectVersion:   Dev-Online (39C831C9-5AE6-47DC-9A44-9C173E1C8E7C): 0
LogDevObjectVersion:   Dev-Physics (78F01B33-EBEA-4F98-B9B4-84EACCB95AA2): 14
LogDevObjectVersion:   Dev-Platform (6631380F-2D4D-43E0-8009-CF276956A95A): 0
LogDevObjectVersion:   Dev-Rendering (12F88B9F-8875-4AFC-A67C-D90C383ABD29): 45
LogDevObjectVersion:   Dev-Sequencer (7B5AE74C-D270-4C10-A958-57980B212A5A): 13
LogDevObjectVersion:   Dev-VR (D7296918-1DD6-4BDD-9DE2-64A83CC13884): 3
LogDevObjectVersion:   Dev-LoadTimes (C2A15278-BFE7-4AFE-6C17-90FF531DF755): 1
LogDevObjectVersion:   Private-Geometry (6EACA3D4-40EC-4CC1-B786-8BED09428FC5): 3
LogDevObjectVersion:   Dev-AnimPhys (29E575DD-E0A3-4627-9D10-D276232CDCEA): 17
LogDevObjectVersion:   Dev-Anim (AF43A65D-7FD3-4947-9873-3E8ED9C1BB05): 15
LogDevObjectVersion:   Dev-ReflectionCapture (6B266CEC-1EC7-4B8F-A30B-E4D90942FC07): 1
LogDevObjectVersion:   Dev-Automation (0DF73D61-A23F-47EA-B727-89E90C41499A): 1
LogDevObjectVersion:   FortniteMain (601D1886-AC64-4F84-AA16-D3DE0DEAC7D6): 47
LogDevObjectVersion:   FortniteRelease (E7086368-6B23-4C58-8439-1B7016265E91): 1
LogDevObjectVersion:   Dev-Enterprise (9DFFBCD6-494F-0158-E221-12823C92A888): 10
LogDevObjectVersion:   Dev-Niagara (F2AED0AC-9AFE-416F-8664-AA7FFA26D6FC): 1
LogDevObjectVersion:   Dev-Destruction (174F1F0B-B4C6-45A5-B13F-2EE8D0FB917D): 10
LogDevObjectVersion:   Dev-Physics-Ext (35F94A83-E258-406C-A318-09F59610247C): 41
LogDevObjectVersion:   Dev-PhysicsMaterial-Chaos (B68FC16E-8B1B-42E2-B453-215C058844FE): 1
LogDevObjectVersion:   Dev-CineCamera (B2E18506-4273-CFC2-A54E-F4BB758BBA07): 1
LogDevObjectVersion:   Dev-VirtualProduction (64F58936-FD1B-42BA-BA96-7289D5D0FA4E): 1
LogDevObjectVersion:   Dev-MediaFramework (6F0ED827-A609-4895-9C91-998D90180EA4): 2
LogInit: Presizing for max 25165824 objects, including 0 objects not considered by GC, pre-allocating 0 bytes for permanent pool.
LogConfig: Applying CVar settings from Section [/Script/Engine.StreamingSettings] File [C:/Users/Trent/Documents/Unreal Projects/evilsidescrooler/Saved/Config/Windows/Engine.ini]
LogConfig: Setting CVar [[s.MinBulkDataSizeForAsyncLoading:131072]]
LogConfig: Setting CVar [[s.AsyncLoadingThreadEnabled:0]]
LogConfig: Setting CVar [[s.EventDrivenLoaderEnabled:1]]
LogConfig: Setting CVar [[s.WarnIfTimeLimitExceeded:0]]
LogConfig: Setting CVar [[s.TimeLimitExceededMultiplier:1.5]]
LogConfig: Setting CVar [[s.TimeLimitExceededMinTime:0.005]]
LogConfig: Setting CVar [[s.UseBackgroundLevelStreaming:1]]
LogConfig: Setting CVar [[s.PriorityAsyncLoadingExtraTime:15.0]]
LogConfig: Setting CVar [[s.LevelStreamingActorsUpdateTimeLimit:5.0]]
LogConfig: Setting CVar [[s.PriorityLevelStreamingActorsUpdateExtraTime:5.0]]
LogConfig: Setting CVar [[s.LevelStreamingComponentsRegistrationGranularity:10]]
LogConfig: Setting CVar [[s.UnregisterComponentsTimeLimit:1.0]]
LogConfig: Setting CVar [[s.LevelStreamingComponentsUnregistrationGranularity:5]]
LogConfig: Setting CVar [[s.FlushStreamingOnExit:1]]
LogInit: Object subsystem initialized
LogConfig: Setting CVar [[con.DebugEarlyDefault:1]]
LogConfig: Setting CVar [[r.setres:1280x720]]
[2025.10.04-00.11.17:867][  0]LogConfig: Setting CVar [[con.DebugEarlyDefault:1]]
[2025.10.04-00.11.17:867][  0]LogConfig: Setting CVar [[r.setres:1280x720]]
[2025.10.04-00.11.17:867][  0]LogConfig: Applying CVar settings from Section [/Script/Engine.RendererSettings] File [C:/Users/Trent/Documents/Unreal Projects/evilsidescrooler/Saved/Config/Windows/Engine.ini]
[2025.10.04-00.11.17:867][  0]LogConfig: Setting CVar [[r.GPUCrashDebugging:0]]
[2025.10.04-00.11.17:867][  0]LogConfig: Setting CVar [[r.Mobile.DisableVertexFog:1]]
[2025.10.04-00.11.17:867][  0]LogConfig: Setting CVar [[r.Shadow.CSM.MaxMobileCascades:2]]
[2025.10.04-00.11.17:867][  0]LogConfig: Setting CVar [[r.MobileMSAA:1]]
[2025.10.04-00.11.17:867][  0]LogConfig: Setting CVar [[r.Mobile.AllowDitheredLODTransition:0]]
[2025.10.04-00.11.17:867][  0]LogConfig: Setting CVar [[r.Mobile.AllowSoftwareOcclusion:0]]
[2025.10.04-00.11.17:867][  0]LogConfig: Setting CVar [[r.Mobile.VirtualTextures:0]]
[2025.10.04-00.11.17:867][  0]LogConfig: Setting CVar [[r.DiscardUnusedQuality:0]]
[2025.10.04-00.11.17:867][  0]LogConfig: Setting CVar [[r.AllowOcclusionQueries:1]]
[2025.10.04-00.11.17:867][  0]LogConfig: Setting CVar [[r.MinScreenRadiusForLights:0.030000]]
[2025.10.04-00.11.17:867][  0]LogConfig: Setting CVar [[r.MinScreenRadiusForDepthPrepass:0.030000]]
[2025.10.04-00.11.17:867][  0]LogConfig: Setting CVar [[r.MinScreenRadiusForCSMDepth:0.010000]]
[2025.10.04-00.11.17:867][  0]LogConfig: Setting CVar [[r.PrecomputedVisibilityWarning:0]]
[2025.10.04-00.11.17:867][  0]LogConfig: Setting CVar [[r.TextureStreaming:1]]
[2025.10.04-00.11.17:867][  0]LogConfig: Setting CVar [[Compat.UseDXT5NormalMaps:0]]
[2025.10.04-00.11.17:867][  0]LogConfig: Setting CVar [[r.VirtualTextures:0]]
[2025.10.04-00.11.17:867][  0]LogConfig: Setting CVar [[r.VT.EnableAutoImport:1]]
[2025.10.04-00.11.17:867][  0]LogConfig: Setting CVar [[r.VirtualTexturedLightmaps:0]]
[2025.10.04-00.11.17:867][  0]LogConfig: Setting CVar [[r.VT.TileSize:128]]
[2025.10.04-00.11.17:867][  0]LogConfig: Setting CVar [[r.VT.TileBorderSize:4]]
[2025.10.04-00.11.17:867][  0]LogConfig: Setting CVar [[r.vt.FeedbackFactor:16]]
[2025.10.04-00.11.17:867][  0]LogConfig: Setting CVar [[r.VT.EnableCompressZlib:1]]
[2025.10.04-00.11.17:867][  0]LogConfig: Setting CVar [[r.VT.EnableCompressCrunch:0]]
[2025.10.04-00.11.17:867][  0]LogConfig: Setting CVar [[r.ClearCoatNormal:0]]
[2025.10.04-00.11.17:867][  0]LogConfig: Setting CVar [[r.ReflectionCaptureResolution:128]]
[2025.10.04-00.11.17:867][  0]LogConfig: Setting CVar [[r.Mobile.ReflectionCaptureCompression:0]]
[2025.10.04-00.11.17:867][  0]LogConfig: Setting CVar [[r.ReflectionEnvironmentLightmapMixBasedOnRoughness:1]]
[2025.10.04-00.11.17:867][  0]LogConfig: Setting CVar [[r.ForwardShading:0]]
[2025.10.04-00.11.17:867][  0]LogConfig: Setting CVar [[r.VertexFoggingForOpaque:1]]
[2025.10.04-00.11.17:867][  0]LogConfig: Setting CVar [[r.AllowStaticLighting:1]]
[2025.10.04-00.11.17:867][  0]LogConfig: Setting CVar [[r.NormalMapsForStaticLighting:0]]
[2025.10.04-00.11.17:867][  0]LogConfig: Setting CVar [[r.GenerateMeshDistanceFields:0]]
[2025.10.04-00.11.17:867][  0]LogConfig: Setting CVar [[r.DistanceFieldBuild.EightBit:0]]
[2025.10.04-00.11.17:867][  0]LogConfig: Setting CVar [[r.GenerateLandscapeGIData:0]]
[2025.10.04-00.11.17:867][  0]LogConfig: Setting CVar [[r.DistanceFieldBuild.Compress:0]]
[2025.10.04-00.11.17:867][  0]LogConfig: Setting CVar [[r.TessellationAdaptivePixelsPerTriangle:48.000000]]
[2025.10.04-00.11.17:867][  0]LogConfig: Setting CVar [[r.SeparateTranslucency:1]]
[2025.10.04-00.11.17:867][  0]LogConfig: Setting CVar [[r.TranslucentSortPolicy:0]]
[2025.10.04-00.11.17:867][  0]LogConfig: Setting CVar [[vr.VRS.HMDFixedFoveationLevel:0]]
[2025.10.04-00.11.17:867][  0]LogConfig: Setting CVar [[r.CustomDepth:1]]
[2025.10.04-00.11.17:867][  0]LogConfig: Setting CVar [[r.CustomDepthTemporalAAJitter:1]]
[2025.10.04-00.11.17:867][  0]LogConfig: Setting CVar [[r.PostProcessing.PropagateAlpha:0]]
[2025.10.04-00.11.17:867][  0]LogConfig: Setting CVar [[r.DefaultFeature.Bloom:1]]
[2025.10.04-00.11.17:867][  0]LogConfig: Setting CVar [[r.DefaultFeature.AmbientOcclusion:1]]
[2025.10.04-00.11.17:867][  0]LogConfig: Setting CVar [[r.DefaultFeature.AmbientOcclusionStaticFraction:1]]
[2025.10.04-00.11.17:867][  0]LogConfig: Setting CVar [[r.DefaultFeature.AutoExposure:0]]
[2025.10.04-00.11.17:867][  0]LogConfig: Setting CVar [[r.DefaultFeature.AutoExposure.Method:0]]
[2025.10.04-00.11.17:867][  0]LogConfig: Setting CVar [[r.DefaultFeature.AutoExposure.Bias:1.000000]]
[2025.10.04-00.11.17:867][  0]LogConfig: Setting CVar [[r.DefaultFeature.AutoExposure.ExtendDefaultLuminanceRange:0]]
[2025.10.04-00.11.17:867][  0]LogConfig: Setting CVar [[r.UsePreExposure:1]]
[2025.10.04-00.11.17:867][  0]LogConfig: Setting CVar [[r.EyeAdaptation.EditorOnly:0]]
[2025.10.04-00.11.17:867][  0]LogConfig: Setting CVar [[r.DefaultFeature.MotionBlur:0]]
[2025.10.04-00.11.17:867][  0]LogConfig: Setting CVar [[r.DefaultFeature.LensFlare:0]]
[2025.10.04-00.11.17:867][  0]LogConfig: Setting CVar [[r.TemporalAA.Upsampling:0]]
[2025.10.04-00.11.17:867][  0]LogConfig: Setting CVar [[r.SSGI.Enable:0]]
[2025.10.04-00.11.17:867][  0]LogConfig: Setting CVar [[r.DefaultFeature.AntiAliasing:1]]
[2025.10.04-00.11.17:868][  0]LogConfig: Setting CVar [[r.DefaultFeature.LightUnits:1]]
[2025.10.04-00.11.17:868][  0]LogConfig: Setting CVar [[r.DefaultBackBufferPixelFormat:4]]
[2025.10.04-00.11.17:868][  0]LogConfig: Setting CVar [[r.Shadow.UnbuiltPreviewInGame:1]]
[2025.10.04-00.11.17:868][  0]LogConfig: Setting CVar [[r.StencilForLODDither:0]]
[2025.10.04-00.11.17:868][  0]LogConfig: Setting CVar [[r.EarlyZPass:3]]
[2025.10.04-00.11.17:868][  0]LogConfig: Setting CVar [[r.EarlyZPassOnlyMaterialMasking:0]]
[2025.10.04-00.11.17:868][  0]LogConfig: Setting CVar [[r.DBuffer:1]]
[2025.10.04-00.11.17:868][  0]LogConfig: Setting CVar [[r.ClearSceneMethod:1]]
[2025.10.04-00.11.17:868][  0]LogConfig: Setting CVar [[r.BasePassOutputsVelocity:0]]
[2025.10.04-00.11.17:868][  0]LogConfig: Setting CVar [[r.VertexDeformationOutputsVelocity:0]]
[2025.10.04-00.11.17:868][  0]LogConfig: Setting CVar [[r.SelectiveBasePassOutputs:0]]
[2025.10.04-00.11.17:868][  0]LogConfig: Setting CVar [[fx.GPUSimulationTextureSizeX:1024]]
[2025.10.04-00.11.17:868][  0]LogConfig: Setting CVar [[fx.GPUSimulationTextureSizeY:1024]]
[2025.10.04-00.11.17:868][  0]LogConfig: Setting CVar [[r.AllowGlobalClipPlane:0]]
[2025.10.04-00.11.17:868][  0]LogConfig: Setting CVar [[r.GBufferFormat:1]]
[2025.10.04-00.11.17:868][  0]LogConfig: Setting CVar [[r.MorphTarget.Mode:1]]
[2025.10.04-00.11.17:868][  0]LogConfig: Setting CVar [[vr.InstancedStereo:0]]
[2025.10.04-00.11.17:868][  0]LogConfig: Setting CVar [[r.MobileHDR:0]]
[2025.10.04-00.11.17:868][  0]LogConfig: Setting CVar [[vr.MobileMultiView:0]]
[2025.10.04-00.11.17:868][  0]LogConfig: Setting CVar [[r.Mobile.UseHWsRGBEncoding:0]]
[2025.10.04-00.11.17:868][  0]LogConfig: Setting CVar [[vr.RoundRobinOcclusion:0]]
[2025.10.04-00.11.17:868][  0]LogConfig: Setting CVar [[vr.ODSCapture:0]]
[2025.10.04-00.11.17:868][  0]LogConfig: Setting CVar [[r.MeshStreaming:0]]
[2025.10.04-00.11.17:868][  0]LogConfig: Setting CVar [[r.WireframeCullThreshold:5.000000]]
[2025.10.04-00.11.17:868][  0]LogConfig: Setting CVar [[r.RayTracing:0]]
[2025.10.04-00.11.17:868][  0]LogConfig: Setting CVar [[r.RayTracing.UseTextureLod:0]]
[2025.10.04-00.11.17:868][  0]LogConfig: Setting CVar [[r.SupportStationarySkylight:1]]
[2025.10.04-00.11.17:868][  0]LogConfig: Setting CVar [[r.SupportLowQualityLightmaps:1]]
[2025.10.04-00.11.17:868][  0]LogConfig: Setting CVar [[r.SupportPointLightWholeSceneShadows:1]]
[2025.10.04-00.11.17:868][  0]LogConfig: Setting CVar [[r.SupportAtmosphericFog:1]]
[2025.10.04-00.11.17:868][  0]LogConfig: Setting CVar [[r.SupportSkyAtmosphere:1]]
[2025.10.04-00.11.17:868][  0]LogConfig: Setting CVar [[r.SupportSkyAtmosphereAffectsHeightFog:0]]
[2025.10.04-00.11.17:868][  0]LogConfig: Setting CVar [[r.SkinCache.CompileShaders:0]]
[2025.10.04-00.11.17:868][  0]LogConfig: Setting CVar [[r.SkinCache.DefaultBehavior:1]]
[2025.10.04-00.11.17:868][  0]LogConfig: Setting CVar [[r.SkinCache.SceneMemoryLimitInMB:128.000000]]
[2025.10.04-00.11.17:868][  0]LogConfig: Setting CVar [[r.Mobile.EnableStaticAndCSMShadowReceivers:1]]
[2025.10.04-00.11.17:868][  0]LogConfig: Setting CVar [[r.Mobile.EnableMovableLightCSMShaderCulling:1]]
[2025.10.04-00.11.17:868][  0]LogConfig: Setting CVar [[r.Mobile.AllowDistanceFieldShadows:1]]
[2025.10.04-00.11.17:868][  0]LogConfig: Setting CVar [[r.Mobile.AllowMovableDirectionalLights:1]]
[2025.10.04-00.11.17:868][  0]LogConfig: Setting CVar [[r.MobileNumDynamicPointLights:4]]
[2025.10.04-00.11.17:868][  0]LogConfig: Setting CVar [[r.MobileDynamicPointLightsUseStaticBranch:1]]
[2025.10.04-00.11.17:868][  0]LogConfig: Setting CVar [[r.Mobile.EnableMovableSpotlights:0]]
[2025.10.04-00.11.17:868][  0]LogConfig: Setting CVar [[r.Mobile.EnableMovableSpotlightsShadow:0]]
[2025.10.04-00.11.17:868][  0]LogConfig: Setting CVar [[r.GPUSkin.Support16BitBoneIndex:0]]
[2025.10.04-00.11.17:868][  0]LogConfig: Setting CVar [[r.GPUSkin.Limit2BoneInfluences:0]]
[2025.10.04-00.11.17:868][  0]LogConfig: Setting CVar [[r.SupportDepthOnlyIndexBuffers:1]]
[2025.10.04-00.11.17:868][  0]LogConfig: Setting CVar [[r.SupportReversedIndexBuffers:1]]
[2025.10.04-00.11.17:868][  0]LogConfig: Setting CVar [[r.LightPropagationVolume:0]]
[2025.10.04-00.11.17:868][  0]LogConfig: Setting CVar [[r.Mobile.AmbientOcclusion:0]]
[2025.10.04-00.11.17:868][  0]LogConfig: Setting CVar [[r.GPUSkin.UnlimitedBoneInfluences:0]]
[2025.10.04-00.11.17:868][  0]LogConfig: Setting CVar [[r.GPUSkin.UnlimitedBoneInfluencesThreshold:8]]
[2025.10.04-00.11.17:868][  0]LogConfig: Setting CVar [[r.Mobile.PlanarReflectionMode:0]]
[2025.10.04-00.11.17:868][  0]LogConfig: Setting CVar [[r.Mobile.SupportsGen4TAA:0]]
[2025.10.04-00.11.17:868][  0]LogConfig: Applying CVar settings from Section [/Script/Engine.RendererOverrideSettings] File [C:/Users/Trent/Documents/Unreal Projects/evilsidescrooler/Saved/Config/Windows/Engine.ini]
[2025.10.04-00.11.17:868][  0]LogConfig: Applying CVar settings from Section [/Script/Engine.StreamingSettings] File [C:/Users/Trent/Documents/Unreal Projects/evilsidescrooler/Saved/Config/Windows/Engine.ini]
[2025.10.04-00.11.17:868][  0]LogConfig: Setting CVar [[s.MinBulkDataSizeForAsyncLoading:131072]]
[2025.10.04-00.11.17:868][  0]LogConfig: Setting CVar [[s.AsyncLoadingThreadEnabled:0]]
[2025.10.04-00.11.17:868][  0]LogConfig: Setting CVar [[s.EventDrivenLoaderEnabled:1]]
[2025.10.04-00.11.17:868][  0]LogConfig: Setting CVar [[s.WarnIfTimeLimitExceeded:0]]
[2025.10.04-00.11.17:868][  0]LogConfig: Setting CVar [[s.TimeLimitExceededMultiplier:1.5]]
[2025.10.04-00.11.17:868][  0]LogConfig: Setting CVar [[s.TimeLimitExceededMinTime:0.005]]
[2025.10.04-00.11.17:868][  0]LogConfig: Setting CVar [[s.UseBackgroundLevelStreaming:1]]
[2025.10.04-00.11.17:868][  0]LogConfig: Setting CVar [[s.PriorityAsyncLoadingExtraTime:15.0]]
[2025.10.04-00.11.17:868][  0]LogConfig: Setting CVar [[s.LevelStreamingActorsUpdateTimeLimit:5.0]]
[2025.10.04-00.11.17:868][  0]LogConfig: Setting CVar [[s.PriorityLevelStreamingActorsUpdateExtraTime:5.0]]
[2025.10.04-00.11.17:868][  0]LogConfig: Setting CVar [[s.LevelStreamingComponentsRegistrationGranularity:10]]
[2025.10.04-00.11.17:868][  0]LogConfig: Setting CVar [[s.UnregisterComponentsTimeLimit:1.0]]
[2025.10.04-00.11.17:868][  0]LogConfig: Setting CVar [[s.LevelStreamingComponentsUnregistrationGranularity:5]]
[2025.10.04-00.11.17:868][  0]LogConfig: Setting CVar [[s.FlushStreamingOnExit:1]]
[2025.10.04-00.11.17:868][  0]LogConfig: Applying CVar settings from Section [/Script/Engine.GarbageCollectionSettings] File [C:/Users/Trent/Documents/Unreal Projects/evilsidescrooler/Saved/Config/Windows/Engine.ini]
[2025.10.04-00.11.17:868][  0]LogConfig: Setting CVar [[gc.MaxObjectsNotConsideredByGC:1]]
[2025.10.04-00.11.17:868][  0]LogConfig: Setting CVar [[gc.SizeOfPermanentObjectPool:0]]
[2025.10.04-00.11.17:868][  0]LogConfig: Setting CVar [[gc.FlushStreamingOnGC:0]]
[2025.10.04-00.11.17:868][  0]LogConfig: Setting CVar [[gc.NumRetriesBeforeForcingGC:10]]
[2025.10.04-00.11.17:868][  0]LogConfig: Setting CVar [[gc.AllowParallelGC:1]]
[2025.10.04-00.11.17:868][  0]LogConfig: Setting CVar [[gc.TimeBetweenPurgingPendingKillObjects:61.1]]
[2025.10.04-00.11.17:868][  0]LogConfig: Setting CVar [[gc.MaxObjectsInEditor:25165824]]
[2025.10.04-00.11.17:868][  0]LogConfig: Setting CVar [[gc.IncrementalBeginDestroyEnabled:1]]
[2025.10.04-00.11.17:868][  0]LogConfig: Setting CVar [[gc.CreateGCClusters:1]]
[2025.10.04-00.11.17:868][  0]LogConfig: Setting CVar [[gc.MinGCClusterSize:5]]
[2025.10.04-00.11.17:868][  0]LogConfig: Setting CVar [[gc.ActorClusteringEnabled:0]]
[2025.10.04-00.11.17:868][  0]LogConfig: Setting CVar [[gc.BlueprintClusteringEnabled:0]]
[2025.10.04-00.11.17:868][  0]LogConfig: Setting CVar [[gc.UseDisregardForGCOnDedicatedServers:0]]
[2025.10.04-00.11.17:868][  0]LogConfig: Setting CVar [[gc.MultithreadedDestructionEnabled:1]]
[2025.10.04-00.11.17:868][  0]LogConfig: Applying CVar settings from Section [/Script/Engine.NetworkSettings] File [C:/Users/Trent/Documents/Unreal Projects/evilsidescrooler/Saved/Config/Windows/Engine.ini]
[2025.10.04-00.11.17:868][  0]LogConfig: Applying CVar settings from Section [/Script/UnrealEd.CookerSettings] File [C:/Users/Trent/Documents/Unreal Projects/evilsidescrooler/Saved/Config/Windows/Engine.ini]
[2025.10.04-00.11.17:883][  0]LogConfig: Applying CVar settings from Section [ViewDistanceQuality@3] File [C:/Users/Trent/Documents/Unreal Projects/evilsidescrooler/Saved/Config/Windows/Scalability.ini]
[2025.10.04-00.11.17:883][  0]LogConfig: Setting CVar [[r.SkeletalMeshLODBias:0]]
[2025.10.04-00.11.17:883][  0]LogConfig: Setting CVar [[r.ViewDistanceScale:1.0]]
[2025.10.04-00.11.17:883][  0]LogConfig: Applying CVar settings from Section [AntiAliasingQuality@3] File [C:/Users/Trent/Documents/Unreal Projects/evilsidescrooler/Saved/Config/Windows/Scalability.ini]
[2025.10.04-00.11.17:883][  0]LogConfig: Setting CVar [[r.PostProcessAAQuality:4]]
[2025.10.04-00.11.17:883][  0]LogConfig: Applying CVar settings from Section [ShadowQuality@3] File [C:/Users/Trent/Documents/Unreal Projects/evilsidescrooler/Saved/Config/Windows/Scalability.ini]
[2025.10.04-00.11.17:883][  0]LogConfig: Setting CVar [[r.LightFunctionQuality:1]]
[2025.10.04-00.11.17:883][  0]LogConfig: Setting CVar [[r.ShadowQuality:5]]
[2025.10.04-00.11.17:883][  0]LogConfig: Setting CVar [[r.Shadow.CSM.MaxCascades:10]]
[2025.10.04-00.11.17:883][  0]LogConfig: Setting CVar [[r.Shadow.MaxResolution:2048]]
[2025.10.04-00.11.17:883][  0]LogConfig: Setting CVar [[r.Shadow.MaxCSMResolution:2048]]
[2025.10.04-00.11.17:883][  0]LogConfig: Setting CVar [[r.Shadow.RadiusThreshold:0.01]]
[2025.10.04-00.11.17:883][  0]LogConfig: Setting CVar [[r.Shadow.DistanceScale:1.0]]
[2025.10.04-00.11.17:883][  0]LogConfig: Setting CVar [[r.Shadow.CSM.TransitionScale:1.0]]
[2025.10.04-00.11.17:883][  0]LogConfig: Setting CVar [[r.Shadow.PreShadowResolutionFactor:1.0]]
[2025.10.04-00.11.17:883][  0]LogConfig: Setting CVar [[r.DistanceFieldShadowing:1]]
[2025.10.04-00.11.17:883][  0]LogConfig: Setting CVar [[r.DistanceFieldAO:1]]
[2025.10.04-00.11.17:883][  0]LogConfig: Setting CVar [[r.AOQuality:2]]
[2025.10.04-00.11.17:883][  0]LogConfig: Setting CVar [[r.VolumetricFog:1]]
[2025.10.04-00.11.17:883][  0]LogConfig: Setting CVar [[r.VolumetricFog.GridPixelSize:8]]
[2025.10.04-00.11.17:883][  0]LogConfig: Setting CVar [[r.VolumetricFog.GridSizeZ:128]]
[2025.10.04-00.11.17:883][  0]LogConfig: Setting CVar [[r.VolumetricFog.HistoryMissSupersampleCount:4]]
[2025.10.04-00.11.17:883][  0]LogConfig: Setting CVar [[r.LightMaxDrawDistanceScale:1]]
[2025.10.04-00.11.17:883][  0]LogConfig: Setting CVar [[r.CapsuleShadows:1]]
[2025.10.04-00.11.17:883][  0]LogConfig: Applying CVar settings from Section [PostProcessQuality@3] File [C:/Users/Trent/Documents/Unreal Projects/evilsidescrooler/Saved/Config/Windows/Scalability.ini]
[2025.10.04-00.11.17:883][  0]LogConfig: Setting CVar [[r.MotionBlurQuality:4]]
[2025.10.04-00.11.17:883][  0]LogConfig: Setting CVar [[r.AmbientOcclusionMipLevelFactor:0.4]]
[2025.10.04-00.11.17:883][  0]LogConfig: Setting CVar [[r.AmbientOcclusionMaxQuality:100]]
[2025.10.04-00.11.17:883][  0]LogConfig: Setting CVar [[r.AmbientOcclusionLevels:-1]]
[2025.10.04-00.11.17:883][  0]LogConfig: Setting CVar [[r.AmbientOcclusionRadiusScale:1.0]]
[2025.10.04-00.11.17:883][  0]LogConfig: Setting CVar [[r.DepthOfFieldQuality:2]]
[2025.10.04-00.11.17:883][  0]LogConfig: Setting CVar [[r.RenderTargetPoolMin:400]]
[2025.10.04-00.11.17:883][  0]LogConfig: Setting CVar [[r.LensFlareQuality:2]]
[2025.10.04-00.11.17:883][  0]LogConfig: Setting CVar [[r.SceneColorFringeQuality:1]]
[2025.10.04-00.11.17:883][  0]LogConfig: Setting CVar [[r.EyeAdaptationQuality:2]]
[2025.10.04-00.11.17:883][  0]LogConfig: Setting CVar [[r.BloomQuality:5]]
[2025.10.04-00.11.17:883][  0]LogConfig: Setting CVar [[r.FastBlurThreshold:100]]
[2025.10.04-00.11.17:883][  0]LogConfig: Setting CVar [[r.Upscale.Quality:3]]
[2025.10.04-00.11.17:883][  0]LogConfig: Setting CVar [[r.Tonemapper.GrainQuantization:1]]
[2025.10.04-00.11.17:883][  0]LogConfig: Setting CVar [[r.LightShaftQuality:1]]
[2025.10.04-00.11.17:883][  0]LogConfig: Setting CVar [[r.Filter.SizeScale:1]]
[2025.10.04-00.11.17:883][  0]LogConfig: Setting CVar [[r.Tonemapper.Quality:5]]
[2025.10.04-00.11.17:883][  0]LogConfig: Setting CVar [[r.DOF.Gather.AccumulatorQuality:1        ; higher gathering accumulator quality]]
[2025.10.04-00.11.17:883][  0]LogConfig: Setting CVar [[r.DOF.Gather.PostfilterMethod:1          ; Median3x3 postfilering method]]
[2025.10.04-00.11.17:883][  0]LogConfig: Setting CVar [[r.DOF.Gather.EnableBokehSettings:0       ; no bokeh simulation when gathering]]
[2025.10.04-00.11.17:883][  0]LogConfig: Setting CVar [[r.DOF.Gather.RingCount:4                 ; medium number of samples when gathering]]
[2025.10.04-00.11.17:883][  0]LogConfig: Setting CVar [[r.DOF.Scatter.ForegroundCompositing:1    ; additive foreground scattering]]
[2025.10.04-00.11.17:883][  0]LogConfig: Setting CVar [[r.DOF.Scatter.BackgroundCompositing:2    ; additive background scattering]]
[2025.10.04-00.11.17:883][  0]LogConfig: Setting CVar [[r.DOF.Scatter.EnableBokehSettings:1      ; bokeh simulation when scattering]]
[2025.10.04-00.11.17:883][  0]LogConfig: Setting CVar [[r.DOF.Scatter.MaxSpriteRatio:0.1         ; only a maximum of 10% of scattered bokeh]]
[2025.10.04-00.11.17:883][  0]LogConfig: Setting CVar [[r.DOF.Recombine.Quality:1                ; cheap slight out of focus]]
[2025.10.04-00.11.17:883][  0]LogConfig: Setting CVar [[r.DOF.Recombine.EnableBokehSettings:0    ; no bokeh simulation on slight out of focus]]
[2025.10.04-00.11.17:883][  0]LogConfig: Setting CVar [[r.DOF.TemporalAAQuality:1                ; more stable temporal accumulation]]
[2025.10.04-00.11.17:883][  0]LogConfig: Setting CVar [[r.DOF.Kernel.MaxForegroundRadius:0.025]]
[2025.10.04-00.11.17:883][  0]LogConfig: Setting CVar [[r.DOF.Kernel.MaxBackgroundRadius:0.025]]
[2025.10.04-00.11.17:883][  0]LogConfig: Applying CVar settings from Section [TextureQuality@3] File [C:/Users/Trent/Documents/Unreal Projects/evilsidescrooler/Saved/Config/Windows/Scalability.ini]
[2025.10.04-00.11.17:883][  0]LogConfig: Setting CVar [[r.Streaming.MipBias:0]]
[2025.10.04-00.11.17:883][  0]LogConfig: Setting CVar [[r.Streaming.AmortizeCPUToGPUCopy:0]]
[2025.10.04-00.11.17:883][  0]LogConfig: Setting CVar [[r.Streaming.MaxNumTexturesToStreamPerFrame:0]]
[2025.10.04-00.11.17:883][  0]LogConfig: Setting CVar [[r.Streaming.Boost:1]]
[2025.10.04-00.11.17:883][  0]LogConfig: Setting CVar [[r.MaxAnisotropy:8]]
[2025.10.04-00.11.17:883][  0]LogConfig: Setting CVar [[r.VT.MaxAnisotropy:8]]
[2025.10.04-00.11.17:883][  0]LogConfig: Setting CVar [[r.Streaming.LimitPoolSizeToVRAM:0]]
[2025.10.04-00.11.17:883][  0]LogConfig: Setting CVar [[r.Streaming.PoolSize:1000]]
[2025.10.04-00.11.17:883][  0]LogConfig: Setting CVar [[r.Streaming.MaxEffectiveScreenSize:0]]
[2025.10.04-00.11.17:883][  0]LogConfig: Applying CVar settings from Section [EffectsQuality@3] File [C:/Users/Trent/Documents/Unreal Projects/evilsidescrooler/Saved/Config/Windows/Scalability.ini]
[2025.10.04-00.11.17:883][  0]LogConfig: Setting CVar [[r.TranslucencyLightingVolumeDim:64]]
[2025.10.04-00.11.17:883][  0]LogConfig: Setting CVar [[r.RefractionQuality:2]]
[2025.10.04-00.11.17:883][  0]LogConfig: Setting CVar [[r.SSR.Quality:3]]
[2025.10.04-00.11.17:883][  0]LogConfig: Setting CVar [[r.SSR.HalfResSceneColor:0]]
[2025.10.04-00.11.17:883][  0]LogConfig: Setting CVar [[r.SceneColorFormat:4]]
[2025.10.04-00.11.17:883][  0]LogConfig: Setting CVar [[r.DetailMode:2]]
[2025.10.04-00.11.17:883][  0]LogConfig: Setting CVar [[r.TranslucencyVolumeBlur:1]]
[2025.10.04-00.11.17:883][  0]LogConfig: Setting CVar [[r.MaterialQualityLevel:1 ; High quality]]
[2025.10.04-00.11.17:883][  0]LogConfig: Setting CVar [[r.AnisotropicMaterials:1]]
[2025.10.04-00.11.17:883][  0]LogConfig: Setting CVar [[r.SSS.Scale:1]]
[2025.10.04-00.11.17:883][  0]LogConfig: Setting CVar [[r.SSS.SampleSet:2]]
[2025.10.04-00.11.17:883][  0]LogConfig: Setting CVar [[r.SSS.Quality:1]]
[2025.10.04-00.11.17:883][  0]LogConfig: Setting CVar [[r.SSS.HalfRes:0]]
[2025.10.04-00.11.17:883][  0]LogConfig: Setting CVar [[r.SSGI.Quality:3]]
[2025.10.04-00.11.17:883][  0]LogConfig: Setting CVar [[r.EmitterSpawnRateScale:1.0]]
[2025.10.04-00.11.17:883][  0]LogConfig: Setting CVar [[r.ParticleLightQuality:2]]
[2025.10.04-00.11.17:883][  0]LogConfig: Setting CVar [[r.SkyAtmosphere.AerialPerspectiveLUT.FastApplyOnOpaque:1 ; Always have FastSkyLUT 1 in this case to avoid wrong sky]]
[2025.10.04-00.11.17:883][  0]LogConfig: Setting CVar [[r.SkyAtmosphere.AerialPerspectiveLUT.SampleCountMaxPerSlice:4]]
[2025.10.04-00.11.17:883][  0]LogConfig: Setting CVar [[r.SkyAtmosphere.AerialPerspectiveLUT.DepthResolution:16.0]]
[2025.10.04-00.11.17:883][  0]LogConfig: Setting CVar [[r.SkyAtmosphere.FastSkyLUT:1]]
[2025.10.04-00.11.17:883][  0]LogConfig: Setting CVar [[r.SkyAtmosphere.FastSkyLUT.SampleCountMin:4.0]]
[2025.10.04-00.11.17:883][  0]LogConfig: Setting CVar [[r.SkyAtmosphere.FastSkyLUT.SampleCountMax:128.0]]
[2025.10.04-00.11.17:883][  0]LogConfig: Setting CVar [[r.SkyAtmosphere.SampleCountMin:4.0]]
[2025.10.04-00.11.17:883][  0]LogConfig: Setting CVar [[r.SkyAtmosphere.SampleCountMax:128.0]]
[2025.10.04-00.11.17:883][  0]LogConfig: Setting CVar [[r.SkyAtmosphere.TransmittanceLUT.UseSmallFormat:0]]
[2025.10.04-00.11.17:883][  0]LogConfig: Setting CVar [[r.SkyAtmosphere.TransmittanceLUT.SampleCount:10.0]]
[2025.10.04-00.11.17:883][  0]LogConfig: Setting CVar [[r.SkyAtmosphere.MultiScatteringLUT.SampleCount:15.0]]
[2025.10.04-00.11.17:883][  0]LogConfig: Setting CVar [[r.SkyLight.RealTimeReflectionCapture:1]]
[2025.10.04-00.11.17:883][  0]LogConfig: Applying CVar settings from Section [FoliageQuality@3] File [C:/Users/Trent/Documents/Unreal Projects/evilsidescrooler/Saved/Config/Windows/Scalability.ini]
[2025.10.04-00.11.17:883][  0]LogConfig: Setting CVar [[foliage.DensityScale:1.0]]
[2025.10.04-00.11.17:883][  0]LogConfig: Setting CVar [[grass.DensityScale:1.0]]
[2025.10.04-00.11.17:883][  0]LogConfig: Applying CVar settings from Section [ShadingQuality@3] File [C:/Users/Trent/Documents/Unreal Projects/evilsidescrooler/Saved/Config/Windows/Scalability.ini]
[2025.10.04-00.11.17:883][  0]LogConfig: Setting CVar [[r.HairStrands.SkyLighting.IntegrationType:2]]
[2025.10.04-00.11.17:883][  0]LogConfig: Setting CVar [[r.HairStrands.SkyAO.SampleCount:4]]
[2025.10.04-00.11.17:883][  0]LogConfig: Setting CVar [[r.HairStrands.Visibility.MSAA.SamplePerPixel:4]]
[2025.10.04-00.11.17:883][  0]LogInit: Selected Device Profile: [Windows]
[2025.10.04-00.11.17:883][  0]LogInit: Applying CVar settings loaded from the selected device profile: [Windows]
[2025.10.04-00.11.17:883][  0]LogHAL: Display: Platform has ~ 32 GB [33458302976 / 34359738368 / 32], which maps to Largest [LargestMinGB=32, LargerMinGB=12, DefaultMinGB=8, SmallerMinGB=6, SmallestMinGB=0)
[2025.10.04-00.11.17:883][  0]LogInit: Going up to parent DeviceProfile []
[2025.10.04-00.11.17:883][  0]LogConfig: Applying CVar settings from Section [ViewDistanceQuality@3] File [C:/Users/Trent/Documents/Unreal Projects/evilsidescrooler/Saved/Config/Windows/Scalability.ini]
[2025.10.04-00.11.17:883][  0]LogConfig: Setting CVar [[r.SkeletalMeshLODBias:0]]
[2025.10.04-00.11.17:883][  0]LogConfig: Setting CVar [[r.ViewDistanceScale:1.0]]
[2025.10.04-00.11.17:883][  0]LogConfig: Applying CVar settings from Section [AntiAliasingQuality@3] File [C:/Users/Trent/Documents/Unreal Projects/evilsidescrooler/Saved/Config/Windows/Scalability.ini]
[2025.10.04-00.11.17:883][  0]LogConfig: Setting CVar [[r.PostProcessAAQuality:4]]
[2025.10.04-00.11.17:883][  0]LogConfig: Applying CVar settings from Section [ShadowQuality@3] File [C:/Users/Trent/Documents/Unreal Projects/evilsidescrooler/Saved/Config/Windows/Scalability.ini]
[2025.10.04-00.11.17:883][  0]LogConfig: Setting CVar [[r.LightFunctionQuality:1]]
[2025.10.04-00.11.17:883][  0]LogConfig: Setting CVar [[r.ShadowQuality:5]]
[2025.10.04-00.11.17:883][  0]LogConfig: Setting CVar [[r.Shadow.CSM.MaxCascades:10]]
[2025.10.04-00.11.17:883][  0]LogConfig: Setting CVar [[r.Shadow.MaxResolution:2048]]
[2025.10.04-00.11.17:883][  0]LogConfig: Setting CVar [[r.Shadow.MaxCSMResolution:2048]]
[2025.10.04-00.11.17:883][  0]LogConfig: Setting CVar [[r.Shadow.RadiusThreshold:0.01]]
[2025.10.04-00.11.17:883][  0]LogConfig: Setting CVar [[r.Shadow.DistanceScale:1.0]]
[2025.10.04-00.11.17:883][  0]LogConfig: Setting CVar [[r.Shadow.CSM.TransitionScale:1.0]]
[2025.10.04-00.11.17:883][  0]LogConfig: Setting CVar [[r.Shadow.PreShadowResolutionFactor:1.0]]
[2025.10.04-00.11.17:883][  0]LogConfig: Setting CVar [[r.DistanceFieldShadowing:1]]
[2025.10.04-00.11.17:883][  0]LogConfig: Setting CVar [[r.DistanceFieldAO:1]]
[2025.10.04-00.11.17:883][  0]LogConfig: Setting CVar [[r.AOQuality:2]]
[2025.10.04-00.11.17:883][  0]LogConfig: Setting CVar [[r.VolumetricFog:1]]
[2025.10.04-00.11.17:883][  0]LogConfig: Setting CVar [[r.VolumetricFog.GridPixelSize:8]]
[2025.10.04-00.11.17:883][  0]LogConfig: Setting CVar [[r.VolumetricFog.GridSizeZ:128]]
[2025.10.04-00.11.17:883][  0]LogConfig: Setting CVar [[r.VolumetricFog.HistoryMissSupersampleCount:4]]
[2025.10.04-00.11.17:883][  0]LogConfig: Setting CVar [[r.LightMaxDrawDistanceScale:1]]
[2025.10.04-00.11.17:884][  0]LogConfig: Setting CVar [[r.CapsuleShadows:1]]
[2025.10.04-00.11.17:884][  0]LogConfig: Applying CVar settings from Section [PostProcessQuality@3] File [C:/Users/Trent/Documents/Unreal Projects/evilsidescrooler/Saved/Config/Windows/Scalability.ini]
[2025.10.04-00.11.17:884][  0]LogConfig: Setting CVar [[r.MotionBlurQuality:4]]
[2025.10.04-00.11.17:884][  0]LogConfig: Setting CVar [[r.AmbientOcclusionMipLevelFactor:0.4]]
[2025.10.04-00.11.17:884][  0]LogConfig: Setting CVar [[r.AmbientOcclusionMaxQuality:100]]
[2025.10.04-00.11.17:884][  0]LogConfig: Setting CVar [[r.AmbientOcclusionLevels:-1]]
[2025.10.04-00.11.17:884][  0]LogConfig: Setting CVar [[r.AmbientOcclusionRadiusScale:1.0]]
[2025.10.04-00.11.17:884][  0]LogConfig: Setting CVar [[r.DepthOfFieldQuality:2]]
[2025.10.04-00.11.17:884][  0]LogConfig: Setting CVar [[r.RenderTargetPoolMin:400]]
[2025.10.04-00.11.17:884][  0]LogConfig: Setting CVar [[r.LensFlareQuality:2]]
[2025.10.04-00.11.17:884][  0]LogConfig: Setting CVar [[r.SceneColorFringeQuality:1]]
[2025.10.04-00.11.17:884][  0]LogConfig: Setting CVar [[r.EyeAdaptationQuality:2]]
[2025.10.04-00.11.17:884][  0]LogConfig: Setting CVar [[r.BloomQuality:5]]
[2025.10.04-00.11.17:884][  0]LogConfig: Setting CVar [[r.FastBlurThreshold:100]]
[2025.10.04-00.11.17:884][  0]LogConfig: Setting CVar [[r.Upscale.Quality:3]]
[2025.10.04-00.11.17:884][  0]LogConfig: Setting CVar [[r.Tonemapper.GrainQuantization:1]]
[2025.10.04-00.11.17:884][  0]LogConfig: Setting CVar [[r.LightShaftQuality:1]]
[2025.10.04-00.11.17:884][  0]LogConfig: Setting CVar [[r.Filter.SizeScale:1]]
[2025.10.04-00.11.17:884][  0]LogConfig: Setting CVar [[r.Tonemapper.Quality:5]]
[2025.10.04-00.11.17:884][  0]LogConfig: Setting CVar [[r.DOF.Gather.AccumulatorQuality:1        ; higher gathering accumulator quality]]
[2025.10.04-00.11.17:884][  0]LogConfig: Setting CVar [[r.DOF.Gather.PostfilterMethod:1          ; Median3x3 postfilering method]]
[2025.10.04-00.11.17:884][  0]LogConfig: Setting CVar [[r.DOF.Gather.EnableBokehSettings:0       ; no bokeh simulation when gathering]]
[2025.10.04-00.11.17:884][  0]LogConfig: Setting CVar [[r.DOF.Gather.RingCount:4                 ; medium number of samples when gathering]]
[2025.10.04-00.11.17:884][  0]LogConfig: Setting CVar [[r.DOF.Scatter.ForegroundCompositing:1    ; additive foreground scattering]]
[2025.10.04-00.11.17:884][  0]LogConfig: Setting CVar [[r.DOF.Scatter.BackgroundCompositing:2    ; additive background scattering]]
[2025.10.04-00.11.17:884][  0]LogConfig: Setting CVar [[r.DOF.Scatter.EnableBokehSettings:1      ; bokeh simulation when scattering]]
[2025.10.04-00.11.17:884][  0]LogConfig: Setting CVar [[r.DOF.Scatter.MaxSpriteRatio:0.1         ; only a maximum of 10% of scattered bokeh]]
[2025.10.04-00.11.17:884][  0]LogConfig: Setting CVar [[r.DOF.Recombine.Quality:1                ; cheap slight out of focus]]
[2025.10.04-00.11.17:884][  0]LogConfig: Setting CVar [[r.DOF.Recombine.EnableBokehSettings:0    ; no bokeh simulation on slight out of focus]]
[2025.10.04-00.11.17:884][  0]LogConfig: Setting CVar [[r.DOF.TemporalAAQuality:1                ; more stable temporal accumulation]]
[2025.10.04-00.11.17:884][  0]LogConfig: Setting CVar [[r.DOF.Kernel.MaxForegroundRadius:0.025]]
[2025.10.04-00.11.17:884][  0]LogConfig: Setting CVar [[r.DOF.Kernel.MaxBackgroundRadius:0.025]]
[2025.10.04-00.11.17:884][  0]LogConfig: Applying CVar settings from Section [TextureQuality@3] File [C:/Users/Trent/Documents/Unreal Projects/evilsidescrooler/Saved/Config/Windows/Scalability.ini]
[2025.10.04-00.11.17:884][  0]LogConfig: Setting CVar [[r.Streaming.MipBias:0]]
[2025.10.04-00.11.17:884][  0]LogConfig: Setting CVar [[r.Streaming.AmortizeCPUToGPUCopy:0]]
[2025.10.04-00.11.17:884][  0]LogConfig: Setting CVar [[r.Streaming.MaxNumTexturesToStreamPerFrame:0]]
[2025.10.04-00.11.17:884][  0]LogConfig: Setting CVar [[r.Streaming.Boost:1]]
[2025.10.04-00.11.17:884][  0]LogConfig: Setting CVar [[r.MaxAnisotropy:8]]
[2025.10.04-00.11.17:884][  0]LogConfig: Setting CVar [[r.VT.MaxAnisotropy:8]]
[2025.10.04-00.11.17:884][  0]LogConfig: Setting CVar [[r.Streaming.LimitPoolSizeToVRAM:0]]
[2025.10.04-00.11.17:884][  0]LogConfig: Setting CVar [[r.Streaming.PoolSize:1000]]
[2025.10.04-00.11.17:884][  0]LogConfig: Setting CVar [[r.Streaming.MaxEffectiveScreenSize:0]]
[2025.10.04-00.11.17:884][  0]LogConfig: Applying CVar settings from Section [EffectsQuality@3] File [C:/Users/Trent/Documents/Unreal Projects/evilsidescrooler/Saved/Config/Windows/Scalability.ini]
[2025.10.04-00.11.17:884][  0]LogConfig: Setting CVar [[r.TranslucencyLightingVolumeDim:64]]
[2025.10.04-00.11.17:884][  0]LogConfig: Setting CVar [[r.RefractionQuality:2]]
[2025.10.04-00.11.17:884][  0]LogConfig: Setting CVar [[r.SSR.Quality:3]]
[2025.10.04-00.11.17:884][  0]LogConfig: Setting CVar [[r.SSR.HalfResSceneColor:0]]
[2025.10.04-00.11.17:884][  0]LogConfig: Setting CVar [[r.SceneColorFormat:4]]
[2025.10.04-00.11.17:884][  0]LogConfig: Setting CVar [[r.DetailMode:2]]
[2025.10.04-00.11.17:884][  0]LogConfig: Setting CVar [[r.TranslucencyVolumeBlur:1]]
[2025.10.04-00.11.17:884][  0]LogConfig: Setting CVar [[r.MaterialQualityLevel:1 ; High quality]]
[2025.10.04-00.11.17:884][  0]LogConfig: Setting CVar [[r.AnisotropicMaterials:1]]
[2025.10.04-00.11.17:884][  0]LogConfig: Setting CVar [[r.SSS.Scale:1]]
[2025.10.04-00.11.17:884][  0]LogConfig: Setting CVar [[r.SSS.SampleSet:2]]
[2025.10.04-00.11.17:884][  0]LogConfig: Setting CVar [[r.SSS.Quality:1]]
[2025.10.04-00.11.17:884][  0]LogConfig: Setting CVar [[r.SSS.HalfRes:0]]
[2025.10.04-00.11.17:884][  0]LogConfig: Setting CVar [[r.SSGI.Quality:3]]
[2025.10.04-00.11.17:884][  0]LogConfig: Setting CVar [[r.EmitterSpawnRateScale:1.0]]
[2025.10.04-00.11.17:884][  0]LogConfig: Setting CVar [[r.ParticleLightQuality:2]]
[2025.10.04-00.11.17:884][  0]LogConfig: Setting CVar [[r.SkyAtmosphere.AerialPerspectiveLUT.FastApplyOnOpaque:1 ; Always have FastSkyLUT 1 in this case to avoid wrong sky]]
[2025.10.04-00.11.17:884][  0]LogConfig: Setting CVar [[r.SkyAtmosphere.AerialPerspectiveLUT.SampleCountMaxPerSlice:4]]
[2025.10.04-00.11.17:884][  0]LogConfig: Setting CVar [[r.SkyAtmosphere.AerialPerspectiveLUT.DepthResolution:16.0]]
[2025.10.04-00.11.17:884][  0]LogConfig: Setting CVar [[r.SkyAtmosphere.FastSkyLUT:1]]
[2025.10.04-00.11.17:884][  0]LogConfig: Setting CVar [[r.SkyAtmosphere.FastSkyLUT.SampleCountMin:4.0]]
[2025.10.04-00.11.17:884][  0]LogConfig: Setting CVar [[r.SkyAtmosphere.FastSkyLUT.SampleCountMax:128.0]]
[2025.10.04-00.11.17:884][  0]LogConfig: Setting CVar [[r.SkyAtmosphere.SampleCountMin:4.0]]
[2025.10.04-00.11.17:884][  0]LogConfig: Setting CVar [[r.SkyAtmosphere.SampleCountMax:128.0]]
[2025.10.04-00.11.17:884][  0]LogConfig: Setting CVar [[r.SkyAtmosphere.TransmittanceLUT.UseSmallFormat:0]]
[2025.10.04-00.11.17:884][  0]LogConfig: Setting CVar [[r.SkyAtmosphere.TransmittanceLUT.SampleCount:10.0]]
[2025.10.04-00.11.17:884][  0]LogConfig: Setting CVar [[r.SkyAtmosphere.MultiScatteringLUT.SampleCount:15.0]]
[2025.10.04-00.11.17:884][  0]LogConfig: Setting CVar [[r.SkyLight.RealTimeReflectionCapture:1]]
[2025.10.04-00.11.17:884][  0]LogConfig: Applying CVar settings from Section [FoliageQuality@3] File [C:/Users/Trent/Documents/Unreal Projects/evilsidescrooler/Saved/Config/Windows/Scalability.ini]
[2025.10.04-00.11.17:884][  0]LogConfig: Setting CVar [[foliage.DensityScale:1.0]]
[2025.10.04-00.11.17:884][  0]LogConfig: Setting CVar [[grass.DensityScale:1.0]]
[2025.10.04-00.11.17:884][  0]LogConfig: Applying CVar settings from Section [ShadingQuality@3] File [C:/Users/Trent/Documents/Unreal Projects/evilsidescrooler/Saved/Config/Windows/Scalability.ini]
[2025.10.04-00.11.17:884][  0]LogConfig: Setting CVar [[r.HairStrands.SkyLighting.IntegrationType:2]]
[2025.10.04-00.11.17:884][  0]LogConfig: Setting CVar [[r.HairStrands.SkyAO.SampleCount:4]]
[2025.10.04-00.11.17:884][  0]LogConfig: Setting CVar [[r.HairStrands.Visibility.MSAA.SamplePerPixel:4]]
[2025.10.04-00.11.17:884][  0]LogConfig: Applying CVar settings from Section [Startup] File [../../../Engine/Config/ConsoleVariables.ini]
[2025.10.04-00.11.17:884][  0]LogConfig: Setting CVar [[net.UseAdaptiveNetUpdateFrequency:0]]
[2025.10.04-00.11.17:884][  0]LogConfig: Setting CVar [[p.chaos.AllowCreatePhysxBodies:1]]
[2025.10.04-00.11.17:884][  0]LogConfig: Setting CVar [[fx.SkipVectorVMBackendOptimizations:1]]
[2025.10.04-00.11.17:884][  0]LogConfig: Applying CVar settings from Section [ConsoleVariables] File [C:/Users/Trent/Documents/Unreal Projects/evilsidescrooler/Saved/Config/Windows/Engine.ini]
[2025.10.04-00.11.17:884][  0]LogConfig: Applying CVar settings from Section [ConsoleVariables] File [C:/Users/Trent/Documents/Unreal Projects/evilsidescrooler/Saved/Config/Windows/Editor.ini]
[2025.10.04-00.11.17:884][  0]LogInit: Computer: DESKTOP-D3JG689
[2025.10.04-00.11.17:884][  0]LogInit: User: Trent
[2025.10.04-00.11.17:884][  0]LogInit: CPU Page size=4096, Cores=8
[2025.10.04-00.11.17:884][  0]LogInit: High frequency timer resolution =10.000000 MHz
[2025.10.04-00.11.17:884][  0]LogMemory: Memory total: Physical=31.2GB (32GB approx)
[2025.10.04-00.11.17:884][  0]LogMemory: Platform Memory Stats for Windows
[2025.10.04-00.11.17:884][  0]LogMemory: Process Physical Memory: 148.61 MB used, 148.62 MB peak
[2025.10.04-00.11.17:884][  0]LogMemory: Process Virtual Memory: 133.40 MB used, 133.40 MB peak
[2025.10.04-00.11.17:884][  0]LogMemory: Physical Memory: 14380.69 MB used,  17527.63 MB free, 31908.32 MB total
[2025.10.04-00.11.17:884][  0]LogMemory: Virtual Memory: 134200440.00 MB used,  17291.61 MB free, 134217728.00 MB total
[2025.10.04-00.11.17:887][  0]LogWindows: WindowsPlatformFeatures enabled
[2025.10.04-00.11.17:910][  0]LogInit: Physics initialised using underlying interface: PhysX
[2025.10.04-00.11.17:910][  0]LogInit: Using OS detected language (en-US).
[2025.10.04-00.11.17:910][  0]LogInit: Using OS detected locale (en-US).
[2025.10.04-00.11.17:914][  0]LogTextLocalizationManager: No specific localization for 'en-US' exists, so the 'en' localization will be used.
[2025.10.04-00.11.18:024][  0]LogWindowsTextInputMethodSystem: Display: IME system deactivated.
[2025.10.04-00.11.18:058][  0]LogSlate: New Slate User Created.  User Index 0, Is Virtual User: 0
[2025.10.04-00.11.18:058][  0]LogSlate: Slate User Registered.  User Index 0, Is Virtual User: 0
[2025.10.04-00.11.18:075][  0]LogD3D11RHI: Loaded GFSDK_Aftermath_Lib.x64.dll
[2025.10.04-00.11.18:077][  0]LogHMD: Failed to initialize OpenVR with code 110
[2025.10.04-00.11.18:077][  0]LogD3D11RHI: D3D11 min allowed feature level: 11_0
[2025.10.04-00.11.18:077][  0]LogD3D11RHI: D3D11 max allowed feature level: 11_0
[2025.10.04-00.11.18:077][  0]LogD3D11RHI: D3D11 adapters:
[2025.10.04-00.11.18:213][  0]LogD3D11RHI:    0. 'NVIDIA GeForce RTX 4080' (Feature Level 11_0)
[2025.10.04-00.11.18:213][  0]LogD3D11RHI:       16050/0/15954 MB DedicatedVideo/DedicatedSystem/SharedSystem, Outputs:2, VendorId:0x10de
[2025.10.04-00.11.18:254][  0]LogD3D11RHI:    1. 'AMD Radeon(TM) Graphics' (Feature Level 11_0)
[2025.10.04-00.11.18:254][  0]LogD3D11RHI:       485/0/15954 MB DedicatedVideo/DedicatedSystem/SharedSystem, Outputs:0, VendorId:0x1002
[2025.10.04-00.11.18:255][  0]LogD3D11RHI:    2. 'Microsoft Basic Render Driver' (Feature Level 11_0)
[2025.10.04-00.11.18:255][  0]LogD3D11RHI:       0/0/15954 MB DedicatedVideo/DedicatedSystem/SharedSystem, Outputs:0, VendorId:0x1414
[2025.10.04-00.11.18:255][  0]LogD3D11RHI: Chosen D3D11 Adapter:
[2025.10.04-00.11.18:255][  0]LogD3D11RHI:     Description : NVIDIA GeForce RTX 4080
[2025.10.04-00.11.18:255][  0]LogD3D11RHI:     VendorId    : 10de
[2025.10.04-00.11.18:255][  0]LogD3D11RHI:     DeviceId    : 2704
[2025.10.04-00.11.18:255][  0]LogD3D11RHI:     SubSysId    : 51111462
[2025.10.04-00.11.18:255][  0]LogD3D11RHI:     Revision    : 00a1
[2025.10.04-00.11.18:255][  0]LogD3D11RHI:     DedicatedVideoMemory : 16829644800 bytes
[2025.10.04-00.11.18:255][  0]LogD3D11RHI:     DedicatedSystemMemory : 0 bytes
[2025.10.04-00.11.18:255][  0]LogD3D11RHI:     SharedSystemMemory : 16729151488 bytes
[2025.10.04-00.11.18:255][  0]LogD3D11RHI:     AdapterLuid : 0 53277
[2025.10.04-00.11.18:261][  0]LogD3D11RHI: Creating new Direct3DDevice
[2025.10.04-00.11.18:261][  0]LogD3D11RHI:     GPU DeviceId: 0x2704 (for the marketing name, search the web for "GPU Device Id")
[2025.10.04-00.11.18:261][  0]LogWindows: EnumDisplayDevices:
[2025.10.04-00.11.18:261][  0]LogWindows:    0. 'NVIDIA GeForce RTX 4080' (P:0 D:1)
[2025.10.04-00.11.18:261][  0]LogWindows:    1. 'NVIDIA GeForce RTX 4080' (P:1 D:1)
[2025.10.04-00.11.18:261][  0]LogWindows:    2. 'NVIDIA GeForce RTX 4080' (P:0 D:0)
[2025.10.04-00.11.18:261][  0]LogWindows:    3. 'NVIDIA GeForce RTX 4080' (P:0 D:0)
[2025.10.04-00.11.18:261][  0]LogWindows:    4. 'AMD Radeon(TM) Graphics' (P:0 D:0)
[2025.10.04-00.11.18:261][  0]LogWindows:    5. 'AMD Radeon(TM) Graphics' (P:0 D:0)
[2025.10.04-00.11.18:261][  0]LogWindows:    6. 'AMD Radeon(TM) Graphics' (P:0 D:0)
[2025.10.04-00.11.18:262][  0]LogWindows:    7. 'AMD Radeon(TM) Graphics' (P:0 D:0)
[2025.10.04-00.11.18:262][  0]LogWindows:    8. 'AMD Radeon(TM) Graphics' (P:0 D:0)
[2025.10.04-00.11.18:262][  0]LogWindows: DebugString: PrimaryIsNotTheChoosenAdapter PrimaryIsNotTheChoosenAdapter PrimaryIsNotTheChoosenAdapter PrimaryIsNotTheChoosenAdapter PrimaryIsNotTheChoosenAdapter FoundDriverCount:4 
[2025.10.04-00.11.18:262][  0]LogD3D11RHI:     Adapter Name: NVIDIA GeForce RTX 4080
[2025.10.04-00.11.18:262][  0]LogD3D11RHI:   Driver Version: 581.29 (internal:32.0.15.8129, unified:581.29)
[2025.10.04-00.11.18:262][  0]LogD3D11RHI:      Driver Date: 9-5-2025
[2025.10.04-00.11.18:262][  0]LogRHI: Texture pool is 11235 MB (70% of 16050 MB)
[2025.10.04-00.11.18:262][  0]LogD3D11RHI: Creating D3DDevice using adapter:
[2025.10.04-00.11.18:262][  0]LogD3D11RHI:     Description : NVIDIA GeForce RTX 4080
[2025.10.04-00.11.18:262][  0]LogD3D11RHI:     VendorId    : 10de
[2025.10.04-00.11.18:262][  0]LogD3D11RHI:     DeviceId    : 2704
[2025.10.04-00.11.18:262][  0]LogD3D11RHI:     SubSysId    : 51111462
[2025.10.04-00.11.18:262][  0]LogD3D11RHI:     Revision    : 00a1
[2025.10.04-00.11.18:262][  0]LogD3D11RHI:     DedicatedVideoMemory : 16829644800 bytes
[2025.10.04-00.11.18:262][  0]LogD3D11RHI:     DedicatedSystemMemory : 0 bytes
[2025.10.04-00.11.18:262][  0]LogD3D11RHI:     SharedSystemMemory : 16729151488 bytes
[2025.10.04-00.11.18:262][  0]LogD3D11RHI:     AdapterLuid : 0 53277
[2025.10.04-00.11.18:350][  0]LogD3D11RHI: RHI has support for 64 bit atomics
[2025.10.04-00.11.18:351][  0]LogD3D11RHI: Async texture creation enabled
[2025.10.04-00.11.18:351][  0]LogD3D11RHI: Array index from any shader is supported
[2025.10.04-00.11.18:352][  0]LogD3D11RHI: HDR output is supported on display 0 (NvId: 0x80061080).
[2025.10.04-00.11.18:363][  0]LogD3D11RHI: GPU Timing Frequency: 1000.000000 (Debug: 2 1)
[2025.10.04-00.11.18:378][  0]LogRHI: GeForceNow SDK initialized: 1
[2025.10.04-00.11.18:548][  0]LogTargetPlatformManager: Display: Loaded TargetPlatform 'WindowsNoEditor'
[2025.10.04-00.11.18:551][  0]LogTargetPlatformManager: Display: Loaded TargetPlatform 'Windows'
[2025.10.04-00.11.18:553][  0]LogTargetPlatformManager: Display: Loaded TargetPlatform 'WindowsClient'
[2025.10.04-00.11.18:555][  0]LogTargetPlatformManager: Display: Loaded TargetPlatform 'WindowsServer'
[2025.10.04-00.11.18:555][  0]LogTargetPlatformManager: Display: Building Assets For Windows
[2025.10.04-00.11.18:559][  0]LogAudioDebug: Display: Lib vorbis DLL was dynamically loaded.
[2025.10.04-00.11.18:576][  0]LogTextureFormatOodle: Display: Oodle Texture 2.9.0 init RDO Off
[2025.10.04-00.11.18:593][  0]LogRendererCore: Ray tracing is disabled. Reason: r.RayTracing=0.
[2025.10.04-00.11.18:593][  0]LogShaderCompilers: Guid format shader working directory is -27 characters bigger than the processId version (../../../../../../Users/Trent/Documents/Unreal Projects/evilsidescrooler/Intermediate/Shaders/WorkingDirectory/14880/).
[2025.10.04-00.11.18:593][  0]LogShaderCompilers: Cleaned the shader compiler working directory 'C:/Users/Trent/AppData/Local/Temp/UnrealShaderWorkingDir/2C392D6D497C3E7EB44714B9762628A1/'.
[2025.10.04-00.11.18:593][  0]LogXGEController: Cannot use XGE Controller as Incredibuild is not installed on this machine.
[2025.10.04-00.11.18:593][  0]LogShaderCompilers: Cannot use XGE Shader Compiler as Incredibuild is not installed on this machine.
[2025.10.04-00.11.18:593][  0]LogShaderCompilers: Display: Using Local Shader Compiler.
[2025.10.04-00.11.19:074][  0]LogDerivedDataCache: Display: Max Cache Size: 512 MB
[2025.10.04-00.11.19:102][  0]LogDerivedDataCache: Loaded boot cache 0.03s 94MB C:/Users/Trent/AppData/Local/UnrealEngine/4.27/DerivedDataCache/Boot.ddc.
[2025.10.04-00.11.19:102][  0]LogDerivedDataCache: Display: Loaded Boot cache: C:/Users/Trent/AppData/Local/UnrealEngine/4.27/DerivedDataCache/Boot.ddc
[2025.10.04-00.11.19:102][  0]LogDerivedDataCache: FDerivedDataBackendGraph:  Pak pak cache file ../../../../../../Users/Trent/Documents/Unreal Projects/evilsidescrooler/DerivedDataCache/DDC.ddp not found, will not use a pak cache.
[2025.10.04-00.11.19:102][  0]LogDerivedDataCache: Unable to find inner node Pak for hierarchical cache Hierarchy.
[2025.10.04-00.11.19:103][  0]LogDerivedDataCache: FDerivedDataBackendGraph:  CompressedPak pak cache file ../../../../../../Users/Trent/Documents/Unreal Projects/evilsidescrooler/DerivedDataCache/Compressed.ddp not found, will not use a pak cache.
[2025.10.04-00.11.19:103][  0]LogDerivedDataCache: Unable to find inner node CompressedPak for hierarchical cache Hierarchy.
[2025.10.04-00.11.19:115][  0]LogDerivedDataCache: Display: Pak cache opened for reading ../../../Engine/DerivedDataCache/Compressed.ddp.
[2025.10.04-00.11.19:115][  0]LogDerivedDataCache: FDerivedDataBackendGraph:  EnterprisePak pak cache file ../../../Enterprise/DerivedDataCache/Compressed.ddp not found, will not use a pak cache.
[2025.10.04-00.11.19:115][  0]LogDerivedDataCache: Unable to find inner node EnterprisePak for hierarchical cache Hierarchy.
[2025.10.04-00.11.19:128][  0]LogDerivedDataCache: Speed tests for C:/Users/Trent/AppData/Local/UnrealEngine/Common/DerivedDataCache took 0.01 seconds
[2025.10.04-00.11.19:128][  0]LogDerivedDataCache: Display: Performance to C:/Users/Trent/AppData/Local/UnrealEngine/Common/DerivedDataCache: Latency=0.02ms. RandomReadSpeed=1469.40MBs, RandomWriteSpeed=82.89MBs. Assigned SpeedClass 'Local'
[2025.10.04-00.11.19:128][  0]LogDerivedDataCache: Using Local data cache path C:/Users/Trent/AppData/Local/UnrealEngine/Common/DerivedDataCache: Writable
[2025.10.04-00.11.19:128][  0]LogDerivedDataCache: Shared data cache path not found in *engine.ini, will not use an Shared cache.
[2025.10.04-00.11.19:128][  0]LogDerivedDataCache: Unable to find inner node Shared for hierarchical cache Hierarchy.
[2025.10.04-00.11.19:150][  0]LogSlate: Using FreeType 2.10.0
[2025.10.04-00.11.19:150][  0]LogSlate: SlateFontServices - WITH_FREETYPE: 1, WITH_HARFBUZZ: 1
[2025.10.04-00.11.19:196][  0]LogInit: Using OS detected language (en-US).
[2025.10.04-00.11.19:196][  0]LogInit: Using OS detected locale (en-US).
[2025.10.04-00.11.19:196][  0]LogTextLocalizationManager: No localization for 'en-US' exists, so 'en' will be used for the language.
[2025.10.04-00.11.19:196][  0]LogTextLocalizationManager: No localization for 'en-US' exists, so 'en' will be used for the locale.
[2025.10.04-00.11.19:196][  0]LogSlate: FontCache flush requested. Reason: Culture for localization was changed
[2025.10.04-00.11.19:196][  0]LogSlate: FontCache flush requested. Reason: Culture for localization was changed
[2025.10.04-00.11.19:198][  0]LogTextLocalizationManager: Compacting localization data took   0.00ms
[2025.10.04-00.11.19:198][  0]LogAssetRegistry: FAssetRegistry took 0.0012 seconds to start up
[2025.10.04-00.11.19:295][  0]LogPackageLocalizationCache: Processed 28 localized package path(s) for 1 prioritized culture(s) in 0.000624 seconds
[2025.10.04-00.11.19:335][  0]LogInit: Selected Device Profile: [Windows]
[2025.10.04-00.11.19:335][  0]LogInit: Active device profile: [00000282A2623500][000002829FEBA280 49] Windows
[2025.10.04-00.11.19:335][  0]LogInit: Profiles: [00000282A2623500][000002829FEBA280 49] Windows, [00000282A25CCD00][000002829FEC2400 49] WindowsNoEditor, [00000282A2620D00][000002829FEC6580 49] WindowsServer, [00000282A25CEC00][000002829FECA700 49] WindowsClient, [00000282A2622B00][000002829FECE880 49] IOS, [00000282A25CD700][000002829FED2A00 49] iPadAir, [00000282A2621600][000002829FED6B80 49] iPadAir2, [00000282A258BA00][000002829FEDEE40 49] IPadPro, [00000282A258BB00][000002829FEDAE80 49] iPadAir3, [00000282A2622400][000002829FEE3000 49] iPadAir4, [00000282A2589200][000002829FEE7180 49] iPadMini2, [00000282A2623C00][00000282A4DF3300 49] iPadMini3, [00000282A258A600][00000282A4DF7480 49] iPadMini4, [00000282A2620200][00000282A4DFB600 49] iPadMini5, [00000282A25CB300][00000282A4E038C0 49] iPhone6, [00000282A25CB400][00000282A4DFF900 49] iPodTouch6, [00000282A2588300][00000282A4E07B40 49] iPhone7, [00000282A2588200][000002829FEBFB80 49] iPodTouch7, [00000282A25C9100][00000282A4E0A140 49] iPhone5S, [00000282A2589B00][00000282A4E122C0 49] iPhone6Plus, [00000282A25CA700][00000282A4E16440 49] iPhone6S, [00000282A258BF00][00000282A4E1A5C0 49] iPhone6SPlus, [00000282A25CBA00][00000282A4E1E740 49] iPhone7Plus, [00000282A2589700][00000282A4E228C0 49] iPhoneSE, [00000282A25C8900][00000282A4E26A40 49] iPhone8, [00000282A258AA00][00000282A4E2ABC0 49] iPhone8Plus, [00000282A25CB100][00000282A4E2ED40 49] iPhoneX, [00000282A258A300][00000282A4E32EC0 49] iPhoneXS, [00000282A25CBD00][00000282A4E37040 49] iPhoneXSMax, [00000282A2589800][00000282A4E3B1C0 49] iPhoneXR, [00000282A25C8F00][00000282A4E3F340 49] iPhone11, [00000282A2589400][00000282A4E434C0 49] iPhone11Pro, [00000282A25C8C00][00000282A4E47640 49] iPhone11ProMax, [00000282A2589D00][00000282A4E4B7C0 49] iPhoneSE2, [00000282A25CA500][00000282A4E4F940 49] iPhone12Mini, [00000282A2588E00][00000282A4E53AC0 49] iPhone12, [00000282A25CAB00][00000282A4E0FC00 49] iPhone12Pro, [00000282A2588500][00000282A4E561C0 49] iPhone12ProMax, [00000282A25C8D00][00000282A4E5A300 49] iPadPro105, [00000282A2589900][00000282A4E62480 49] iPadPro129, [00000282A25CB000][00000282A4E66600 49] iPadPro97, [00000282A258A200][00000282A4E6A780 49] iPadPro2_129, [00000282A25C9900][00000282A4E6E900 49] iPad5, [00000282A2588100][00000282A4E72A80 49] iPad6, [00000282A25C9300][00000282A4E76C00 49] iPad7, [00000282A2589A00][00000282A4E7AD80 49] iPad8, [00000282A25CA100][00000282A4E7EF00 49] iPadPro11, [00000282A258BC00][00000282A4E83080 49] iPadPro2_11, [00000282A25C9F00][00000282A4E87200 49] iPadPro3_129, [00000282A258B800][00000282A4E8B380 49] iPadPro4_129, [00000282A25C8100][00000282A4E8F500 49] AppleTV, [00000282A258B000][00000282A4E93680 49] AppleTV4K, [00000282A25C9600][00000282A4E97800 49] TVOS, [00000282A258A900][00000282A4E9B980 49] Mac, [00000282A25CB700][00000282A4E9FB00 49] MacClient, [00000282A2589E00][00000282A4EA2100 49] MacNoEditor, [00000282A25CBB00][00000282A4E5E240 49] MacServer, [00000282A258B200][00000282A4EA6380 49] Linux, [00000282A25C8A00][00000282A4EAA4C0 49] LinuxAArch64, [00000282A258B100][00000282A4EB2640 49] LinuxNoEditor, [00000282A2669700][00000282A4EB67C0 49] LinuxAArch64NoEditor, [00000282A25CD100][00000282A4EBA940 49] LinuxClient, [00000282A2669F00][00000282A4EBEAC0 49] LinuxAArch64Client, [00000282A25CDC00][00000282A4EC2C40 49] LinuxServer, [00000282A2668E00][00000282A4EC6DC0 49] LinuxAArch64Server, [00000282A25CE400][00000282A4ECAF40 49] Android, [00000282A2668300][00000282A4ECF0C0 49] Android_Low, [00000282A25CD600][00000282A4ED3240 49] Android_Mid, [00000282A2668700][00000282A4ED73C0 49] Android_High, [00000282A25CF400][00000282A4EDB540 49] Android_Default, [00000282A266A100][00000282A4EDF6C0 49] Android_Adreno4xx, [00000282A25CC300][00000282A4EE3840 49] Android_Adreno5xx_Low, [00000282A2668100][00000282A4EE79C0 49] Android_Adreno5xx, [00000282A25CE800][00000282A4EEBB40 49] Android_Adreno6xx, [00000282A266A200][00000282A4EEE140 49] Android_Adreno6xx_Vulkan, [00000282A25CDD00][00000282A4EF22C0 49] Android_Mali_T6xx, [00000282A258A400][00000282A4EAE400 49] Android_Mali_T7xx, [00000282A25CB200][00000282A4EF6540 49] Android_Mali_T8xx, [00000282A2589100][00000282A4EFA680 49] Android_Mali_G71, [00000282A25C8B00][00000282A4EFE7C0 49] Android_Mali_G72, [00000282A2588400][00000282A4F06940 49] Android_Mali_G72_Vulkan, [00000282A25CA600][00000282A4F0AAC0 49] Android_Mali_G76, [00000282A25CF100][00000282A4F0EC40 49] Android_Mali_G76_Vulkan, [00000282A25C9E00][00000282A4F12DC0 49] Android_Mali_G77, [00000282A258B500][00000282A4F16F40 49] Android_Mali_G77_Vulkan, [00000282A266A000][00000282A4F1B0C0 49] Android_Mali_G78, [00000282A258B400][00000282A4F1F240 49] Android_Mali_G78_Vulkan, [00000282A2668400][00000282A4F233C0 49] Android_Mali_G710, [00000282A258B600][00000282A4F27540 49] Android_Mali_G710_Vulkan, [00000282A2669C00][00000282A4F2B6C0 49] Android_Vulkan_SM5, [00000282A2588600][00000282A4F2F840 49] Android_PowerVR_G6xxx, [00000282A2668D00][00000282A4F339C0 49] Android_PowerVR_GT7xxx, [00000282A258AD00][00000282A4F37B40 49] Android_PowerVR_GE8xxx, [00000282A2669300][00000282A4F3A140 49] Android_PowerVR_GM9xxx, [00000282A258B900][00000282A4F3E2C0 49] Android_PowerVR_GM9xxx_Vulkan, [00000282A2668C00][00000282A4F42440 49] Android_TegraK1, [00000282A2589C00][00000282A4F02580 49] Android_Unknown_Vulkan, [00000282A2668600][00000282A4F466C0 49] Lumin, [00000282A258AF00][00000282A4F4A800 49] Lumin_Desktop, [00000282A2668B00][00000282A4F4E940 49] HoloLens, 
[2025.10.04-00.11.19:358][  0]LogMeshReduction: Using QuadricMeshReduction for automatic static mesh reduction
[2025.10.04-00.11.19:358][  0]LogMeshReduction: Using SimplygonMeshReduction for automatic skeletal mesh reduction
[2025.10.04-00.11.19:358][  0]LogMeshReduction: Using ProxyLODMeshReduction for automatic mesh merging
[2025.10.04-00.11.19:358][  0]LogMeshReduction: No distributed automatic mesh merging module available
[2025.10.04-00.11.19:358][  0]LogMeshMerging: No distributed automatic mesh merging module available
[2025.10.04-00.11.19:427][  0]LogNetVersion: evilsidescrooler 1.0.0, NetCL: 17155196, EngineNetVer: 17, GameNetVer: 0 (Checksum: 1004178458)
[2025.10.04-00.11.19:561][  0]LogTexture: Default maximum texture size for cubemaps generated from long-lat sources has been changed from 512 to unlimited. In order to preserve old behaiour for '/Engine/MapTemplates/Sky/DaylightAmbientCubemap.DaylightAmbientCubemap', its maximum texture size has been explicitly set to 512.
[2025.10.04-00.11.19:590][  0]LogHMD: PokeAHoleMaterial loaded successfully
[2025.10.04-00.11.19:645][  0]LogMoviePlayer: Initializing movie player
[2025.10.04-00.11.19:727][  0]LogNiagaraDebuggerClient: Niagara Debugger Client Initialized | Session: 90663D3B4C0DA288F75385B313BA6B93 | Instance: 83CD004B470B33187C44368AA7D1EA27 (DESKTOP-D3JG689-14880).
[2025.10.04-00.11.19:739][  0]LogCollectionManager: Loaded 0 collections in 0.001077 seconds
[2025.10.04-00.11.19:740][  0]LogFileCache: Scanning file cache for directory 'C:/Users/Trent/Documents/Unreal Projects/evilsidescrooler/Saved/Collections/' took 0.00s
[2025.10.04-00.11.19:740][  0]LogFileCache: Scanning file cache for directory 'C:/Users/Trent/Documents/Unreal Projects/evilsidescrooler/Content/Developers/Trent/Collections/' took 0.00s
[2025.10.04-00.11.19:740][  0]LogFileCache: Scanning file cache for directory 'C:/Users/Trent/Documents/Unreal Projects/evilsidescrooler/Content/Collections/' took 0.00s
[2025.10.04-00.11.19:740][  0]LogCollectionManager: Fixed up redirectors for 0 collections in 0.000001 seconds (updated 0 objects)
[2025.10.04-00.11.19:792][  0]LogPython: Using Python 3.7.7
[2025.10.04-00.11.20:039][  0]LogTcpMessaging: Initializing TcpMessaging bridge
[2025.10.04-00.11.20:042][  0]LogUdpMessaging: Initializing bridge on interface 0.0.0.0:0 to multicast group 230.0.0.1:6666.
[2025.10.04-00.11.20:094][  0]SourceControl: Source control is disabled
[2025.10.04-00.11.20:094][  0]SourceControl: Source control is disabled
[2025.10.04-00.11.20:096][  0]SourceControl: Source control is disabled
[2025.10.04-00.11.20:099][  0]LogUProjectInfo: Found projects:
[2025.10.04-00.11.20:102][  0]LogVSAccessor: Display: Unable to create Visual Studio setup instance: 80040154
[2025.10.04-00.11.20:103][  0]LogVSAccessor: Display: Unable to create Visual Studio setup instance: 80040154
[2025.10.04-00.11.20:103][  0]LogVSAccessor: Display: Unable to create Visual Studio setup instance: 80040154
[2025.10.04-00.11.20:152][  0]LogOpenImageDenoise: OIDN starting up
[2025.10.04-00.11.20:159][  0]LogAndroidPermission: UAndroidPermissionCallbackProxy::GetInstance
[2025.10.04-00.11.20:171][  0]LogAudioCaptureCore: Display: No Audio Capture implementations found. Audio input will be silent.
[2025.10.04-00.11.20:171][  0]LogAudioCaptureCore: Display: No Audio Capture implementations found. Audio input will be silent.
[2025.10.04-00.11.20:205][  0]LogOcInput: OculusInput pre-init called
[2025.10.04-00.11.20:211][  0]LogUObjectArray: 22325 objects as part of root set at end of initial load.
[2025.10.04-00.11.20:211][  0]LogUObjectAllocator: 6053024 out of 0 bytes used by permanent object pool.
[2025.10.04-00.11.20:211][  0]LogUObjectArray: CloseDisregardForGC: 0/0 objects in disregard for GC pool
[2025.10.04-00.11.20:240][  0]LogEngine: Initializing Engine...
[2025.10.04-00.11.20:241][  0]LogHMD: Failed to enumerate extensions. Please check that you have a valid OpenXR runtime installed.
[2025.10.04-00.11.20:241][  0]LogHMD: Failed to initialize OpenVR with code 110
[2025.10.04-00.11.20:241][  0]LogMagicLeap: Warning: VR disabled because ZI is not enabled.  To enable, in the editor, Edit -> Project Settings -> Plugins -> Magic Leap Plugin -> Enable Zero Iteration
[2025.10.04-00.11.20:242][  0]LogStats: UGameplayTagsManager::InitializeManager -  0.000 s
[2025.10.04-00.11.20:289][  0]LogInit: Initializing FReadOnlyCVARCache
[2025.10.04-00.11.20:289][  0]LogAudio: Display: Initializing Audio Device Manager...
[2025.10.04-00.11.20:291][  0]LogAudio: Display: Loading Default Audio Settings Objects...
[2025.10.04-00.11.20:291][  0]LogAudio: Display: No default SoundConcurrencyObject specified (or failed to load).
[2025.10.04-00.11.20:291][  0]LogAudio: Display: Audio Device Manager Initialized
[2025.10.04-00.11.20:291][  0]LogAudio: Display: Creating Audio Device:                 Id: 1, Scope: Shared, Realtime: True
[2025.10.04-00.11.20:291][  0]LogAudioMixer: Display: Audio Mixer Platform Settings:
[2025.10.04-00.11.20:291][  0]LogAudioMixer: Display: 	Sample Rate:						  48000
[2025.10.04-00.11.20:291][  0]LogAudioMixer: Display: 	Callback Buffer Frame Size Requested: 1024
[2025.10.04-00.11.20:291][  0]LogAudioMixer: Display: 	Callback Buffer Frame Size To Use:	  1024
[2025.10.04-00.11.20:291][  0]LogAudioMixer: Display: 	Number of buffers to queue:			  2
[2025.10.04-00.11.20:291][  0]LogAudioMixer: Display: 	Max Channels (voices):				  32
[2025.10.04-00.11.20:291][  0]LogAudioMixer: Display: 	Number of Async Source Workers:		  0
[2025.10.04-00.11.20:291][  0]LogAudio: Display: AudioDevice MaxSources: 32
[2025.10.04-00.11.20:292][  0]LogAudio: Display: Audio Spatialization Plugin: None (built-in).
[2025.10.04-00.11.20:292][  0]LogAudio: Display: Audio Reverb Plugin: None (built-in).
[2025.10.04-00.11.20:292][  0]LogAudio: Display: Audio Occlusion Plugin: None (built-in).
[2025.10.04-00.11.20:292][  0]LogAudioMixer: Display: Initializing audio mixer.
[2025.10.04-00.11.20:300][  0]LogAudioMixer: Display: 0: FrontLeft
[2025.10.04-00.11.20:300][  0]LogAudioMixer: Display: 1: FrontRight
[2025.10.04-00.11.20:308][  0]LogAudioMixer: Display: Using Audio Device Headphones (ROG CETRA TRUE WIRELESS SPEEDNOVA)
[2025.10.04-00.11.20:309][  0]LogAudioMixer: Display: Initializing Sound Submixes...
[2025.10.04-00.11.20:310][  0]LogAudioMixer: Display: Creating Master Submix 'MasterSubmixDefault'
[2025.10.04-00.11.20:310][  0]LogAudioMixer: Display: Creating Master Submix 'MasterReverbSubmixDefault'
[2025.10.04-00.11.20:311][  0]LogAudioMixer: Display: Creating Master Submix 'MasterEQSubmixDefault'
[2025.10.04-00.11.20:311][  0]LogAudioMixer: FMixerPlatformXAudio2::StartAudioStream() called
[2025.10.04-00.11.20:311][  0]LogAudioMixer: Display: Output buffers initialized: Frames=1024, Channels=2, Samples=2048
[2025.10.04-00.11.20:312][  0]LogAudioMixer: Display: Starting AudioMixerPlatformInterface::RunInternal()
[2025.10.04-00.11.20:312][  0]LogAudioMixer: Display: FMixerPlatformXAudio2::SubmitBuffer() called for the first time
[2025.10.04-00.11.20:312][  0]LogInit: FAudioDevice initialized.
[2025.10.04-00.11.20:312][  0]LogNetVersion: Set ProjectVersion to 1.0.0.0. Version Checksum will be recalculated on next use.
[2025.10.04-00.11.20:312][  0]LogInit: Texture streaming: Enabled
[2025.10.04-00.11.20:353][  0]LogAudio: Display: Audio Device (ID: 1) registered with world 'Untitled'.
[2025.10.04-00.11.20:353][  0]LogSlate: Updating window title bar state: overlay mode, drag disabled, window buttons hidden, title bar hidden
[2025.10.04-00.11.20:353][  0]LogInit: Display: Game Engine Initialized.
[2025.10.04-00.11.20:353][  0]LogNiagaraEditor: GEditor isn't valid! Particle reset commands will not work for Niagara components!
[2025.10.04-00.11.20:420][  0]LogInit: Display: Starting Game.
[2025.10.04-00.11.20:420][  0]LogNet: Browse: /Game/2DSideScrollerBP/Maps/world1?Name=Player
[2025.10.04-00.11.20:420][  0]LogLoad: LoadMap: /Game/2DSideScrollerBP/Maps/world1?Name=Player
[2025.10.04-00.11.20:420][  0]LogWorld: BeginTearingDown for /Temp/Untitled_0
[2025.10.04-00.11.20:421][  0]LogWorld: UWorld::CleanupWorld for Untitled, bSessionEnded=true, bCleanupResources=true
[2025.10.04-00.11.20:421][  0]LogSlate: InvalidateAllWidgets triggered.  All widgets were invalidated
[2025.10.04-00.11.20:436][  0]LogAudio: Display: Audio Device unregistered from world 'None'.
[2025.10.04-00.11.20:437][  0]LogUObjectHash: Compacting FUObjectHashTables data took   0.56ms
[2025.10.04-00.11.20:491][  0]LogAudio: Display: Audio Device (ID: 1) registered with world 'world1'.
[2025.10.04-00.11.20:495][  0]LogAIModule: Creating AISystem for world world1
[2025.10.04-00.11.20:495][  0]LogLoad: Game class is '2DSideScrollerGameMode_C'
[2025.10.04-00.11.20:497][  0]LogWorld: Bringing World /Game/2DSideScrollerBP/Maps/world1.world1 up for play (max tick rate 0) at 2025.10.03-20.11.20
[2025.10.04-00.11.20:497][  0]LogWorld: Bringing up level for play took: 0.001628
[2025.10.04-00.11.20:498][  0]LogTemp: Warning: No animation class defined on 'PaperZDAnimation', cannot create instance.
[2025.10.04-00.11.20:498][  0]LogLoad: Took 0.077679 seconds to LoadMap(/Game/2DSideScrollerBP/Maps/world1)
[2025.10.04-00.11.20:572][  0]LogSlate: Took 0.000127 seconds to synchronously load lazily loaded font '../../../Engine/Content/Slate/Fonts/Roboto-Regular.ttf' (155K)
[2025.10.04-00.11.20:606][  0]LogRenderer: Reallocating scene render targets to support 1280x720 Format 10 NumSamples 1 (Frame:1).
[2025.10.04-00.11.20:606][  0]LogInit: Display: Engine is initialized. Leaving FEngineLoop::Init()
[2025.10.04-00.11.20:606][  0]LogLoad: (Engine Initialization) Total time: 3.43 seconds
[2025.10.04-00.11.20:606][  0]LogLoad: (Engine Initialization) Total Blueprint compile time: 0.00 seconds
[2025.10.04-00.11.20:608][  0]LogContentStreaming: Texture pool size now 1000 MB
[2025.10.04-00.11.20:609][  0]LogSlate: InvalidateAllWidgets triggered.  All widgets were invalidated
[2025.10.04-00.11.20:620][  1]LogSlate: Took 0.000061 seconds to synchronously load lazily loaded font '../../../Engine/Content/Slate/Fonts/Roboto-Regular.ttf' (155K)
[2025.10.04-00.11.35:578][286]LogWindowsDesktop: Alt-F4 pressed!
[2025.10.04-00.11.35:581][286]LogSlate: Window 'evilsidescrooler (64-bit Development PCD3D_SM5) ' being destroyed
[2025.10.04-00.11.35:582][286]LogWindowsTextInputMethodSystem: Display: IME system deactivated.
[2025.10.04-00.11.35:585][286]LogSlate: Updating window title bar state: overlay mode, drag disabled, window buttons hidden, title bar hidden
[2025.10.04-00.11.35:585][286]LogEngine: All Windows Closed
[2025.10.04-00.11.35:585][286]LogWindows: FPlatformMisc::RequestExit(0)
[2025.10.04-00.11.35:585][286]LogWindows: FPlatformMisc::RequestExitWithStatus(0, 0)
[2025.10.04-00.11.35:585][286]LogCore: Engine exit requested (reason: Win RequestExit)
[2025.10.04-00.11.35:585][287]LogCore: Engine exit requested (reason: EngineExit() was called; note: exit was already requested)
[2025.10.04-00.11.35:586][287]LogInit: Display: PreExit Game.
[2025.10.04-00.11.35:594][287]LogWorld: BeginTearingDown for /Game/2DSideScrollerBP/Maps/world1
[2025.10.04-00.11.35:594][287]LogWorld: UWorld::CleanupWorld for world1, bSessionEnded=true, bCleanupResources=true
[2025.10.04-00.11.35:594][287]LogSlate: InvalidateAllWidgets triggered.  All widgets were invalidated
[2025.10.04-00.11.36:250][287]LogAudio: Display: Beginning Audio Device Manager Shutdown (Module: AudioMixerXAudio2)...
[2025.10.04-00.11.36:250][287]LogAudio: Display: Destroying 1 Remaining Audio Device(s)...
[2025.10.04-00.11.36:250][287]LogAudio: Display: Audio Device unregistered from world 'world1'.
[2025.10.04-00.11.36:284][287]LogAudioMixer: FMixerPlatformXAudio2::StopAudioStream() called
[2025.10.04-00.11.36:284][287]LogAudioMixer: FMixerPlatformXAudio2::StopAudioStream() called
[2025.10.04-00.11.36:286][287]LogAudio: Display: Audio Device Manager Shutdown
[2025.10.04-00.11.36:288][287]LogExit: Preparing to exit.
